This is pdfTeX, Version 3.14159265-2.6-1.40.19 (MiKTeX 2.9.6800 64-bit) (preloaded format=pdflatex 2018.8.30)  20 FEB 2019 10:24
entering extended mode
**./000-TaxHeaven.tex
(000-TaxHeaven.tex
LaTeX2e <2018-04-01> patch level 5

(C:\Users\sjstr\AppData\Roaming\MiKTeX\2.9\tex\latex\tufte-latex\tufte-handout.
cls
Document Class: tufte-handout 2015/06/21 v3.5.2 Tufte-handout class

(C:\Users\sjstr\AppData\Roaming\MiKTeX\2.9\tex\latex\tufte-latex\tufte-common.d
ef
File: tufte-common.def 2015/06/21 v3.5.2 Common code for the Tufte-LaTeX styles

("C:\Program Files\MiKTeX 2.9\tex\latex\xkeyval\xkeyval.sty"
Package: xkeyval 2014/12/03 v2.7a package option processing (HA)
("C:\Program Files\MiKTeX 2.9\tex\generic\xkeyval\xkeyval.tex" ("C:\Program Fil
es\MiKTeX 2.9\tex\generic\xkeyval\xkvutils.tex"
\XKV@toks=\toks14
\XKV@tempa@toks=\toks15
("C:\Program Files\MiKTeX 2.9\tex\generic\xkeyval\keyval.tex"))
\XKV@depth=\count80
File: xkeyval.tex 2014/12/03 v2.7a key=value parser (HA)
)) (C:\Users\sjstr\AppData\Roaming\MiKTeX\2.9\tex\latex\xifthen\xifthen.sty
Package: xifthen 2015/11/05 v1.4.0 Extended ifthen features
("C:\Program Files\MiKTeX 2.9\tex\latex\tools\calc.sty"
Package: calc 2017/05/25 v4.3 Infix arithmetic (KKT,FJ)
\calc@Acount=\count81
\calc@Bcount=\count82
\calc@Adimen=\dimen102
\calc@Bdimen=\dimen103
\calc@Askip=\skip41
\calc@Bskip=\skip42
LaTeX Info: Redefining \setlength on input line 80.
LaTeX Info: Redefining \addtolength on input line 81.
\calc@Ccount=\count83
\calc@Cskip=\skip43
) ("C:\Program Files\MiKTeX 2.9\tex\latex\base\ifthen.sty"
Package: ifthen 2014/09/29 v1.1c Standard LaTeX ifthen package (DPC)
) (C:\Users\sjstr\AppData\Roaming\MiKTeX\2.9\tex\latex\ifmtarg\ifmtarg.sty
Package: ifmtarg 2018/04/16 v1.2b check for an empty argument
)) (C:\Users\sjstr\AppData\Roaming\MiKTeX\2.9\tex\latex\hardwrap\hardwrap.sty
Package: hardwrap 2011/02/12 v0.2 Hard wrap messages
(C:\Users\sjstr\AppData\Roaming\MiKTeX\2.9\tex\latex\ifplatform\ifplatform.sty
Package: ifplatform 2017/10/13 v0.4a Testing for the operating system
("C:\Program Files\MiKTeX 2.9\tex\latex\tools\shellesc.sty"
Package: shellesc 2016/06/07 v0.02a unified shell escape interface for LaTeX
Package shellesc Info: Restricted shell escape enabled on input line 69.
) ("C:\Program Files\MiKTeX 2.9\tex\generic\oberdiek\pdftexcmds.sty"
Package: pdftexcmds 2018/01/30 v0.27 Utility functions of pdfTeX for LuaTeX (HO
)
("C:\Program Files\MiKTeX 2.9\tex\generic\oberdiek\infwarerr.sty"
Package: infwarerr 2016/05/16 v1.4 Providing info/warning/error messages (HO)
) ("C:\Program Files\MiKTeX 2.9\tex\generic\oberdiek\ifluatex.sty"
Package: ifluatex 2016/05/16 v1.4 Provides the ifluatex switch (HO)
Package ifluatex Info: LuaTeX not detected.
) ("C:\Program Files\MiKTeX 2.9\tex\generic\oberdiek\ltxcmds.sty"
Package: ltxcmds 2016/05/16 v1.23 LaTeX kernel commands for general use (HO)
) ("C:\Program Files\MiKTeX 2.9\tex\generic\oberdiek\ifpdf.sty"
Package: ifpdf 2017/03/15 v3.2 Provides the ifpdf switch
)
Package pdftexcmds Info: LuaTeX not detected.
Package pdftexcmds Info: \pdf@primitive is available.
Package pdftexcmds Info: \pdf@ifprimitive is available.
Package pdftexcmds Info: \pdfdraftmode found.
) ("C:\Program Files\MiKTeX 2.9\tex\generic\oberdiek\catchfile.sty"
Package: catchfile 2016/05/16 v1.7 Catch the contents of a file (HO)
("C:\Program Files\MiKTeX 2.9\tex\generic\oberdiek\etexcmds.sty"
Package: etexcmds 2016/05/16 v1.6 Avoid name clashes with e-TeX commands (HO)
Package etexcmds Info: Could not find \expanded.
(etexcmds)             That can mean that you are not using pdfTeX 1.50 or
(etexcmds)             that some package has redefined \expanded.
(etexcmds)             In the latter case, load this package earlier.
))

Package ifplatform Warning: 
    shell escape is disabled, so I can only detect \ifwindows.

) ("C:\Program Files\MiKTeX 2.9\tex\generic\ifxetex\ifxetex.sty"
Package: ifxetex 2010/09/12 v0.6 Provides ifxetex conditional
)
\hw@charcount=\count84
\hw@wordcount=\count85
\hw@maxprintline=\count86
)
Class tufte-handout Info: Loading the base class `article'
("C:\Program Files\MiKTeX 2.9\tex\latex\base\article.cls"
Document Class: article 2014/09/29 v1.4h Standard LaTeX document class
("C:\Program Files\MiKTeX 2.9\tex\latex\base\size10.clo"
File: size10.clo 2014/09/29 v1.4h Standard LaTeX file (size option)
)
\c@part=\count87
\c@section=\count88
\c@subsection=\count89
\c@subsubsection=\count90
\c@paragraph=\count91
\c@subparagraph=\count92
\c@figure=\count93
\c@table=\count94
\abovecaptionskip=\skip44
\belowcaptionskip=\skip45
\bibindent=\dimen104
) (C:\Users\sjstr\AppData\Roaming\MiKTeX\2.9\tex\latex\titlesec\titlesec.sty
Package: titlesec 2016/03/21 v2.10.2 Sectioning titles
\ttl@box=\box26
\beforetitleunit=\skip46
\aftertitleunit=\skip47
\ttl@plus=\dimen105
\ttl@minus=\dimen106
\ttl@toksa=\toks16
\titlewidth=\dimen107
\titlewidthlast=\dimen108
\titlewidthfirst=\dimen109
) (C:\Users\sjstr\AppData\Roaming\MiKTeX\2.9\tex\latex\titlesec\titletoc.sty
Package: titletoc 2011/12/15 v1.6 TOC entries
\ttl@leftsep=\dimen110
) ("C:\Program Files\MiKTeX 2.9\tex\latex\hyperref\hyperref.sty"
Package: hyperref 2018/02/06 v6.86b Hypertext links for LaTeX
("C:\Program Files\MiKTeX 2.9\tex\generic\oberdiek\hobsub-hyperref.sty"
Package: hobsub-hyperref 2016/05/16 v1.14 Bundle oberdiek, subset hyperref (HO)

("C:\Program Files\MiKTeX 2.9\tex\generic\oberdiek\hobsub-generic.sty"
Package: hobsub-generic 2016/05/16 v1.14 Bundle oberdiek, subset generic (HO)
Package: hobsub 2016/05/16 v1.14 Construct package bundles (HO)
Package hobsub Info: Skipping package `infwarerr' (already loaded).
Package hobsub Info: Skipping package `ltxcmds' (already loaded).
Package hobsub Info: Skipping package `ifluatex' (already loaded).
Package: ifvtex 2016/05/16 v1.6 Detect VTeX and its facilities (HO)
Package ifvtex Info: VTeX not detected.
Package: intcalc 2016/05/16 v1.2 Expandable calculations with integers (HO)
Package hobsub Info: Skipping package `ifpdf' (already loaded).
Package hobsub Info: Skipping package `etexcmds' (already loaded).
Package: kvsetkeys 2016/05/16 v1.17 Key value parser (HO)
Package: kvdefinekeys 2016/05/16 v1.4 Define keys (HO)
Package hobsub Info: Skipping package `pdftexcmds' (already loaded).
Package: pdfescape 2016/05/16 v1.14 Implements pdfTeX's escape features (HO)
Package: bigintcalc 2016/05/16 v1.4 Expandable calculations on big integers (HO
)
Package: bitset 2016/05/16 v1.2 Handle bit-vector datatype (HO)
Package: uniquecounter 2016/05/16 v1.3 Provide unlimited unique counter (HO)
)
Package hobsub Info: Skipping package `hobsub' (already loaded).
Package: letltxmacro 2016/05/16 v1.5 Let assignment for LaTeX macros (HO)
Package: hopatch 2016/05/16 v1.3 Wrapper for package hooks (HO)
Package: xcolor-patch 2016/05/16 xcolor patch
Package: atveryend 2016/05/16 v1.9 Hooks at the very end of document (HO)
Package atveryend Info: \enddocument detected (standard20110627).
Package: atbegshi 2016/06/09 v1.18 At begin shipout hook (HO)
Package: refcount 2016/05/16 v3.5 Data extraction from label references (HO)
Package: hycolor 2016/05/16 v1.8 Color options for hyperref/bookmark (HO)
) ("C:\Program Files\MiKTeX 2.9\tex\latex\oberdiek\auxhook.sty"
Package: auxhook 2016/05/16 v1.4 Hooks for auxiliary files (HO)
) ("C:\Program Files\MiKTeX 2.9\tex\latex\oberdiek\kvoptions.sty"
Package: kvoptions 2016/05/16 v3.12 Key value format for package options (HO)
)
\@linkdim=\dimen111
\Hy@linkcounter=\count95
\Hy@pagecounter=\count96
("C:\Program Files\MiKTeX 2.9\tex\latex\hyperref\pd1enc.def"
File: pd1enc.def 2018/02/06 v6.86b Hyperref: PDFDocEncoding definition (HO)
Now handling font encoding PD1 ...
... no UTF-8 mapping file for font encoding PD1
)
\Hy@SavedSpaceFactor=\count97
("C:\Program Files\MiKTeX 2.9\tex\latex\00miktex\hyperref.cfg"
File: hyperref.cfg 2002/06/06 v1.2 hyperref configuration of TeXLive
)
Package hyperref Info: Option `unicode' set `true' on input line 4383.
("C:\Program Files\MiKTeX 2.9\tex\latex\hyperref\puenc.def"
File: puenc.def 2018/02/06 v6.86b Hyperref: PDF Unicode definition (HO)
Now handling font encoding PU ...
... no UTF-8 mapping file for font encoding PU
)
Package hyperref Info: Option `hyperfootnotes' set `false' on input line 4383.
Package hyperref Info: Hyper figures OFF on input line 4509.
Package hyperref Info: Link nesting OFF on input line 4514.
Package hyperref Info: Hyper index ON on input line 4517.
Package hyperref Info: Plain pages OFF on input line 4524.
Package hyperref Info: Backreferencing OFF on input line 4529.
Package hyperref Info: Implicit mode ON; LaTeX internals redefined.
Package hyperref Info: Bookmarks ON on input line 4762.
\c@Hy@tempcnt=\count98
(C:\Users\sjstr\AppData\Roaming\MiKTeX\2.9\tex\latex\url\url.sty
\Urlmuskip=\muskip10
Package: url 2013/09/16  ver 3.4  Verb mode for urls, etc.
)
LaTeX Info: Redefining \url on input line 5115.
\XeTeXLinkMargin=\dimen112
\Fld@menulength=\count99
\Field@Width=\dimen113
\Fld@charsize=\dimen114
Package hyperref Info: Hyper figures OFF on input line 6369.
Package hyperref Info: Link nesting OFF on input line 6374.
Package hyperref Info: Hyper index ON on input line 6377.
Package hyperref Info: backreferencing OFF on input line 6384.
Package hyperref Info: Link coloring OFF on input line 6389.
Package hyperref Info: Link coloring with OCG OFF on input line 6394.
Package hyperref Info: PDF/A mode OFF on input line 6399.
LaTeX Info: Redefining \ref on input line 6439.
LaTeX Info: Redefining \pageref on input line 6443.
\Hy@abspage=\count100
\c@Item=\count101
)
Package hyperref Info: Driver (autodetected): hpdftex.
("C:\Program Files\MiKTeX 2.9\tex\latex\hyperref\hpdftex.def"
File: hpdftex.def 2018/02/06 v6.86b Hyperref driver for pdfTeX
\Fld@listcount=\count102
\c@bookmark@seq@number=\count103
("C:\Program Files\MiKTeX 2.9\tex\latex\oberdiek\rerunfilecheck.sty"
Package: rerunfilecheck 2016/05/16 v1.8 Rerun checks for auxiliary files (HO)
Package uniquecounter Info: New unique counter `rerunfilecheck' on input line 2
82.
)
\Hy@SectionHShift=\skip48
) (C:\Users\sjstr\AppData\Roaming\MiKTeX\2.9\tex\latex\ms\ragged2e.sty
Package: ragged2e 2009/05/21 v2.1 ragged2e Package (MS)
(C:\Users\sjstr\AppData\Roaming\MiKTeX\2.9\tex\latex\ms\everysel.sty
Package: everysel 2011/10/28 v1.2 EverySelectfont Package (MS)
)
\CenteringLeftskip=\skip49
\RaggedLeftLeftskip=\skip50
\RaggedRightLeftskip=\skip51
\CenteringRightskip=\skip52
\RaggedLeftRightskip=\skip53
\RaggedRightRightskip=\skip54
\CenteringParfillskip=\skip55
\RaggedLeftParfillskip=\skip56
\RaggedRightParfillskip=\skip57
\JustifyingParfillskip=\skip58
\CenteringParindent=\skip59
\RaggedLeftParindent=\skip60
\RaggedRightParindent=\skip61
\JustifyingParindent=\skip62
) ("C:\Program Files\MiKTeX 2.9\tex\latex\geometry\geometry.sty"
Package: geometry 2018/04/16 v5.8 Page Geometry
\Gm@cnth=\count104
\Gm@cntv=\count105
\c@Gm@tempcnt=\count106
\Gm@bindingoffset=\dimen115
\Gm@wd@mp=\dimen116
\Gm@odd@mp=\dimen117
\Gm@even@mp=\dimen118
\Gm@layoutwidth=\dimen119
\Gm@layoutheight=\dimen120
\Gm@layouthoffset=\dimen121
\Gm@layoutvoffset=\dimen122
\Gm@dimlist=\toks17
("C:\Program Files\MiKTeX 2.9\tex\latex\geometry\geometry.cfg")) (C:\Users\sjst
r\AppData\Roaming\MiKTeX\2.9\tex\latex\changepage\changepage.sty
Package: changepage 2009/10/20 v1.0c check page and change page layout
\c@cp@cntr=\count107
\cp@tempcnt=\count108
)
\@tufte@overhang=\skip63
\@tufte@fullwidth=\skip64
\@tufte@caption@fill=\skip65
(C:\Users\sjstr\AppData\Roaming\MiKTeX\2.9\tex\latex\paralist\paralist.sty
Package: paralist 2017/01/22 v2.7 Extended list environments
\pltopsep=\skip66
\plpartopsep=\skip67
\plitemsep=\skip68
\plparsep=\skip69
\pl@lab=\toks18
) (C:\Users\sjstr\AppData\Roaming\MiKTeX\2.9\tex\latex\textcase\textcase.sty
Package: textcase 2004/10/07 v0.07 Text only upper/lower case changing (DPC)
) (C:\Users\sjstr\AppData\Roaming\MiKTeX\2.9\tex\latex\microtype\letterspace.st
y
Package: letterspace 2018/01/14 v2.7a Robust letterspacing (RS)
LaTeX Info: Redefining \lsstyle on input line 345.
LaTeX Info: Redefining \lslig on input line 346.
LaTeX Info: Redefining \textls on input line 371.
\MT@outer@kern=\dimen123
) (C:\Users\sjstr\AppData\Roaming\MiKTeX\2.9\tex\latex\setspace\setspace.sty
Package: setspace 2011/12/19 v6.7a set line spacing
) (C:\Users\sjstr\AppData\Roaming\MiKTeX\2.9\tex\latex\xcolor\xcolor.sty
Package: xcolor 2016/05/11 v2.12 LaTeX color extensions (UK)
("C:\Program Files\MiKTeX 2.9\tex\latex\graphics-cfg\color.cfg"
File: color.cfg 2016/01/02 v1.6 sample color configuration
)
Package xcolor Info: Package option `usenames' ignored on input line 216.
Package xcolor Info: Driver file: pdftex.def on input line 225.
("C:\Program Files\MiKTeX 2.9\tex\latex\graphics-def\pdftex.def"
File: pdftex.def 2018/01/08 v1.0l Graphics/color driver for pdftex
)
Package xcolor Info: Model `cmy' substituted by `cmy0' on input line 1348.
Package xcolor Info: Model `hsb' substituted by `rgb' on input line 1352.
Package xcolor Info: Model `RGB' extended on input line 1364.
Package xcolor Info: Model `HTML' substituted by `rgb' on input line 1366.
Package xcolor Info: Model `Hsb' substituted by `hsb' on input line 1367.
Package xcolor Info: Model `tHsb' substituted by `hsb' on input line 1368.
Package xcolor Info: Model `HSB' substituted by `hsb' on input line 1369.
Package xcolor Info: Model `Gray' substituted by `gray' on input line 1370.
Package xcolor Info: Model `wave' substituted by `hsb' on input line 1371.
("C:\Program Files\MiKTeX 2.9\tex\latex\graphics\dvipsnam.def"
File: dvipsnam.def 2016/06/17 v3.0m Driver-dependent file (DPC,SPQR)
) (C:\Users\sjstr\AppData\Roaming\MiKTeX\2.9\tex\latex\xcolor\svgnam.def
File: svgnam.def 2016/05/11 v2.12 Predefined colors according to SVG 1.1 (UK)
)) (C:\Users\sjstr\AppData\Roaming\MiKTeX\2.9\tex\latex\natbib\natbib.sty
Package: natbib 2010/09/13 8.31b (PWD, AO)
\bibhang=\skip70
\bibsep=\skip71
LaTeX Info: Redefining \cite on input line 694.
\c@NAT@ctr=\count109
) (C:\Users\sjstr\AppData\Roaming\MiKTeX\2.9\tex\latex\natbib\bibentry.sty
Package: bibentry 2007/10/30 1.5 (PWD)
)
No file 000-TaxHeaven.bbl.
\c@@tufte@num@bibkeys=\count110
(C:\Users\sjstr\AppData\Roaming\MiKTeX\2.9\tex\latex\sauerj\optparams.sty
Package: optparams 2004/08/14 v0.9 multiple optional parameters in macros
)
\@tufte@sidenote@vertical@offset=\skip72
(C:\Users\sjstr\AppData\Roaming\MiKTeX\2.9\tex\latex\placeins\placeins.sty
Package: placeins 2005/04/18  v 2.2
)
\@tufte@margin@floatbox=\box27
\@tufte@figure@box=\box28
\@tufte@caption@box=\box29
\@tufte@caption@vertical@offset=\skip73
\@tufte@float@contents@width=\skip74
("C:\Program Files\MiKTeX 2.9\tex\latex\psnfss\mathpazo.sty"
Package: mathpazo 2005/04/12 PSNFSS-v9.2a Palatino w/ Pazo Math (D.Puga, WaS) 
\symupright=\mathgroup4
) ("C:\Program Files\MiKTeX 2.9\tex\latex\psnfss\helvet.sty"
Package: helvet 2005/04/12 PSNFSS-v9.2a (WaS) 
) (C:\Users\sjstr\AppData\Roaming\MiKTeX\2.9\tex\latex\bera\beramono.sty
Package: beramono 2004/01/31 (WaS)
) ("C:\Program Files\MiKTeX 2.9\tex\latex\base\fontenc.sty"
Package: fontenc 2017/04/05 v2.0i Standard LaTeX package
("C:\Program Files\MiKTeX 2.9\tex\latex\base\t1enc.def"
File: t1enc.def 2017/04/05 v2.0i Standard LaTeX file
LaTeX Font Info:    Redeclaring font encoding T1 on input line 48.
)) ("C:\Program Files\MiKTeX 2.9\tex\latex\base\textcomp.sty"
Package: textcomp 2017/04/05 v2.0i Standard LaTeX package
Package textcomp Info: Sub-encoding information:
(textcomp)               5 = only ISO-Adobe without \textcurrency
(textcomp)               4 = 5 + \texteuro
(textcomp)               3 = 4 + \textohm
(textcomp)               2 = 3 + \textestimated + \textcurrency
(textcomp)               1 = TS1 - \textcircled - \t
(textcomp)               0 = TS1 (full)
(textcomp)             Font families with sub-encoding setting implement
(textcomp)             only a restricted character set as indicated.
(textcomp)             Family '?' is the default used for unknown fonts.
(textcomp)             See the documentation for details.
Package textcomp Info: Setting ? sub-encoding to TS1/1 on input line 79.
("C:\Program Files\MiKTeX 2.9\tex\latex\base\ts1enc.def"
File: ts1enc.def 2001/06/05 v3.0e (jk/car/fm) Standard LaTeX file
Now handling font encoding TS1 ...
... processing UTF-8 mapping file for font encoding TS1
("C:\Program Files\MiKTeX 2.9\tex\latex\base\ts1enc.dfu"
File: ts1enc.dfu 2018/04/05 v1.2c UTF-8 support for inputenc
   defining Unicode char U+00A2 (decimal 162)
   defining Unicode char U+00A3 (decimal 163)
   defining Unicode char U+00A4 (decimal 164)
   defining Unicode char U+00A5 (decimal 165)
   defining Unicode char U+00A6 (decimal 166)
   defining Unicode char U+00A7 (decimal 167)
   defining Unicode char U+00A8 (decimal 168)
   defining Unicode char U+00A9 (decimal 169)
   defining Unicode char U+00AA (decimal 170)
   defining Unicode char U+00AC (decimal 172)
   defining Unicode char U+00AE (decimal 174)
   defining Unicode char U+00AF (decimal 175)
   defining Unicode char U+00B0 (decimal 176)
   defining Unicode char U+00B1 (decimal 177)
   defining Unicode char U+00B2 (decimal 178)
   defining Unicode char U+00B3 (decimal 179)
   defining Unicode char U+00B4 (decimal 180)
   defining Unicode char U+00B5 (decimal 181)
   defining Unicode char U+00B6 (decimal 182)
   defining Unicode char U+00B7 (decimal 183)
   defining Unicode char U+00B9 (decimal 185)
   defining Unicode char U+00BA (decimal 186)
   defining Unicode char U+00BC (decimal 188)
   defining Unicode char U+00BD (decimal 189)
   defining Unicode char U+00BE (decimal 190)
   defining Unicode char U+00D7 (decimal 215)
   defining Unicode char U+00F7 (decimal 247)
   defining Unicode char U+0192 (decimal 402)
   defining Unicode char U+02C7 (decimal 711)
   defining Unicode char U+02D8 (decimal 728)
   defining Unicode char U+02DD (decimal 733)
   defining Unicode char U+0E3F (decimal 3647)
   defining Unicode char U+2016 (decimal 8214)
   defining Unicode char U+2020 (decimal 8224)
   defining Unicode char U+2021 (decimal 8225)
   defining Unicode char U+2022 (decimal 8226)
   defining Unicode char U+2030 (decimal 8240)
   defining Unicode char U+2031 (decimal 8241)
   defining Unicode char U+203B (decimal 8251)
   defining Unicode char U+203D (decimal 8253)
   defining Unicode char U+2044 (decimal 8260)
   defining Unicode char U+204E (decimal 8270)
   defining Unicode char U+2052 (decimal 8274)
   defining Unicode char U+20A1 (decimal 8353)
   defining Unicode char U+20A4 (decimal 8356)
   defining Unicode char U+20A6 (decimal 8358)
   defining Unicode char U+20A9 (decimal 8361)
   defining Unicode char U+20AB (decimal 8363)
   defining Unicode char U+20AC (decimal 8364)
   defining Unicode char U+20B1 (decimal 8369)
   defining Unicode char U+2103 (decimal 8451)
   defining Unicode char U+2116 (decimal 8470)
   defining Unicode char U+2117 (decimal 8471)
   defining Unicode char U+211E (decimal 8478)
   defining Unicode char U+2120 (decimal 8480)
   defining Unicode char U+2122 (decimal 8482)
   defining Unicode char U+2126 (decimal 8486)
   defining Unicode char U+2127 (decimal 8487)
   defining Unicode char U+212E (decimal 8494)
   defining Unicode char U+2190 (decimal 8592)
   defining Unicode char U+2191 (decimal 8593)
   defining Unicode char U+2192 (decimal 8594)
   defining Unicode char U+2193 (decimal 8595)
   defining Unicode char U+2329 (decimal 9001)
   defining Unicode char U+232A (decimal 9002)
   defining Unicode char U+2422 (decimal 9250)
   defining Unicode char U+25E6 (decimal 9702)
   defining Unicode char U+25EF (decimal 9711)
   defining Unicode char U+266A (decimal 9834)
   defining Unicode char U+FEFF (decimal 65279)
))
LaTeX Info: Redefining \oldstylenums on input line 334.
Package textcomp Info: Setting cmr sub-encoding to TS1/0 on input line 349.
Package textcomp Info: Setting cmss sub-encoding to TS1/0 on input line 350.
Package textcomp Info: Setting cmtt sub-encoding to TS1/0 on input line 351.
Package textcomp Info: Setting cmvtt sub-encoding to TS1/0 on input line 352.
Package textcomp Info: Setting cmbr sub-encoding to TS1/0 on input line 353.
Package textcomp Info: Setting cmtl sub-encoding to TS1/0 on input line 354.
Package textcomp Info: Setting ccr sub-encoding to TS1/0 on input line 355.
Package textcomp Info: Setting ptm sub-encoding to TS1/4 on input line 356.
Package textcomp Info: Setting pcr sub-encoding to TS1/4 on input line 357.
Package textcomp Info: Setting phv sub-encoding to TS1/4 on input line 358.
Package textcomp Info: Setting ppl sub-encoding to TS1/3 on input line 359.
Package textcomp Info: Setting pag sub-encoding to TS1/4 on input line 360.
Package textcomp Info: Setting pbk sub-encoding to TS1/4 on input line 361.
Package textcomp Info: Setting pnc sub-encoding to TS1/4 on input line 362.
Package textcomp Info: Setting pzc sub-encoding to TS1/4 on input line 363.
Package textcomp Info: Setting bch sub-encoding to TS1/4 on input line 364.
Package textcomp Info: Setting put sub-encoding to TS1/5 on input line 365.
Package textcomp Info: Setting uag sub-encoding to TS1/5 on input line 366.
Package textcomp Info: Setting ugq sub-encoding to TS1/5 on input line 367.
Package textcomp Info: Setting ul8 sub-encoding to TS1/4 on input line 368.
Package textcomp Info: Setting ul9 sub-encoding to TS1/4 on input line 369.
Package textcomp Info: Setting augie sub-encoding to TS1/5 on input line 370.
Package textcomp Info: Setting dayrom sub-encoding to TS1/3 on input line 371.
Package textcomp Info: Setting dayroms sub-encoding to TS1/3 on input line 372.

Package textcomp Info: Setting pxr sub-encoding to TS1/0 on input line 373.
Package textcomp Info: Setting pxss sub-encoding to TS1/0 on input line 374.
Package textcomp Info: Setting pxtt sub-encoding to TS1/0 on input line 375.
Package textcomp Info: Setting txr sub-encoding to TS1/0 on input line 376.
Package textcomp Info: Setting txss sub-encoding to TS1/0 on input line 377.
Package textcomp Info: Setting txtt sub-encoding to TS1/0 on input line 378.
Package textcomp Info: Setting lmr sub-encoding to TS1/0 on input line 379.
Package textcomp Info: Setting lmdh sub-encoding to TS1/0 on input line 380.
Package textcomp Info: Setting lmss sub-encoding to TS1/0 on input line 381.
Package textcomp Info: Setting lmssq sub-encoding to TS1/0 on input line 382.
Package textcomp Info: Setting lmvtt sub-encoding to TS1/0 on input line 383.
Package textcomp Info: Setting lmtt sub-encoding to TS1/0 on input line 384.
Package textcomp Info: Setting qhv sub-encoding to TS1/0 on input line 385.
Package textcomp Info: Setting qag sub-encoding to TS1/0 on input line 386.
Package textcomp Info: Setting qbk sub-encoding to TS1/0 on input line 387.
Package textcomp Info: Setting qcr sub-encoding to TS1/0 on input line 388.
Package textcomp Info: Setting qcs sub-encoding to TS1/0 on input line 389.
Package textcomp Info: Setting qpl sub-encoding to TS1/0 on input line 390.
Package textcomp Info: Setting qtm sub-encoding to TS1/0 on input line 391.
Package textcomp Info: Setting qzc sub-encoding to TS1/0 on input line 392.
Package textcomp Info: Setting qhvc sub-encoding to TS1/0 on input line 393.
Package textcomp Info: Setting futs sub-encoding to TS1/4 on input line 394.
Package textcomp Info: Setting futx sub-encoding to TS1/4 on input line 395.
Package textcomp Info: Setting futj sub-encoding to TS1/4 on input line 396.
Package textcomp Info: Setting hlh sub-encoding to TS1/3 on input line 397.
Package textcomp Info: Setting hls sub-encoding to TS1/3 on input line 398.
Package textcomp Info: Setting hlst sub-encoding to TS1/3 on input line 399.
Package textcomp Info: Setting hlct sub-encoding to TS1/5 on input line 400.
Package textcomp Info: Setting hlx sub-encoding to TS1/5 on input line 401.
Package textcomp Info: Setting hlce sub-encoding to TS1/5 on input line 402.
Package textcomp Info: Setting hlcn sub-encoding to TS1/5 on input line 403.
Package textcomp Info: Setting hlcw sub-encoding to TS1/5 on input line 404.
Package textcomp Info: Setting hlcf sub-encoding to TS1/5 on input line 405.
Package textcomp Info: Setting pplx sub-encoding to TS1/3 on input line 406.
Package textcomp Info: Setting pplj sub-encoding to TS1/3 on input line 407.
Package textcomp Info: Setting ptmx sub-encoding to TS1/4 on input line 408.
Package textcomp Info: Setting ptmj sub-encoding to TS1/4 on input line 409.
) (C:\Users\sjstr\AppData\Roaming\MiKTeX\2.9\tex\latex\fancyhdr\fancyhdr.sty
Package: fancyhdr 2017/06/30 v3.9a Extensive control of page headers and footer
s
\f@nch@headwidth=\skip75
\f@nch@O@elh=\skip76
\f@nch@O@erh=\skip77
\f@nch@O@olh=\skip78
\f@nch@O@orh=\skip79
\f@nch@O@elf=\skip80
\f@nch@O@erf=\skip81
\f@nch@O@olf=\skip82
\f@nch@O@orf=\skip83
)
\tufteskipamount=\skip84
("C:\Program Files\MiKTeX 2.9\tex\latex\tools\multicol.sty"
Package: multicol 2018/04/20 v1.8s multicolumn formatting (FMi)
\c@tracingmulticols=\count111
\mult@box=\box30
\multicol@leftmargin=\dimen124
\c@unbalance=\count112
\c@collectmore=\count113
\doublecol@number=\count114
\multicoltolerance=\count115
\multicolpretolerance=\count116
\full@width=\dimen125
\page@free=\dimen126
\premulticols=\dimen127
\postmulticols=\dimen128
\multicolsep=\skip85
\multicolbaselineskip=\skip86
\partial@page=\box31
\last@line=\box32
\maxbalancingoverflow=\dimen129
\mult@rightbox=\box33
\mult@grightbox=\box34
\mult@gfirstbox=\box35
\mult@firstbox=\box36
\@tempa=\box37
\@tempa=\box38
\@tempa=\box39
\@tempa=\box40
\@tempa=\box41
\@tempa=\box42
\@tempa=\box43
\@tempa=\box44
\@tempa=\box45
\@tempa=\box46
\@tempa=\box47
\@tempa=\box48
\@tempa=\box49
\@tempa=\box50
\@tempa=\box51
\@tempa=\box52
\@tempa=\box53
\c@columnbadness=\count117
\c@finalcolumnbadness=\count118
\last@try=\dimen130
\multicolovershoot=\dimen131
\multicolundershoot=\dimen132
\mult@nat@firstbox=\box54
\colbreak@box=\box55
\mc@col@check@num=\count119
))) ("C:\Program Files\MiKTeX 2.9\tex\latex\amsfonts\amssymb.sty"
Package: amssymb 2013/01/14 v3.01 AMS font symbols
("C:\Program Files\MiKTeX 2.9\tex\latex\amsfonts\amsfonts.sty"
Package: amsfonts 2013/01/14 v3.01 Basic AMSFonts support
\@emptytoks=\toks19
\symAMSa=\mathgroup5
\symAMSb=\mathgroup6
LaTeX Font Info:    Overwriting math alphabet `\mathfrak' in version `bold'
(Font)                  U/euf/m/n --> U/euf/b/n on input line 106.
)) ("C:\Program Files\MiKTeX 2.9\tex\latex\amsmath\amsmath.sty"
Package: amsmath 2017/09/02 v2.17a AMS math features
\@mathmargin=\skip87
For additional information on amsmath, use the `?' option.
("C:\Program Files\MiKTeX 2.9\tex\latex\amsmath\amstext.sty"
Package: amstext 2000/06/29 v2.01 AMS text
("C:\Program Files\MiKTeX 2.9\tex\latex\amsmath\amsgen.sty"
File: amsgen.sty 1999/11/30 v2.0 generic functions
\@emptytoks=\toks20
\ex@=\dimen133
)) ("C:\Program Files\MiKTeX 2.9\tex\latex\amsmath\amsbsy.sty"
Package: amsbsy 1999/11/29 v1.2d Bold Symbols
\pmbraise@=\dimen134
) ("C:\Program Files\MiKTeX 2.9\tex\latex\amsmath\amsopn.sty"
Package: amsopn 2016/03/08 v2.02 operator names
)
\inf@bad=\count120
LaTeX Info: Redefining \frac on input line 213.
\uproot@=\count121
\leftroot@=\count122
LaTeX Info: Redefining \overline on input line 375.
\classnum@=\count123
\DOTSCASE@=\count124
LaTeX Info: Redefining \ldots on input line 472.
LaTeX Info: Redefining \dots on input line 475.
LaTeX Info: Redefining \cdots on input line 596.
\Mathstrutbox@=\box56
\strutbox@=\box57
\big@size=\dimen135
LaTeX Font Info:    Redeclaring font encoding OML on input line 712.
LaTeX Font Info:    Redeclaring font encoding OMS on input line 713.
\macc@depth=\count125
\c@MaxMatrixCols=\count126
\dotsspace@=\muskip11
\c@parentequation=\count127
\dspbrk@lvl=\count128
\tag@help=\toks21
\row@=\count129
\column@=\count130
\maxfields@=\count131
\andhelp@=\toks22
\eqnshift@=\dimen136
\alignsep@=\dimen137
\tagshift@=\dimen138
\tagwidth@=\dimen139
\totwidth@=\dimen140
\lineht@=\dimen141
\@envbody=\toks23
\multlinegap=\skip88
\multlinetaggap=\skip89
\mathdisplay@stack=\toks24
LaTeX Info: Redefining \[ on input line 2817.
LaTeX Info: Redefining \] on input line 2818.
) ("C:\Program Files\MiKTeX 2.9\tex\latex\base\fixltx2e.sty"
Package: fixltx2e 2016/12/29 v2.1a fixes to LaTeX (obsolete)
Applying: [2015/01/01] Old fixltx2e package on input line 46.

Package fixltx2e Warning: fixltx2e is not required with releases after 2015
(fixltx2e)                All fixes are now in the LaTeX kernel.
(fixltx2e)                See the latexrelease package for details.

Already applied: [0000/00/00] Old fixltx2e package on input line 53.
) ("C:\Program Files\MiKTeX 2.9\tex\latex\base\fontenc.sty"
Package: fontenc 2017/04/05 v2.0i Standard LaTeX package
("C:\Program Files\MiKTeX 2.9\tex\latex\base\t1enc.def"
File: t1enc.def 2017/04/05 v2.0i Standard LaTeX file
LaTeX Font Info:    Redeclaring font encoding T1 on input line 48.
)) ("C:\Program Files\MiKTeX 2.9\tex\latex\base\inputenc.sty"
Package: inputenc 2018/04/06 v1.3b Input encoding file
\inpenc@prehook=\toks25
\inpenc@posthook=\toks26
) ("C:\Program Files\MiKTeX 2.9\tex\latex\graphics\graphicx.sty"
Package: graphicx 2017/06/01 v1.1a Enhanced LaTeX Graphics (DPC,SPQR)
("C:\Program Files\MiKTeX 2.9\tex\latex\graphics\graphics.sty"
Package: graphics 2017/06/25 v1.2c Standard LaTeX Graphics (DPC,SPQR)
("C:\Program Files\MiKTeX 2.9\tex\latex\graphics\trig.sty"
Package: trig 2016/01/03 v1.10 sin cos tan (DPC)
) ("C:\Program Files\MiKTeX 2.9\tex\latex\graphics-cfg\graphics.cfg"
File: graphics.cfg 2016/06/04 v1.11 sample graphics configuration
)
Package graphics Info: Driver file: pdftex.def on input line 99.
)
\Gin@req@height=\dimen142
\Gin@req@width=\dimen143
) (C:\Users\sjstr\AppData\Roaming\MiKTeX\2.9\tex\latex\booktabs\booktabs.sty
Package: booktabs 2005/04/14 v1.61803 publication quality tables
\heavyrulewidth=\dimen144
\lightrulewidth=\dimen145
\cmidrulewidth=\dimen146
\belowrulesep=\dimen147
\belowbottomsep=\dimen148
\aboverulesep=\dimen149
\abovetopsep=\dimen150
\cmidrulesep=\dimen151
\cmidrulekern=\dimen152
\defaultaddspace=\dimen153
\@cmidla=\count132
\@cmidlb=\count133
\@aboverulesep=\dimen154
\@belowrulesep=\dimen155
\@thisruleclass=\count134
\@lastruleclass=\count135
\@thisrulewidth=\dimen156
) (C:\Users\sjstr\AppData\Roaming\MiKTeX\2.9\tex\latex\units\units.sty
Package: units 1998/08/04 v0.9b Typesetting units
(C:\Users\sjstr\AppData\Roaming\MiKTeX\2.9\tex\latex\units\nicefrac.sty
Package: nicefrac 1998/08/04 v0.9b Nice fractions
\L@UnitsRaiseDisplaystyle=\skip90
\L@UnitsRaiseTextstyle=\skip91
\L@UnitsRaiseScriptstyle=\skip92
)) ("C:\Program Files\MiKTeX 2.9\tex\latex\tools\longtable.sty"
Package: longtable 2014/10/28 v4.11 Multi-page Table package (DPC)
\LTleft=\skip93
\LTright=\skip94
\LTpre=\skip95
\LTpost=\skip96
\LTchunksize=\count136
\LTcapwidth=\dimen157
\LT@head=\box58
\LT@firsthead=\box59
\LT@foot=\box60
\LT@lastfoot=\box61
\LT@cols=\count137
\LT@rows=\count138
\c@LT@tables=\count139
\c@LT@chunks=\count140
\LT@p@ftn=\toks27
) (C:\Users\sjstr\AppData\Roaming\MiKTeX\2.9\tex\latex\ulem\ulem.sty
\UL@box=\box62
\UL@hyphenbox=\box63
\UL@skip=\skip97
\UL@hook=\toks28
\UL@height=\dimen158
\UL@pe=\count141
\UL@pixel=\dimen159
\ULC@box=\box64
Package: ulem 2012/05/18
\ULdepth=\dimen160
) (C:\Users\sjstr\AppData\Roaming\MiKTeX\2.9\tex\latex\morefloats\morefloats.st
y
Package: morefloats 2015/07/22 v1.0h Raise limit of unprocessed floats (HMM)
Package morefloats Info: Maximum number of possible floats asked for: 36
(morefloats)             (i.e. 18 more floats).
(morefloats)             LaTeX might run out of memory before this
(morefloats)             (in which case it will notify you).
) (000-TaxHeaven.aux)
\openout1 = `000-TaxHeaven.aux'.

LaTeX Font Info:    Checking defaults for OML/cmm/m/it on input line 71.
LaTeX Font Info:    ... okay on input line 71.
LaTeX Font Info:    Checking defaults for T1/cmr/m/n on input line 71.
LaTeX Font Info:    ... okay on input line 71.
LaTeX Font Info:    Checking defaults for OT1/cmr/m/n on input line 71.
LaTeX Font Info:    ... okay on input line 71.
LaTeX Font Info:    Checking defaults for OMS/cmsy/m/n on input line 71.
LaTeX Font Info:    ... okay on input line 71.
LaTeX Font Info:    Checking defaults for OMX/cmex/m/n on input line 71.
LaTeX Font Info:    ... okay on input line 71.
LaTeX Font Info:    Checking defaults for U/cmr/m/n on input line 71.
LaTeX Font Info:    ... okay on input line 71.
LaTeX Font Info:    Checking defaults for PD1/pdf/m/n on input line 71.
LaTeX Font Info:    ... okay on input line 71.
LaTeX Font Info:    Checking defaults for PU/pdf/m/n on input line 71.
LaTeX Font Info:    ... okay on input line 71.
LaTeX Font Info:    Checking defaults for TS1/cmr/m/n on input line 71.
LaTeX Font Info:    Try loading font information for TS1+cmr on input line 71.
("C:\Program Files\MiKTeX 2.9\tex\latex\base\ts1cmr.fd"
File: ts1cmr.fd 2014/09/29 v2.5h Standard LaTeX font definitions
)
LaTeX Font Info:    ... okay on input line 71.
LaTeX Font Info:    Try loading font information for T1+pplj on input line 71.
("C:\Program Files\MiKTeX 2.9\tex\latex\psnfss\t1pplj.fd"
File: t1pplj.fd 2004/09/06 font definitions for T1/pplj.
)
\AtBeginShipoutBox=\box65
Package hyperref Info: Link coloring OFF on input line 71.
("C:\Program Files\MiKTeX 2.9\tex\latex\hyperref\nameref.sty"
Package: nameref 2016/05/21 v2.44 Cross-referencing by name of section
("C:\Program Files\MiKTeX 2.9\tex\generic\oberdiek\gettitlestring.sty"
Package: gettitlestring 2016/05/16 v1.5 Cleanup title references (HO)
)
\c@section@level=\count142
)
LaTeX Info: Redefining \ref on input line 71.
LaTeX Info: Redefining \pageref on input line 71.
LaTeX Info: Redefining \nameref on input line 71.
(000-TaxHeaven.out) (000-TaxHeaven.out)
\@outlinefile=\write3
\openout3 = `000-TaxHeaven.out'.

ABD: EverySelectfont initializing macros
LaTeX Info: Redefining \selectfont on input line 71.
*geometry* driver: auto-detecting
*geometry* detected driver: pdftex
*geometry* verbose mode - [ preamble ] result:
* driver: pdftex
* paper: letterpaper
* layout: <same size as paper>
* layoutoffset:(h,v)=(0.0pt,0.0pt)
* modes: twoside asymmetric 
* h-part:(L,W,R)=(72.26999pt, 312.0pt, 230.02501pt)
* v-part:(T,H,B)=(72.26999pt, 616.0pt, 106.7pt)
* \paperwidth=614.295pt
* \paperheight=794.96999pt
* \textwidth=312.0pt
* \textheight=616.0pt
* \oddsidemargin=0.0pt
* \evensidemargin=0.0pt
* \topmargin=-42.0pt
* \headheight=14.0pt
* \headsep=28.0pt
* \topskip=10.0pt
* \footskip=30.0pt
* \marginparwidth=144.0pt
* \marginparsep=24.0pt
* \columnsep=10.0pt
* \skip\footins=9.0pt plus 4.0pt minus 2.0pt
* \hoffset=0.0pt
* \voffset=0.0pt
* \mag=1000
* \@twocolumnfalse
* \@twosidetrue
* \@mparswitchfalse
* \@reversemarginfalse
* (1in=72.27pt=25.4mm, 1cm=28.453pt)

(C:\Users\sjstr\AppData\Roaming\MiKTeX\2.9\tex\context\base\supp-pdf.mkii
[Loading MPS to PDF converter (version 2006.09.02).]
\scratchcounter=\count143
\scratchdimen=\dimen161
\scratchbox=\box66
\nofMPsegments=\count144
\nofMParguments=\count145
\everyMPshowfont=\toks29
\MPscratchCnt=\count146
\MPscratchDim=\dimen162
\MPnumerator=\count147
\makeMPintoPDFobject=\count148
\everyMPtoPDFconversion=\toks30
) ("C:\Program Files\MiKTeX 2.9\tex\latex\oberdiek\epstopdf-base.sty"
Package: epstopdf-base 2016/05/15 v2.6 Base part for package epstopdf
("C:\Program Files\MiKTeX 2.9\tex\latex\oberdiek\grfext.sty"
Package: grfext 2016/05/16 v1.2 Manage graphics extensions (HO)
)
Package epstopdf-base Info: Redefining graphics rule for `.eps' on input line 4
38.
Package grfext Info: Graphics extension search list:
(grfext)             [.pdf,.png,.jpg,.mps,.jpeg,.jbig2,.jb2,.PDF,.PNG,.JPG,.JPE
G,.JBIG2,.JB2,.eps]
(grfext)             \AppendGraphicsExtensions on input line 456.
)
\langwohyphens=\language76
[1

{C:/Users/sjstr/AppData/Local/MiKTeX/2.9/pdftex/config/pdftex.map}]
<OtherPictures/RTW.png, id=414, 633.86812pt x 447.92343pt>
File: OtherPictures/RTW.png Graphic file (type png)
<use OtherPictures/RTW.png>
Package pdftex.def Info: OtherPictures/RTW.png  used on input line 80.
(pdftex.def)             Requested size: 312.01021pt x 220.48227pt.

Overfull \hbox (12.01021pt too wide) in paragraph at lines 80--81
[][]  
 []

[2 <./OtherPictures/RTW.png>] [3] [4] [5]
LaTeX Font Info:    Font shape `T1/pplj/bx/n' in size <10> not available
(Font)              Font shape `T1/pplj/b/n' tried instead on input line 264.
[6]
LaTeX Font Info:    Try loading font information for OT1+pplx on input line 320
.
("C:\Program Files\MiKTeX 2.9\tex\latex\psnfss\ot1pplx.fd"
File: ot1pplx.fd 2004/09/06 font definitions for OT1/pplx.
)
LaTeX Font Info:    Try loading font information for OML+zplm on input line 320
.
("C:\Program Files\MiKTeX 2.9\tex\latex\psnfss\omlzplm.fd"
File: omlzplm.fd 2002/09/08 Fontinst v1.914 font definitions for OML/zplm.
)
LaTeX Font Info:    Try loading font information for OMS+zplm on input line 320
.
("C:\Program Files\MiKTeX 2.9\tex\latex\psnfss\omszplm.fd"
File: omszplm.fd 2002/09/08 Fontinst v1.914 font definitions for OMS/zplm.
)
LaTeX Font Info:    Try loading font information for OMX+zplm on input line 320
.
("C:\Program Files\MiKTeX 2.9\tex\latex\psnfss\omxzplm.fd"
File: omxzplm.fd 2002/09/08 Fontinst v1.914 font definitions for OMX/zplm.
)
LaTeX Font Info:    Try loading font information for OT1+zplm on input line 320
.
("C:\Program Files\MiKTeX 2.9\tex\latex\psnfss\ot1zplm.fd"
File: ot1zplm.fd 2002/09/08 Fontinst v1.914 font definitions for OT1/zplm.
)
LaTeX Font Info:    Font shape `U/msa/m/n' will be
(Font)              scaled to size 10.42007pt on input line 320.
LaTeX Font Info:    Font shape `U/msa/m/n' will be
(Font)              scaled to size 7.91925pt on input line 320.
LaTeX Font Info:    Font shape `U/msa/m/n' will be
(Font)              scaled to size 6.25204pt on input line 320.
LaTeX Font Info:    Font shape `U/msb/m/n' will be
(Font)              scaled to size 10.42007pt on input line 320.
LaTeX Font Info:    Font shape `U/msb/m/n' will be
(Font)              scaled to size 7.91925pt on input line 320.
LaTeX Font Info:    Font shape `U/msb/m/n' will be
(Font)              scaled to size 6.25204pt on input line 320.
[7] [8] [9] [10] [11] [12]
LaTeX Font Info:    Font shape `T1/pplj/bx/it' in size <10.95> not available
(Font)              Font shape `T1/pplj/b/it' tried instead on input line 672.
[13] [14] [15]

LaTeX Warning: File `C:/Users/sjstr/Google Drive/Book/ChapterPictures/AdamSmith
Small.png' not found on input line 797.

<C:/Users/sjstr/Google Drive/Book/ChapterPictures/AdamSmithSmall.png, id=536, 1
26.4725pt x 170.6375pt>
File: C:/Users/sjstr/Google Drive/Book/ChapterPictures/AdamSmithSmall.png Graph
ic file (type png)
<use C:/Users/sjstr/Google Drive/Book/ChapterPictures/AdamSmithSmall.png>
Package pdftex.def Info: C:/Users/sjstr/Google Drive/Book/ChapterPictures/AdamS
mithSmall.png  used on input line 797.
(pdftex.def)             Requested size: 312.0082pt x 420.96344pt.
[16] [17 <C:/Users/sjstr/Google Drive/Book/ChapterPictures/AdamSmithSmall.png>]
[18] [19]
Overfull \hbox (4.81973pt too wide) in paragraph at lines 940--943
[]\T1/pplj/m/n/10 Yes. The re-forms that we are propos-ing will trans-form the 
prospects 
 []

[20] [21] [22]
LaTeX Font Info:    Try loading font information for TS1+pplj on input line 106
6.
("C:\Program Files\MiKTeX 2.9\tex\latex\psnfss\ts1pplj.fd"
File: ts1pplj.fd 2004/09/06 font definitions for TS1/pplj.
) [23]
Overfull \hbox (4.50983pt too wide) in paragraph at lines 1135--1139
\T1/pplj/m/n/10 acid-i-fi-ca-tion, plas-tics, over-fish-ing and habi-tat loss w
hich all threaten 
 []


Overfull \hbox (11.05722pt too wide) in paragraph at lines 1150--1150
|\T1/pplj/b/it/10.95 Principle 3: A So-cial Con-tract Align-ing Re-ward and Con
-tri-bu-tion| 
 []

[24] [25] [26] [27] [28] [29] [30] [31] [32] [33] [34]
LaTeX Font Info:    Font shape `U/msa/m/n' will be
(Font)              scaled to size 8.33606pt on input line 1706.
LaTeX Font Info:    Font shape `U/msa/m/n' will be
(Font)              scaled to size 5.21004pt on input line 1706.
LaTeX Font Info:    Font shape `U/msb/m/n' will be
(Font)              scaled to size 8.33606pt on input line 1706.
LaTeX Font Info:    Font shape `U/msb/m/n' will be
(Font)              scaled to size 5.21004pt on input line 1706.

LaTeX Warning: Marginpar on page 35 moved.

[35] [36] [37] [38] [39] [40]
Overfull \hbox (5.35982pt too wide) in paragraph at lines 1989--1994
[]\T1/pplj/m/n/10 So the price of oil is de-ter-mined by the cost of pro-duc-in
g a marginal 
 []

[41]
LaTeX Font Info:    Try loading font information for T1+fvm on input line 2087.

(C:\Users\sjstr\AppData\Roaming\MiKTeX\2.9\tex\latex\bera\t1fvm.fd
File: t1fvm.fd 2004/09/07 scalable font definitions for T1/fvm.
)
LaTeX Font Info:    Font shape `T1/fvm/m/n' will be
(Font)              scaled to size 6.80005pt on input line 2087.

LaTeX Warning: Marginpar on page 42 moved.

[42] [43] [44] [45] [46]
Overfull \hbox (6.87596pt too wide) in paragraph at lines 2247--2247
|\T1/pplj/m/it/12 PART 5: TAX IN PRIN-CI-PLE: ON THE SHOUL-DERS OF GI-
 []

[47] [48] [49] [50] [51] [52] [53] [54] [55]
LaTeX Font Info:    Font shape `T1/fvm/m/n' will be
(Font)              scaled to size 8.50006pt on input line 2740.
[56] [57]
Overfull \hbox (1.99979pt too wide) in paragraph at lines 2875--2878
\T1/pplj/m/n/10 re-sources that are fixed or lim-ited in sup-ply, or mo-nop-o-l
ised e.g. land, 
 []


LaTeX Warning: Marginpar on page 58 moved.

[58] [59]
Overfull \hbox (24.7099pt too wide) in alignment at lines 3053--3058
 [] [] 
 []


Overfull \hbox (24.7099pt too wide) in alignment at lines 3058--3073
 [] [] 
 []

[60]
Overfull \hbox (37.11992pt too wide) in alignment at lines 3116--3121
 [] [] 
 []


Overfull \hbox (37.11992pt too wide) in alignment at lines 3121--3127
 [] [] 
 []

[61] [62]
Overfull \hbox (175.9501pt too wide) in alignment at lines 3161--3167
 [] [] [] [] [] [] [] [] [] [] 
 []


Overfull \hbox (175.9501pt too wide) in alignment at lines 3167--3172
 [] [] [] [] [] [] [] [] [] [] 
 []


Overfull \hbox (175.9501pt too wide) in alignment at lines 3172--3190
 [] [] [] [] [] [] [] [] [] [] 
 []


LaTeX Warning: Marginpar on page 63 moved.

[63]
Underfull \hbox (badness 10000) in paragraph at lines 3232--3232
[]\T1/pplj/m/n/10 Table 5: Func-tions of each tax: sub-jec-tive clas-si-fi-ca-t
ion by the
 []

[64] [65] [66]
Overfull \hbox (3.6198pt too wide) in paragraph at lines 3385--3392
\T1/pplj/m/n/10 The gov-ern-ment spent, in to-tal, around ?217 bil-lion pounds 
in 2016/17 
 []


LaTeX Warning: Marginpar on page 67 moved.


LaTeX Warning: Marginpar on page 67 moved.


LaTeX Warning: Marginpar on page 67 moved.

[67] [68] [69] [70] [71] [72]
Overfull \hbox (42.36972pt too wide) in paragraph at lines 3687--3691
[]\T1/pplj/m/n/10 Wealthy peo-ple are able to put money into un-fair pseudo-inv
estments,which 
 []

<ChapterPictures/6-1-InequalityPic.jpg, id=1040, 451.6875pt x 295.1025pt>
File: ChapterPictures/6-1-InequalityPic.jpg Graphic file (type jpg)
<use ChapterPictures/6-1-InequalityPic.jpg>
Package pdftex.def Info: ChapterPictures/6-1-InequalityPic.jpg  used on input l
ine 3723.
(pdftex.def)             Requested size: 312.0162pt x 203.85057pt.
[73] [74 <./ChapterPictures/6-1-InequalityPic.jpg>] [75] [76]
<ChapterPictures/6-2-DistributionOfHouseholdWealth.png, id=1069, 347.79938pt x 
249.93375pt>
File: ChapterPictures/6-2-DistributionOfHouseholdWealth.png Graphic file (type 
png)
<use ChapterPictures/6-2-DistributionOfHouseholdWealth.png>
Package pdftex.def Info: ChapterPictures/6-2-DistributionOfHouseholdWealth.png 
 used on input line 3906.
(pdftex.def)             Requested size: 312.01352pt x 224.2175pt.
[77]
<ChapterPictures/6-3-HouseholdWealthDistribution.png, id=1083, 688.82344pt x 37
4.14781pt>
File: ChapterPictures/6-3-HouseholdWealthDistribution.png Graphic file (type pn
g)
<use ChapterPictures/6-3-HouseholdWealthDistribution.png>
Package pdftex.def Info: ChapterPictures/6-3-HouseholdWealthDistribution.png  u
sed on input line 3936.
(pdftex.def)             Requested size: 311.99623pt x 169.4668pt.
[78 <./ChapterPictures/6-2-DistributionOfHouseholdWealth.png>] [79 <./ChapterPi
ctures/6-3-HouseholdWealthDistribution.png>]
<OtherPictures/IncomeAfterTaxes2.png, id=1105, 176.91093pt x 400.49625pt>
File: OtherPictures/IncomeAfterTaxes2.png Graphic file (type png)
<use OtherPictures/IncomeAfterTaxes2.png>
Package pdftex.def Info: OtherPictures/IncomeAfterTaxes2.png  used on input lin
e 3985.
(pdftex.def)             Requested size: 272.14403pt x 616.0878pt.

LaTeX Warning: Float too large for page by 5.0878pt on input line 3987.

<ChapterPictures/6-4-ShareOfTopIncome.png, id=1108, 432.11438pt x 167.87718pt>
File: ChapterPictures/6-4-ShareOfTopIncome.png Graphic file (type png)
<use ChapterPictures/6-4-ShareOfTopIncome.png>
Package pdftex.def Info: ChapterPictures/6-4-ShareOfTopIncome.png  used on inpu
t line 4012.
(pdftex.def)             Requested size: 312.01224pt x 121.21729pt.
[80 <./ChapterPictures/6-4-ShareOfTopIncome.png>] [81 <./OtherPictures/IncomeAf
terTaxes2.png>] [82] [83]
<ChapterPictures/6-5-Healthandsocialproblems.png, id=1155, 430.60875pt x 306.39
468pt>
File: ChapterPictures/6-5-Healthandsocialproblems.png Graphic file (type png)
<use ChapterPictures/6-5-Healthandsocialproblems.png>
Package pdftex.def Info: ChapterPictures/6-5-Healthandsocialproblems.png  used 
on input line 4160.
(pdftex.def)             Requested size: 302.64618pt x 215.3444pt.

LaTeX Warning: Marginpar on page 84 moved.

<ChapterPictures/6-6-IneqLift.jpg, id=1158, 903.375pt x 618.05907pt>
File: ChapterPictures/6-6-IneqLift.jpg Graphic file (type jpg)
<use ChapterPictures/6-6-IneqLift.jpg>
Package pdftex.def Info: ChapterPictures/6-6-IneqLift.jpg  used on input line 4
213.
(pdftex.def)             Requested size: 302.64973pt x 207.06285pt.
[84 <./ChapterPictures/6-5-Healthandsocialproblems.png>] [85 <./ChapterPictures
/6-6-IneqLift.jpg>]
<ChapterPictures/6-7-IntergenerationalEarningsElasticity.png, id=1179, 374.1478
1pt x 271.76532pt>
File: ChapterPictures/6-7-IntergenerationalEarningsElasticity.png Graphic file 
(type png)
<use ChapterPictures/6-7-IntergenerationalEarningsElasticity.png>
Package pdftex.def Info: ChapterPictures/6-7-IntergenerationalEarningsElasticit
y.png  used on input line 4269.
(pdftex.def)             Requested size: 312.01552pt x 226.63503pt.
<ChapterPictures/6-8-AdvertisementPromotingEducation.png, id=1180, 602.25pt x 4
17.05812pt>
File: ChapterPictures/6-8-AdvertisementPromotingEducation.png Graphic file (typ
e png)
<use ChapterPictures/6-8-AdvertisementPromotingEducation.png>
Package pdftex.def Info: ChapterPictures/6-8-AdvertisementPromotingEducation.pn
g  used on input line 4292.
(pdftex.def)             Requested size: 302.64972pt x 209.58493pt.
[86 <./ChapterPictures/6-7-IntergenerationalEarningsElasticity.png>] [87 <./Cha
pterPictures/6-8-AdvertisementPromotingEducation.png>]
<ChapterPictures/6-9-WealthIneqDemocracy.jpg, id=1198, 376.40625pt x 238.64156p
t>
File: ChapterPictures/6-9-WealthIneqDemocracy.jpg Graphic file (type jpg)
<use ChapterPictures/6-9-WealthIneqDemocracy.jpg>
Package pdftex.def Info: ChapterPictures/6-9-WealthIneqDemocracy.jpg  used on i
nput line 4353.
(pdftex.def)             Requested size: 312.0208pt x 197.82117pt.
[88 <./ChapterPictures/6-9-WealthIneqDemocracy.jpg>] [89]
<ChapterPictures/6-10-UnitedStatesWealthDistributionActualEstimatedandIdeal.png
, id=1229, 340.27126pt x 258.9675pt>
File: ChapterPictures/6-10-UnitedStatesWealthDistributionActualEstimatedandIdea
l.png Graphic file (type png)
<use ChapterPictures/6-10-UnitedStatesWealthDistributionActualEstimatedandIdeal
.png>
Package pdftex.def Info: ChapterPictures/6-10-UnitedStatesWealthDistributionAct
ualEstimatedandIdeal.png  used on input line 4470.
(pdftex.def)             Requested size: 302.65353pt x 230.33807pt.
[90 <./ChapterPictures/6-10-UnitedStatesWealthDistributionActualEstimatedandIde
al.png>] [91]
<ChapterPictures/6-11-InheritanceCartoon.jpg, id=1245, 144.54pt x 93.2283pt>
File: ChapterPictures/6-11-InheritanceCartoon.jpg Graphic file (type jpg)
<use ChapterPictures/6-11-InheritanceCartoon.jpg>
Package pdftex.def Info: ChapterPictures/6-11-InheritanceCartoon.jpg  used on i
nput line 4551.
(pdftex.def)             Requested size: 312.01645pt x 201.25063pt.
[92 <./ChapterPictures/6-11-InheritanceCartoon.jpg>]
Overfull \hbox (218.82982pt too wide) in alignment at lines 4596--4601
 [] [] [] [] 
 []


Overfull \hbox (218.82982pt too wide) in alignment at lines 4601--4610
 [] [] [] [] 
 []

<ChapterPictures/6-12-TopIncomeMTR.png, id=1253, 542.025pt x 302.63063pt>
File: ChapterPictures/6-12-TopIncomeMTR.png Graphic file (type png)
<use ChapterPictures/6-12-TopIncomeMTR.png>
Package pdftex.def Info: ChapterPictures/6-12-TopIncomeMTR.png  used on input l
ine 4620.
(pdftex.def)             Requested size: 312.00931pt x 174.2052pt.
[93]

LaTeX Warning: Marginpar on page 94 moved.

<ChapterPictures/6-13-ImpactTBIneq.png, id=1263, 602.25pt x 337.26pt>
File: ChapterPictures/6-13-ImpactTBIneq.png Graphic file (type png)
<use ChapterPictures/6-13-ImpactTBIneq.png>
Package pdftex.def Info: ChapterPictures/6-13-ImpactTBIneq.png  used on input l
ine 4647.
(pdftex.def)             Requested size: 312.0139pt x 174.72778pt.
[94 <./ChapterPictures/6-12-TopIncomeMTR.png> <./ChapterPictures/6-13-ImpactTBI
neq.png>]
<ChapterPictures/6-14-IncomeProgressivityTax.png, id=1274, 602.25pt x 337.26pt>

File: ChapterPictures/6-14-IncomeProgressivityTax.png Graphic file (type png)
<use ChapterPictures/6-14-IncomeProgressivityTax.png>
Package pdftex.def Info: ChapterPictures/6-14-IncomeProgressivityTax.png  used 
on input line 4674.
(pdftex.def)             Requested size: 312.0139pt x 174.72778pt.
<ChapterPictures/6-15-CorrelationIncomeSharesAndMTR.png, id=1275, 377.15906pt x
 238.64156pt>
File: ChapterPictures/6-15-CorrelationIncomeSharesAndMTR.png Graphic file (type
 png)
<use ChapterPictures/6-15-CorrelationIncomeSharesAndMTR.png>
Package pdftex.def Info: ChapterPictures/6-15-CorrelationIncomeSharesAndMTR.png
  used on input line 4696.
(pdftex.def)             Requested size: 312.00029pt x 197.41335pt.
[95 <./ChapterPictures/6-14-IncomeProgressivityTax.png>]
Overfull \hbox (4.02979pt too wide) in paragraph at lines 4704--4715
[]\T1/pplj/m/n/10 Immediately we can see a strong op-po-si-tional re-la-tion-sh
ip, whereby 
 []

<ChapterPictures/6-16-TopShareTopMTR.jpg, id=1285, 740.7675pt x 490.83376pt>
File: ChapterPictures/6-16-TopShareTopMTR.jpg Graphic file (type jpg)
<use ChapterPictures/6-16-TopShareTopMTR.jpg>
Package pdftex.def Info: ChapterPictures/6-16-TopShareTopMTR.jpg  used on input
 line 4722.
(pdftex.def)             Requested size: 312.00188pt x 206.73294pt.
[96 <./ChapterPictures/6-15-CorrelationIncomeSharesAndMTR.png>] [97 <./ChapterP
ictures/6-16-TopShareTopMTR.jpg>] [98]

LaTeX Warning: Marginpar on page 99 moved.

[99]
Overfull \hbox (1.70001pt too wide) in paragraph at lines 4958--4959
[]\T1/pplj/m/n/10 (33499 x 0.2) + (4999 x 0.4) = 6699.8 + 1999.6 = 86
99.4.  
 []

[100] [101]
Overfull \hbox (70.4099pt too wide) in alignment at lines 5105--5109
 [] [] 
 []


Overfull \hbox (70.4099pt too wide) in alignment at lines 5109--5113
 [] [] 
 []

[102] [103]
Overfull \hbox (1.67987pt too wide) in alignment at lines 5173--5185
 [] [] [] [] 
 []


Overfull \hbox (1.67987pt too wide) in alignment at lines 5185--5277
 [] [] [] [] 
 []


Overfull \hbox (48.84981pt too wide) in paragraph at lines 5296--5299
[]\T1/pplj/m/n/10 Political prob-lems with-grow-ing in-equal-ity -> Oli-garchy.
 Monopoly/Oligarchy 
 []

[104]
<ChapterPictures/6-17-richgetricher.png, id=1364, 550.30594pt x 438.8897pt>
File: ChapterPictures/6-17-richgetricher.png Graphic file (type png)
<use ChapterPictures/6-17-richgetricher.png>
Package pdftex.def Info: ChapterPictures/6-17-richgetricher.png  used on input 
line 5330.
(pdftex.def)             Requested size: 312.00664pt x 248.83704pt.
[105 <./ChapterPictures/6-17-richgetricher.png>]

LaTeX Warning: Marginpar on page 106 moved.


LaTeX Warning: Marginpar on page 106 moved.


LaTeX Warning: Marginpar on page 106 moved.


LaTeX Warning: Marginpar on page 106 moved.

[106]
<ChapterPictures/6-18-CapitalIncomeDisplacingLabourIncome.png, id=1377, 451.687
5pt x 420.06938pt>
File: ChapterPictures/6-18-CapitalIncomeDisplacingLabourIncome.png Graphic file
 (type png)
<use ChapterPictures/6-18-CapitalIncomeDisplacingLabourIncome.png>
Package pdftex.def Info: ChapterPictures/6-18-CapitalIncomeDisplacingLabourInco
me.png  used on input line 5412.
(pdftex.def)             Requested size: 312.0162pt x 290.17508pt.
[107 <./ChapterPictures/6-18-CapitalIncomeDisplacingLabourIncome.png>]
<OtherPictures/Monopoly.png, id=1386, 494.59781pt x 224.33812pt>
File: OtherPictures/Monopoly.png Graphic file (type png)
<use OtherPictures/Monopoly.png>
Package pdftex.def Info: OtherPictures/Monopoly.png  used on input line 5480.
(pdftex.def)             Requested size: 311.99825pt x 141.51518pt.
[108]
Overfull \hbox (6.7598pt too wide) in paragraph at lines 5489--5496
[]\T1/pplj/m/n/10 Another ef-fect is closely re-lated and acts to ac-cen-tu-ate
 the monopoly 
 []

<OtherPictures/FactorsOfIncomeInequality.png, id=1393, 517.18219pt x 135.50626p
t>
File: OtherPictures/FactorsOfIncomeInequality.png Graphic file (type png)
<use OtherPictures/FactorsOfIncomeInequality.png>
Package pdftex.def Info: OtherPictures/FactorsOfIncomeInequality.png  used on i
nput line 5513.
(pdftex.def)             Requested size: 312.00839pt x 81.7489pt.
[109 <./OtherPictures/Monopoly.png> <./OtherPictures/FactorsOfIncomeInequality.
png>] [110] [111] [112] [113] [114] [115]
<ChapterPictures/11-1-UKUnemploymentRate.png, id=1455, 451.6875pt x 279.29344pt
>
File: ChapterPictures/11-1-UKUnemploymentRate.png Graphic file (type png)
<use ChapterPictures/11-1-UKUnemploymentRate.png>
Package pdftex.def Info: ChapterPictures/11-1-UKUnemploymentRate.png  used on i
nput line 5807.
(pdftex.def)             Requested size: 312.0162pt x 192.93002pt.
<ChapterPictures/11-2-UpwardMobility.jpg, id=1457, 554.07pt x 430.60875pt>
File: ChapterPictures/11-2-UpwardMobility.jpg Graphic file (type jpg)
<use ChapterPictures/11-2-UpwardMobility.jpg>
Package pdftex.def Info: ChapterPictures/11-2-UpwardMobility.jpg  used on input
 line 5831.
(pdftex.def)             Requested size: 302.64275pt x 235.20604pt.
[116 <./ChapterPictures/11-1-UKUnemploymentRate.png>]
Overfull \hbox (1.40976pt too wide) in paragraph at lines 5869--5879
\T1/pplj/m/n/10 A re-lated phe-nomenon is un-der-em-ploy-ment and the under-uti
lization 
 []

[117 <./ChapterPictures/11-2-UpwardMobility.jpg>]
<ChapterPictures/11-3-MismatchedEmployment.png, id=1480, 626.34pt x 386.94562pt
>
File: ChapterPictures/11-3-MismatchedEmployment.png Graphic file (type png)
<use ChapterPictures/11-3-MismatchedEmployment.png>
Package pdftex.def Info: ChapterPictures/11-3-MismatchedEmployment.png  used on
 input line 5882.
(pdftex.def)             Requested size: 312.0128pt x 192.7579pt.
[118 <./ChapterPictures/11-3-MismatchedEmployment.png>] [119] [120]
<ChapterPictures/11-4-BeveridgeEvils.jpg, id=1520, 1204.5pt x 602.25pt>
File: ChapterPictures/11-4-BeveridgeEvils.jpg Graphic file (type jpg)
<use ChapterPictures/11-4-BeveridgeEvils.jpg>
Package pdftex.def Info: ChapterPictures/11-4-BeveridgeEvils.jpg  used on input
 line 6053.
(pdftex.def)             Requested size: 312.00473pt x 156.00235pt.

Overfull \hbox (0.28983pt too wide) in paragraph at lines 6071--6081
[]\T1/pplj/m/n/10 The wel-fare state has grown rapidly since its in-cep-tion. I
n 2015/16, 
 []

[121 <./ChapterPictures/11-4-BeveridgeEvils.jpg>]
<ChapterPictures/11-5-RealWages2009.png, id=1529, 622.57594pt x 402.00188pt>
File: ChapterPictures/11-5-RealWages2009.png Graphic file (type png)
<use ChapterPictures/11-5-RealWages2009.png>
Package pdftex.def Info: ChapterPictures/11-5-RealWages2009.png  used on input 
line 6089.
(pdftex.def)             Requested size: 311.99968pt x 201.4605pt.
[122 <./ChapterPictures/11-5-RealWages2009.png>]
<ChapterPictures/11-6-ParentingCosts.png, id=1543, 481.8pt x 277.78781pt>
File: ChapterPictures/11-6-ParentingCosts.png Graphic file (type png)
<use ChapterPictures/11-6-ParentingCosts.png>
Package pdftex.def Info: ChapterPictures/11-6-ParentingCosts.png  used on input
 line 6147.
(pdftex.def)             Requested size: 312.00471pt x 179.8902pt.
<ChapterPictures/11-7-TaxRates.png, id=1545, 466.74374pt x 291.33844pt>
File: ChapterPictures/11-7-TaxRates.png Graphic file (type png)
<use ChapterPictures/11-7-TaxRates.png>
Package pdftex.def Info: ChapterPictures/11-7-TaxRates.png  used on input line 
6162.
(pdftex.def)             Requested size: 312.01161pt x 194.75563pt.
[123 <./ChapterPictures/11-6-ParentingCosts.png>]
<ChapterPictures/11-8-MTR.png, id=1556, 585.68813pt x 301.125pt>
File: ChapterPictures/11-8-MTR.png Graphic file (type png)
<use ChapterPictures/11-8-MTR.png>
Package pdftex.def Info: ChapterPictures/11-8-MTR.png  used on input line 6176.

(pdftex.def)             Requested size: 302.65602pt x 155.6072pt.
[124 <./ChapterPictures/11-7-TaxRates.png> <./ChapterPictures/11-8-MTR.png>] [1
25] [126]
<ChapterPictures/11-9-MispaidBenefits.png, id=1590, 313.17pt x 243.15843pt>
File: ChapterPictures/11-9-MispaidBenefits.png Graphic file (type png)
<use ChapterPictures/11-9-MispaidBenefits.png>
Package pdftex.def Info: ChapterPictures/11-9-MispaidBenefits.png  used on inpu
t line 6340.
(pdftex.def)             Requested size: 312.0128pt x 242.25993pt.
[127 <./ChapterPictures/11-9-MispaidBenefits.png>] [128] [129] [130] [131] [132
] [133] [134] [135] [136] [137] [138] [139] [140] [141] [142] [143]
Overfull \hbox (7.50974pt too wide) in paragraph at lines 7180--7187
\T1/pplj/m/n/10 rents only, which should re-sult in no mar-ket ef-fi-ciency los
ses.Therefore, 
 []


LaTeX Warning: Marginpar on page 144 moved.

<ChapterPictures/7-1-IncTaxandCorpTax.png, id=1755, 302.12875pt x 281.05pt>
File: ChapterPictures/7-1-IncTaxandCorpTax.png Graphic file (type png)
<use ChapterPictures/7-1-IncTaxandCorpTax.png>
Package pdftex.def Info: ChapterPictures/7-1-IncTaxandCorpTax.png  used on inpu
t line 7207.
(pdftex.def)             Requested size: 312.00285pt x 290.2352pt.
[144] [145 <./ChapterPictures/7-1-IncTaxandCorpTax.png>] [146]

LaTeX Warning: Marginpar on page 147 moved.


LaTeX Warning: Marginpar on page 147 moved.

[147]
<ChapterPictures/7-2-ReceiptsFromCorpTax.png, id=1796, 299.6796pt x 211.992pt>
File: ChapterPictures/7-2-ReceiptsFromCorpTax.png Graphic file (type png)
<use ChapterPictures/7-2-ReceiptsFromCorpTax.png>
Package pdftex.def Info: ChapterPictures/7-2-ReceiptsFromCorpTax.png  used on i
nput line 7375.
(pdftex.def)             Requested size: 312.02066pt x 220.722pt.
[148 <./ChapterPictures/7-2-ReceiptsFromCorpTax.png>]
Overfull \hbox (8.95978pt too wide) in paragraph at lines 7418--7422
[]\T1/pplj/m/n/10 According to the Eu-ro-pean Com-mis-sion, this ar-range-ment 
amounted 
 []


Overfull \hbox (4.76979pt too wide) in paragraph at lines 7428--7430
[]\T1/pplj/m/it/9 Our rules don't stop gov-ern-ments ap-ply-ing a law rate to e
v-ery com-pany...what 
 []

[149]
<ChapterPictures/7-3-EUCorpTaxRates.png, id=1815, 306.4248pt x 252.945pt>
File: ChapterPictures/7-3-EUCorpTaxRates.png Graphic file (type png)
<use ChapterPictures/7-3-EUCorpTaxRates.png>
Package pdftex.def Info: ChapterPictures/7-3-EUCorpTaxRates.png  used on input 
line 7451.
(pdftex.def)             Requested size: 312.01613pt x 257.56049pt.
<ChapterPictures/7-4-UKCorpTaxCuts.png, id=1818, 293.4162pt x 220.6644pt>
File: ChapterPictures/7-4-UKCorpTaxCuts.png Graphic file (type png)
<use ChapterPictures/7-4-UKCorpTaxCuts.png>
Package pdftex.def Info: ChapterPictures/7-4-UKCorpTaxCuts.png  used on input l
ine 7472.
(pdftex.def)             Requested size: 312.00914pt x 234.64725pt.
[150 <./ChapterPictures/7-3-EUCorpTaxRates.png>]
<ChapterPictures/7-5-OECDVATRates.png, id=1827, 262.0992pt x 135.3858pt>
File: ChapterPictures/7-5-OECDVATRates.png Graphic file (type png)
<use ChapterPictures/7-5-OECDVATRates.png>
Package pdftex.def Info: ChapterPictures/7-5-OECDVATRates.png  used on input li
ne 7496.
(pdftex.def)             Requested size: 312.00188pt x 161.16273pt.
[151 <./ChapterPictures/7-4-UKCorpTaxCuts.png>]

LaTeX Warning: Marginpar on page 152 moved.

[152 <./ChapterPictures/7-5-OECDVATRates.png>]

LaTeX Warning: Marginpar on page 153 moved.

[153]

LaTeX Warning: Marginpar on page 154 moved.

[154]
Overfull \hbox (20.25462pt too wide) detected at line 7678
\OML/zplm/m/it/10 Weighting[] \OT1/zplm/m/n/10 = [] \OMS/zplm/m/n/10  []
 []

[155]

LaTeX Warning: Marginpar on page 156 moved.

[156]
<ChapterPictures/8-1-RealWagesvsHousePrices.png, id=1885, 444.91219pt x 275.529
37pt>
File: ChapterPictures/8-1-RealWagesvsHousePrices.png Graphic file (type png)
<use ChapterPictures/8-1-RealWagesvsHousePrices.png>
Package pdftex.def Info: ChapterPictures/8-1-RealWagesvsHousePrices.png  used o
n input line 7797.
(pdftex.def)             Requested size: 311.99986pt x 193.21819pt.
[157]
<ChapterPictures/8-2-Firsttimebuyer.png, id=1897, 451.6875pt x 232.61906pt>
File: ChapterPictures/8-2-Firsttimebuyer.png Graphic file (type png)
<use ChapterPictures/8-2-Firsttimebuyer.png>
Package pdftex.def Info: ChapterPictures/8-2-Firsttimebuyer.png  used on input 
line 7811.
(pdftex.def)             Requested size: 302.65662pt x 155.86815pt.
<ChapterPictures/8-3-Housepriceaffordability.png, id=1900, 444.15938pt x 274.77
657pt>
File: ChapterPictures/8-3-Housepriceaffordability.png Graphic file (type png)
<use ChapterPictures/8-3-Housepriceaffordability.png>
Package pdftex.def Info: ChapterPictures/8-3-Housepriceaffordability.png  used 
on input line 7831.
(pdftex.def)             Requested size: 302.6411pt x 187.22711pt.
[158 <./ChapterPictures/8-1-RealWagesvsHousePrices.png> <./ChapterPictures/8-2-
Firsttimebuyer.png>]
<ChapterPictures/8-4-Percentageownershipbyage.png, id=1912, 1202.4925pt x 698.6
1pt>
File: ChapterPictures/8-4-Percentageownershipbyage.png Graphic file (type png)
<use ChapterPictures/8-4-Percentageownershipbyage.png>
Package pdftex.def Info: ChapterPictures/8-4-Percentageownershipbyage.png  used
 on input line 7849.
(pdftex.def)             Requested size: 302.64072pt x 175.82466pt.
[159 <./ChapterPictures/8-3-Housepriceaffordability.png> <./ChapterPictures/8-4
-Percentageownershipbyage.png>]
<ChapterPictures/8-5-Householdnetpropertywealth2012.png, id=1922, 467.49657pt x
 349.305pt>
File: ChapterPictures/8-5-Householdnetpropertywealth2012.png Graphic file (type
 png)
<use ChapterPictures/8-5-Householdnetpropertywealth2012.png>
Package pdftex.def Info: ChapterPictures/8-5-Householdnetpropertywealth2012.png
  used on input line 7873.
(pdftex.def)             Requested size: 312.01552pt x 233.13237pt.
[160 <./ChapterPictures/8-5-Householdnetpropertywealth2012.png>] [161] [162]
<ChapterPictures/8-6-Indexofhousingmarketcosts1983-2007.png, id=1951, 629.35126
pt x 460.72125pt>
File: ChapterPictures/8-6-Indexofhousingmarketcosts1983-2007.png Graphic file (
type png)
<use ChapterPictures/8-6-Indexofhousingmarketcosts1983-2007.png>
Package pdftex.def Info: ChapterPictures/8-6-Indexofhousingmarketcosts1983-2007
.png  used on input line 8039.
(pdftex.def)             Requested size: 311.99557pt x 228.39868pt.
[163 <./ChapterPictures/8-6-Indexofhousingmarketcosts1983-2007.png>] [164]
Overfull \hbox (4.60979pt too wide) in paragraph at lines 8148--8150
[]\T1/pplj/m/n/10 Great minds have al-ready con-sid-ered this mat-ter. Win-ston
 Churchill 
 []

[165]
<ChapterPictures/8-7-Monopoly.jpg, id=1981, 548.0475pt x 198.7425pt>
File: ChapterPictures/8-7-Monopoly.jpg Graphic file (type jpg)
<use ChapterPictures/8-7-Monopoly.jpg>
Package pdftex.def Info: ChapterPictures/8-7-Monopoly.jpg  used on input line 8
214.
(pdftex.def)             Requested size: 302.64798pt x 109.75145pt.

LaTeX Warning: Marginpar on page 166 moved.

[166 <./ChapterPictures/8-7-Monopoly.jpg>]
<ChapterPictures/8-8-GeorgeSign.jpg, id=1988, 376.40625pt x 250.68657pt>
File: ChapterPictures/8-8-GeorgeSign.jpg Graphic file (type jpg)
<use ChapterPictures/8-8-GeorgeSign.jpg>
Package pdftex.def Info: ChapterPictures/8-8-GeorgeSign.jpg  used on input line
 8275.
(pdftex.def)             Requested size: 312.0208pt x 207.80585pt.
[167] [168 <./ChapterPictures/8-8-GeorgeSign.jpg>]
Overfull \hbox (3.25977pt too wide) in paragraph at lines 8330--8333
\T1/pplj/m/n/10 com-mis-sioned by the In-sti-tute for Fis-cal Stud-ies in 2010/
11. It brought 
 []

[169]

LaTeX Warning: Marginpar on page 170 moved.

[170] [171] [172] [173] [174] [175] [176]
<ChapterPictures/8-9-DenmarkLVT.png, id=2081, 385.44pt x 201.75375pt>
File: ChapterPictures/8-9-DenmarkLVT.png Graphic file (type png)
<use ChapterPictures/8-9-DenmarkLVT.png>
Package pdftex.def Info: ChapterPictures/8-9-DenmarkLVT.png  used on input line
 8775.
(pdftex.def)             Requested size: 302.63576pt x 158.41089pt.
[177 <./ChapterPictures/8-9-DenmarkLVT.png>] [178]
Overfull \hbox (0.38982pt too wide) in paragraph at lines 8932--8940
\T1/pplj/m/n/10 pri-mor-dial form which pre-cedes hu-man ex-is-tence. It has be
en formed 
 []

[179] [180]
LaTeX Font Info:    Font shape `T1/pplj/bx/n' in size <8> not available
(Font)              Font shape `T1/pplj/b/n' tried instead on input line 9003.

LaTeX Warning: Marginpar on page 181 moved.

[181]
Overfull \hbox (0.90985pt too wide) in paragraph at lines 9083--9091
\T1/pplj/m/n/10 guish be-tween land and cap-i-tal in eco-nomic mod-els leads to
``incorrect 
 []

[182] [183]
Overfull \hbox (3.1621pt too wide) in paragraph at lines 9220--9220
|\T1/pplj/m/it/10.95 7. Land is sub-ject to mar-ket forces that dif-fer from th
ose that de-ter-mine
 []

[184]
Overfull \hbox (10.76132pt too wide) in paragraph at lines 9245--9245
|\T1/pplj/m/it/10.95 8. Land price guides in-vestors and de-ter-mines the char-
ac-ter of cap-i-tal, as
 []


Overfull \hbox (10.9694pt too wide) in paragraph at lines 9285--9285
|\T1/pplj/m/it/10.95 10. Land value (ba-sic per-ma-nent lo-ca-tion value)is not
 an eco-nomic fund.| 
 []

[185]
Overfull \hbox (13.93681pt too wide) in paragraph at lines 9306--9306
|\T1/pplj/m/it/10.95 1. The ori-gin of prop-erty in land is po-lit-i-cal and ow
n-ing land im-parts su-
 []

[186] [187]
Overfull \hbox (12.50243pt too wide) in paragraph at lines 9454--9454
|\T1/pplj/m/it/10.95 4. The Price of Land Must Be Sys-tem-i-cally Risky to Com-
pen-sate For Su-
 []

[188]
Overfull \hbox (3.97246pt too wide) in paragraph at lines 9469--9469
|\T1/pplj/m/it/10.95 5. The Fall In In-ter-est Rate Makes Prop-erty Own-ers Ric
her and Makes
 []

<OtherPictures/WealthRentIncreases1.png, id=2203, 904.1278pt x 762.59906pt>
File: OtherPictures/WealthRentIncreases1.png Graphic file (type png)
<use OtherPictures/WealthRentIncreases1.png>
Package pdftex.def Info: OtherPictures/WealthRentIncreases1.png  used on input 
line 9497.
(pdftex.def)             Requested size: 311.99341pt x 263.15514pt.
[189] [190 <./OtherPictures/WealthRentIncreases1.png>] [191] [192] [193]

LaTeX Warning: Marginpar on page 194 moved.

[194] [195]
Overfull \hbox (1.19722pt too wide) in alignment at lines 9872--9886
 [] [] [] [] [] 
 []


Overfull \hbox (18.04048pt too wide) in paragraph at lines 9908--9909
[]\T1/pplj/m/n/10 ResolutionFund|  
 []


Overfull \hbox (40.59052pt too wide) in paragraph at lines 9913--9914
\T1/pplj/m/n/10 LiabilitiesDerivatives|  
 []


Overfull \hbox (1.96053pt too wide) in paragraph at lines 9944--9945
[]\T1/pplj/m/n/10 Netherlands 
 []


Overfull \hbox (1.19722pt too wide) in alignment at lines 9886--9988
 [] [] [] [] [] 
 []

[196] [197]

LaTeX Warning: Marginpar on page 198 moved.

[198] [199]

LaTeX Warning: Marginpar on page 200 moved.

[200] [201] [202] [203] [204] [205]
<OtherPictures/EnvironmentalIssues.png, id=2354, 262.73157pt x 259.7203pt>
File: OtherPictures/EnvironmentalIssues.png Graphic file (type png)
<use OtherPictures/EnvironmentalIssues.png>
Package pdftex.def Info: OtherPictures/EnvironmentalIssues.png  used on input l
ine 10469.
(pdftex.def)             Requested size: 312.013pt x 308.4369pt.
[206 <./OtherPictures/EnvironmentalIssues.png>]

LaTeX Warning: Marginpar on page 207 moved.


LaTeX Warning: Marginpar on page 207 moved.


LaTeX Warning: Marginpar on page 207 moved.

[207]

LaTeX Warning: Marginpar on page 208 moved.

[208]

LaTeX Warning: Marginpar on page 209 moved.

<ChapterPictures/9-1-PigovianTax.png, id=2381, 211.54031pt x 134.75343pt>
File: ChapterPictures/9-1-PigovianTax.png Graphic file (type png)
<use ChapterPictures/9-1-PigovianTax.png>
Package pdftex.def Info: ChapterPictures/9-1-PigovianTax.png  used on input lin
e 10616.
(pdftex.def)             Requested size: 302.65204pt x 192.79257pt.

Overfull \hbox (7.46394pt too wide) in paragraph at lines 10635--10635
|\T1/pplj/m/it/12 12.2 Pol-icy Op-tions for Tack-ling So-cial and En-vi-ron-men
-tal Dam-
 []

[209 <./ChapterPictures/9-1-PigovianTax.png>]
<OtherPictures/EnvironmentalInitiatives.png, id=2391, 357.58594pt x 255.95625pt
>
File: OtherPictures/EnvironmentalInitiatives.png Graphic file (type png)
<use OtherPictures/EnvironmentalInitiatives.png>
Package pdftex.def Info: OtherPictures/EnvironmentalInitiatives.png  used on in
put line 10669.
(pdftex.def)             Requested size: 312.01936pt x 223.34016pt.
[210]
Overfull \hbox (37.66975pt too wide) in paragraph at lines 10676--10683
\T1/pplj/m/n/10 mis-ing the abil-ity of fu-ture gen-er-a-tions to meet their ow
n needs.'(Commission 
 []

[211 <./OtherPictures/EnvironmentalInitiatives.png>]

LaTeX Warning: Marginpar on page 212 moved.


Overfull \hbox (4.81973pt too wide) in paragraph at lines 10751--10754
[]\T1/pplj/m/n/10 However, there are fur-ther rea-sons to seek al-ter-na-tives 
to command- 
 []

[212] [213] [214] [215] [216] [217]

LaTeX Warning: Marginpar on page 218 moved.


Overfull \hbox (3.1293pt too wide) in paragraph at lines 11061--11061
|\T1/pplj/m/it/10.95 The Per-fect Mar-ket: Should We Re-duce Dead-weight Loss a
t All Costs?| 
 []

[218] [219] [220] [221]
Overfull \hbox (0.97972pt too wide) in paragraph at lines 11299--11315
\T1/pplj/m/n/10 con-clu-sions on ve-hi-cle taxes. We sup-port per-mile con-ges-
tion charges, 
 []

[222] [223] [224]
LaTeX Font Info:    Font shape `U/msa/m/n' will be
(Font)              scaled to size 11.40997pt on input line 11429.
LaTeX Font Info:    Font shape `U/msb/m/n' will be
(Font)              scaled to size 11.40997pt on input line 11429.

LaTeX Warning: Marginpar on page 225 moved.

[225]

LaTeX Warning: Marginpar on page 226 moved.

[226]

LaTeX Warning: Marginpar on page 227 moved.

LaTeX Font Info:    Font shape `U/msa/m/n' will be
(Font)              scaled to size 9.37807pt on input line 11546.
LaTeX Font Info:    Font shape `U/msa/m/n' will be
(Font)              scaled to size 7.29405pt on input line 11546.
LaTeX Font Info:    Font shape `U/msb/m/n' will be
(Font)              scaled to size 9.37807pt on input line 11546.
LaTeX Font Info:    Font shape `U/msb/m/n' will be
(Font)              scaled to size 7.29405pt on input line 11546.

LaTeX Warning: Marginpar on page 227 moved.


Overfull \hbox (2.364pt too wide) in paragraph at lines 11573--11573
|\T1/pplj/m/it/12 12.8 Bor-ders and Com-pe-ti-tion: Mak-ing a National-Level Ca
r-bon
 []

[227]

LaTeX Warning: Marginpar on page 228 moved.

[228] [229]

LaTeX Warning: Marginpar on page 230 moved.

[230] [231] [232] [233] [234] [235] [236] [237] [238] [239] [240] [241] [242] [
243] [244] [245]
Overfull \hbox (3.60976pt too wide) in paragraph at lines 12543--12556
\T1/pplj/m/n/10 pare the re-cip-i-ent both for em-ploy-ment and for entrepreneu
rship/self- 
 []

[246] [247] [248]
Overfull \hbox (14.27637pt too wide) in paragraph at lines 12696--12696
|\T1/pplj/m/it/10.95 Q. If we seek to uni-lat-er-ally re-duce tax avoid-ance an
d eva-sion, how do we
 []


Overfull \hbox (10.94759pt too wide) in paragraph at lines 12696--12696
\T1/pplj/m/it/10.95 know that com-pa-nies won't sim-ply take their busi-ness el
se-where, to more
 []

[249]
Overfull \hbox (2.74602pt too wide) in paragraph at lines 12721--12721
|\T1/pplj/m/it/10.95 Q. How much and in which ways does Brexit al-ter the play-
ing field for
 []


Overfull \hbox (3.77519pt too wide) in paragraph at lines 12738--12738
|\T1/pplj/m/it/10.95 Q. Wealth in-equal-ity is in-creas-ing, but UK in-come in-
equal-ity al-legedly
 []


Overfull \hbox (5.37401pt too wide) in paragraph at lines 12738--12738
\T1/pplj/m/it/10.95 hasn't changed since 1990. What is the rel-a-tive im-por-ta
nce of these two
 []


Overfull \hbox (7.09311pt too wide) in paragraph at lines 12738--12738
\T1/pplj/m/it/10.95 met-rics to qual-ity of life, and do we need to worry given
 that in-come in-
 []

[250]
Overfull \hbox (20.47406pt too wide) in paragraph at lines 12750--12750
|\T1/pplj/m/it/10.95 Q. Why is a land-value tax prefer-able to a Hong-Kong sys-
tem of land-lease
 []


Overfull \hbox (13.65211pt too wide) in paragraph at lines 12760--12760
|\T1/pplj/m/it/10.95 Q. Re: tax rev-enues, shouldn't we aim to raise 650bil-li
on or more, given
 []


Overfull \hbox (4.50893pt too wide) in paragraph at lines 12767--12767
|\T1/pplj/m/it/10.95 Q. Many re-new-able sources of en-ergy are cap-i-tal in-te
n-sive. Does a debt
 []


Overfull \hbox (13.91501pt too wide) in paragraph at lines 12780--12780
|\T1/pplj/m/it/10.95 Q. Why are you ob-sessed with ex-ports? CI is a wage sub-s
idy that will re-
 []


Overfull \hbox (3.62196pt too wide) in paragraph at lines 12780--12780
\T1/pplj/m/it/10.95 duce the cost of British goods, which could be a vir-tu-ous
 cy-cle al-low-ing
 []


Overfull \hbox (7.2246pt too wide) in paragraph at lines 12780--12780
\T1/pplj/m/it/10.95 peo-ple to live off lower in-come. Ex-empt-ing ex-ports fro
m 40% tax means
 []


Overfull \hbox (11.04614pt too wide) in paragraph at lines 12780--12780
\T1/pplj/m/it/10.95 do-mes-tic com-pa-nies will charge per-haps 20% more to Bri
tish peo-ple than
 []


Overfull \hbox (8.31956pt too wide) in paragraph at lines 12780--12780
\T1/pplj/m/it/10.95 for-eign-ers, while tax-pay-ers sub-sidise the wages of fac
-tory work-ers. (John
 []

[251]
Overfull \hbox (3.54538pt too wide) in paragraph at lines 12812--12812
|\T1/pplj/m/it/10.95 Q. Re: a tax on cash, isn't the amount of eva-sion via cas
h-in-hand pay-
 []


Overfull \hbox (18.34976pt too wide) in paragraph at lines 12822--12826
\T1/pplj/m/n/10 Retained earn-ings tax per se wouldn't nec-es-sar-ily fall foul
 of GATT/WTO 
 []


Overfull \hbox (9.94011pt too wide) in paragraph at lines 12831--12831
|\T1/pplj/m/it/10.95 Q. The super-rich don't hold their as-sets in the form of 
low-interest bank
 []


Overfull \hbox (25.06207pt too wide) in paragraph at lines 12831--12831
\T1/pplj/m/it/10.95 de-posits, so would a bank de-posit `wealth tax' not be qui
te re-gres-sive? (Ben)| 
 []


Overfull \hbox (3.77988pt too wide) in paragraph at lines 12861--12864
[]\T1/pplj/m/n/10 Adams, Mar-tin. 2016. ``A New Model of the Econ-omy, Brian Ho
dgkin- 
 []


Overfull \hbox (129.79277pt too wide) in paragraph at lines 12861--12864
\T1/pplj/m/n/10 son,'' []$\T1/fvm/m/n/10 https : / / www . progress . org / art
icles / a-[]new-[]model-[]of-[]the-[]economy-[]by-[]brian-[]hodgkinson$[]\T1/pp
lj/m/n/10 .  
 []

[252]
Overfull \hbox (194.15015pt too wide) in paragraph at lines 12865--12868
\T1/pplj/m/n/10 ture 3.'' []$\T1/fvm/m/n/10 https : / / ocw . mit . edu / cours
es / economics / 14-[]42-[]environmental-[]policy-[]and-[]economics-[]spring-[]
2011 / 
 []


Overfull \hbox (360.21454pt too wide) in paragraph at lines 12875--12879
\T1/fvm/m/n/10 independent . co . uk / news / business / news / a-[]quarter-[]o
f-[]uk-[]professionals-[]are-[]unhappy-[]with-[]their-[]work-[]life-[]balance-[
]survey-[]finds-[]10071994 . 
 []


Overfull \hbox (30.84134pt too wide) in paragraph at lines 12885--12890
\T1/fvm/m/n/10 williams . edu / Economics / wp / BakijaColeHeimJobsIncomeGrowth
TopEarners . 
 []


Overfull \hbox (267.86949pt too wide) in paragraph at lines 12899--12904
\T1/pplj/m/n/10 Yard-ley. 2012. ``Ben-e-fits Stigma in Britain.'' []http://www.
nhslothian.scot.nhs.uk/YourRights/WelfareReform/Documents/Benefits 
 []


Overfull \hbox (41.6158pt too wide) in paragraph at lines 12914--12918
\T1/pplj/m/n/10 vices.'' Macmil-lan. []$\T1/fvm/m/n/10 https : / / www . sochea
lth . co . uk / national-[]health-[]service / 
 []


Overfull \hbox (74.54314pt too wide) in paragraph at lines 12924--12928
\T1/pplj/m/n/10 ver-sity Press. []$\T1/fvm/m/n/10 https : / / www . amazon . co
 . uk / Economic-[]Theory-[]Retrospect-[]Mark-[]Blaug / 
 []

[253]
Overfull \hbox (62.15318pt too wide) in paragraph at lines 12935--12939
\T1/pplj/m/n/10 land tax.'' []$\T1/fvm/m/n/10 https : / / www . ft . com / cont
ent / 29bf998e-[]e61c-[]11e0-[]960c-[]00144feabdc0$[]\T1/pplj/m/n/10 .  
 []


Overfull \hbox (89.55975pt too wide) in paragraph at lines 12953--12956
[][]\T1/pplj/m/n/10 Carers UK. 2014. ``Car-ers at Break-ing Point.'' \T1/pplj/m
/it/10 Car-ers UK\T1/pplj/m/n/10 . []http://www.carersuk.org/for- 
 []


Overfull \hbox (22.98973pt too wide) in paragraph at lines 12953--12956
\T1/pplj/m/n/10 https://www.carersuk.org/for-professionals/policy/policy-librar
y/carers- 
 []


Overfull \hbox (432.48946pt too wide) in paragraph at lines 12960--12965
\T1/pplj/m/n/10 Royal Com-mis-sion on Tax-a-tion.'' []http://publications.gc.ca
/site/eng/search/search.html?st=1&ssti=&e=0&f=0&adoof=0&ast=Royal+Commission+on
+Taxation&cnst= 
 []


Overfull \hbox (7.70981pt too wide) in paragraph at lines 12960--12965
\T1/pplj/m/n/10 http://worthwhile.typepad.com/files/carter1966-taxation_familie
s.pdf[].  
 []


Overfull \hbox (54.80948pt too wide) in paragraph at lines 12977--12980
[]$\T1/fvm/m/n/10 https : / / www . cipd . co . uk / knowledge / work / skills 
/ industrial-[]strategy-[]report$[]\T1/pplj/m/n/10 .  
 []


Overfull \hbox (22.10727pt too wide) in paragraph at lines 12981--12984
\T1/fvm/m/n/10 / / www . cipd . co . uk / Images / employee-[]outlook _ 2016-[]
autumn _ tcm18-[]16797 . 
 []

[254]
Overfull \hbox (136.18204pt too wide) in paragraph at lines 13006--13010
\T1/fvm/m/n/10 nao . org . uk / wp-[]content / uploads / 2016 / 01 / Contracted
-[]out-[]health-[]and-[]disability-[]assessments . 
 []


Overfull \hbox (3.06981pt too wide) in paragraph at lines 13020--13024
\T1/pplj/m/n/10 Britains.'' March. []http://policy-practice.oxfam.org.uk/public
ations/a- 
 []


Overfull \hbox (93.25977pt too wide) in paragraph at lines 13020--13024
\T1/pplj/m/n/10 tale-of-two-britains-inequality-in-the-uk-314152 https://paperp
ile.com/c/XD9ymG/Ct6m[].  
 []


Overfull \hbox (117.7139pt too wide) in paragraph at lines 13034--13038
\T1/fvm/m/n/10 personalfinance / tax / 11544301 / The-[]chart-[]that-[]shows-[]
there-[]are-[]12-[]rates-[]of-[]income-[]tax . 
 []


Overfull \hbox (8.37952pt too wide) in paragraph at lines 13044--13047
[][]\T1/pplj/m/n/10 fact, Full. 2015. ``The wel-fare bud-get - Full Fact.'' []$
\T1/fvm/m/n/10 https : / / fullfact . 
 []


Overfull \hbox (53.30948pt too wide) in paragraph at lines 13048--13052
\T1/fvm/m/n/10 theguardian . com / news / blog / 2013 / apr / 04 / living-[]on-
[]benefits-[]readers-[]panel # 
 []


Overfull \hbox (394.15082pt too wide) in paragraph at lines 13059--13063
\T1/fvm/m/n/10 peopleinwork / employmentandemployeetypes / articles / analysiso
ftheuklabourmarketestimatesofskillsmismatchusingmeasuresofoverandundereducation
 / 
 []

[255]
Overfull \hbox (12.70976pt too wide) in paragraph at lines 13088--13092
\T1/pplj/m/n/10 land. []http://www.dovescotland.org/socialproblems/socialProble
ms.pdf 
 []


Overfull \hbox (111.8697pt too wide) in paragraph at lines 13088--13092
\T1/pplj/m/n/10 https://ia800306.us.archive.org/4/items/socialproblems83geor/so
cialproblems83geor_bw.pdf[].  
 []


Overfull \hbox (4.06056pt too wide) in paragraph at lines 13093--13096
[][]\T1/pplj/m/n/10 Gilens, Mar-tin. 2012. ``Un-der the In-flu-ence.'' []$\T1/f
vm/m/n/10 http : / / bostonreview . 
 []


Overfull \hbox (57.22319pt too wide) in paragraph at lines 13103--13107
\T1/pplj/m/n/10 decade.'' []$\T1/fvm/m/n/10 https : / / www . ft . com / conten
t / 1ad5c43a-[]a593-[]11e5-[]a91e-[]162b86790c58$[]\T1/pplj/m/n/10 .  
 []

[256]
Overfull \hbox (222.0546pt too wide) in paragraph at lines 13161--13165
\T1/fvm/m/n/10 business / anthony-[]hilton-[]has-[]britain-[]ever-[]really-[]be
en-[]successful-[]when-[]it-[]comes-[]to-[]global-[]trade-[]a3529396 . 
 []


Overfull \hbox (131.4331pt too wide) in paragraph at lines 13190--13194
\T1/pplj/m/n/10 cor-po-ra-tion tax re-ceipts.'' []$\T1/fvm/m/n/10 https : / / w
ww . ft . com / content / ca3e5bd2-[]2a7e-[]11e7-[]9ec8-[]168383da43b7$[]\T1/pp
lj/m/n/10 .  
 []

[257]
Overfull \hbox (110.25313pt too wide) in paragraph at lines 13210--13214
\T1/pplj/m/n/10 charts from the IFS.'' []$\T1/fvm/m/n/10 https : / / www . ft .
 com / content / 16662297-[]2067-[]3289-[]81bf-[]95da91628fbc$[]\T1/pplj/m/n/10
 .  
 []


Overfull \hbox (51.69907pt too wide) in paragraph at lines 13219--13223
\T1/pplj/m/n/10 Ser-vices.'' []$\T1/fvm/m/n/10 http : / / www . landstewardship
 . org / ecological-[]goods-[]and-[]services/$[]\T1/pplj/m/n/10 .  
 []

[258]
Overfull \hbox (92.74576pt too wide) in paragraph at lines 13278--13282
\T1/fvm/m/n/10 files / reports / original / 160304113651-[]ANewSimpleRevenueNeu
tralTaxCodeforBusiness . 
 []


Overfull \hbox (55.72462pt too wide) in paragraph at lines 13283--13287
\T1/pplj/m/n/10 a con-nec-tion | For-tune.'' []$\T1/fvm/m/n/10 http : / / fortu
ne . com / 2015 / 04 / 06 / inequality-[]piketty/$[]\T1/pplj/m/n/10 .  
 []


Overfull \hbox (18.09576pt too wide) in paragraph at lines 13299--13303
\T1/pplj/m/n/10 of Com-mons Brief-ing Pa-per. UK Par-lia-ment. []$\T1/fvm/m/n/1
0 http : / / researchbriefings . 
 []


Overfull \hbox (127.84573pt too wide) in paragraph at lines 13304--13308
\T1/pplj/m/n/10 pass.'' []$\T1/fvm/m/n/10 https : / / www . compassonline . org
 . uk / publications / the-[]case-[]for-[]land-[]value-[]taxation/$[]\T1/pplj/m
/n/10 .  
 []


Overfull \hbox (66.45973pt too wide) in paragraph at lines 13317--13321
\T1/pplj/m/n/10 state-free-money-alaska https://motherboard.vice.com/en_us/arti
cle/jp5wdb/only- 
 []


Overfull \hbox (94.1197pt too wide) in paragraph at lines 13322--13326
\T1/pplj/m/n/10 ture re-turns warns TUC.'' \T1/pplj/m/it/10 In-ter-na-tional Bu
si-ness Times\T1/pplj/m/n/10 . []http://www.ibtimes.co.uk/burnout- 
 []


Overfull \hbox (122.9496pt too wide) in paragraph at lines 13322--13326
\T1/pplj/m/n/10 britain-long-work-hours-culture-returns-warns-tuc-1519158 https
://www.ibtimes.co.uk/burnout- 
 []


Overfull \hbox (93.86966pt too wide) in paragraph at lines 13347--13352
[]\T1/pplj/m/n/10 http://www.ifs.org.uk/publications/5353 http://www.ifs.org.uk
/mirrleesReview/design[].  
 []

[259]
Overfull \hbox (70.04355pt too wide) in paragraph at lines 13364--13369
\T1/fvm/m/n/10 fixing-[]the-[]great-[]distortion-[]how-[]to-[]undo-[]the-[]tax-
[]bias-[]toward-[]debt-[]finance/$[]\T1/pplj/m/n/10 .  
 []


Overfull \hbox (24.10062pt too wide) in paragraph at lines 13370--13373
[][]\T1/pplj/m/n/10 New Eco-nomic Foun-da-tion. 2009. ``A bit rich |.'' []$\T1/
fvm/m/n/10 http : / / neweconomics . 
 []


Overfull \hbox (2.13913pt too wide) in paragraph at lines 13383--13386
[]$\T1/fvm/m/n/10 https : / / www . oecd . org / social / Focus-[]Inequality-[]
and-[]Growth-[]2014 . 
 []


Overfull \hbox (56.01909pt too wide) in paragraph at lines 13391--13395
\T1/pplj/m/n/10 Spend-ing.'' []$\T1/fvm/m/n/10 http : / / obr . uk / forecasts-
[]in-[]depth / brief-[]guides-[]and-[]explainers / 
 []


Overfull \hbox (260.88087pt too wide) in paragraph at lines 13396--13400
\T1/pplj/m/n/10 Smith by Half a Mil-len-nium.'' []$\T1/fvm/m/n/10 https : / / e
vonomics . com / amazing-[]north-[]african-[]scholar-[]beat-[]adam-[]smith-[]ha
lf-[]millennium/$[]\T1/pplj/m/n/10 .  
 []


Overfull \hbox (99.8628pt too wide) in paragraph at lines 13401--13405
\T1/fvm/m/n/10 20160105170657 / http : / / www . ons . gov . uk / ons / rel / w
as / wealth-[]in-[]great-[]britain-[]wave-[]4 / 
 []


Overfull \hbox (11.50098pt too wide) in paragraph at lines 13406--13410
\T1/pplj/m/n/10 ONS.'' []$\T1/fvm/m/n/10 http : / / webarchive . nationalarchiv
es . gov . uk / 20160105170633 / 
 []


Overfull \hbox (45.54576pt too wide) in paragraph at lines 13411--13415
\T1/pplj/m/n/10 Na-tional Statis-tics.'' []$\T1/fvm/m/n/10 https : / / www . on
s . gov . uk / peoplepopulationandcommunity / 
 []


Overfull \hbox (121.83093pt too wide) in paragraph at lines 13411--13415
\T1/fvm/m/n/10 housing / articles / housingsummarymeasuresanalysis / 2015 # aff
ordability-[]of-[]home-[]ownership$[]\T1/pplj/m/n/10 .  
 []


Overfull \hbox (80.39465pt too wide) in paragraph at lines 13416--13420
\T1/fvm/m/n/10 uploads / attachment _ data / file / 535362 / ir-[]benefits-[]ta
ke-[]up-[]main-[]report-[]2014-[]15 . 
 []

[260]
Overfull \hbox (109.45018pt too wide) in paragraph at lines 13421--13425
\T1/pplj/m/n/10 Na-tional Statis-tics.'' []$\T1/fvm/m/n/10 https : / / www . on
s . gov . uk / releases / uklabourmarketstatisticsjuly2016$[]\T1/pplj/m/n/10 . 
 
 []


Overfull \hbox (31.84134pt too wide) in paragraph at lines 13430--13434
\T1/fvm/m/n/10 org / INTEEI / 214574-[]1112740068165 / 22251637 / CostaRica09-[
]LandUseChange . 
 []


Overfull \hbox (56.28429pt too wide) in paragraph at lines 13481--13484
\T1/pplj/m/n/10 tion.'' []$\T1/fvm/m/n/10 http : / / www . grputland . com / 20
13 / 10 / ramsey-[]taxation-[]means-[]land-[]value . 
 []

[261]
Overfull \hbox (116.3598pt too wide) in paragraph at lines 13505--13508
[][]\T1/pplj/m/n/10 Richard Clegg. 2016. ``UK Labour Mar-ket July 2016.'' []fil
e:///C:/Users/dell/Downloads/UK 
 []


Overfull \hbox (75.16058pt too wide) in paragraph at lines 13525--13529
\T1/fvm/m/n/10 the-[]principled-[]and-[]pragmatic-[]case-[]for-[]a-[]universal-
[]basic-[]income-[]-[]new-[]report$[]\T1/pplj/m/n/10 .  
 []

[262]
Overfull \hbox (3.03171pt too wide) in paragraph at lines 13560--13563
[][]\T1/pplj/m/n/10 Shaxson, Nicholas. 2011. \T1/pplj/m/it/10 Trea-sure Is-land
s\T1/pplj/m/n/10 . []$\T1/fvm/m/n/10 http : / / treasureislands . 
 []


Overfull \hbox (337.85274pt too wide) in paragraph at lines 13589--13593
\T1/pplj/m/it/10 Global Di-a-logue \T1/pplj/m/n/10 7 (4). []$\T1/fvm/m/n/10 htt
p : / / isa-[]global-[]dialogue . net / indias-[]great-[]experiment-[]the-[]tra
nsformative-[]potential-[]of-[]basic-[]income-[]grants/$[]\T1/pplj/m/n/10 .  
 []


Overfull \hbox (57.30948pt too wide) in paragraph at lines 13594--13597
\T1/fvm/m/n/10 statista . com / statistics / 281744 / gdp-[]of-[]the-[]united-[
]kingdom-[]uk-[]since-[]2000/$[]\T1/pplj/m/n/10 .  
 []


Overfull \hbox (94.74576pt too wide) in paragraph at lines 13619--13623
\T1/fvm/m/n/10 org . uk / sites / default / files / research-[]update-[]income-
[]inequality-[]and-[]participation . 
 []


Overfull \hbox (81.39465pt too wide) in paragraph at lines 13624--13627
[]$\T1/fvm/m/n/10 https : / / www . equalitytrust . org . uk / trust-[]particip
ation-[]attitudes-[]and-[]happiness$[]\T1/pplj/m/n/10 .  
 []

[263]
Overfull \hbox (363.21454pt too wide) in paragraph at lines 13643--13648
\T1/fvm/m/n/10 press-[]releases / 2004 / july / jubilee-[]line-[]raises-[]land-
[]value-[]by-[]estimated-[]andpound28billion-[]at-[]canary-[]wharf-[]and-[]sout
hwark-[]tube-[]stations$[]\T1/pplj/m/n/10 .  
 []


Overfull \hbox (41.07541pt too wide) in paragraph at lines 13694--13698
\T1/fvm/m/n/10 ons . gov . uk / peoplepopulationandcommunity / personalandhouse
holdfinances / 
 []


Overfull \hbox (20.60727pt too wide) in paragraph at lines 13694--13698
\T1/fvm/m/n/10 incomeandwealth / bulletins / householddisposableincomeandinequa
lity / 
 []


Overfull \hbox (139.68204pt too wide) in paragraph at lines 13694--13698
\T1/fvm/m/n/10 financialyearending2015 # redistribution-[]of-[]income-[]through
-[]cash-[]benefits-[]and-[]direct-[]taxes$[]\T1/pplj/m/n/10 .  
 []

[264]
Overfull \hbox (51.19244pt too wide) in paragraph at lines 13707--13711
[]$\T1/fvm/m/n/10 https : / / evonomics . com / wilkinson-[]pickett-[]income-[]
inequality-[]fix-[]economy/$[]\T1/pplj/m/n/10 .  
 []


Overfull \hbox (113.31317pt too wide) in paragraph at lines 13718--13722
\T1/pplj/m/n/10 classical eco-nomics?'' []$\T1/fvm/m/n/10 https : / / www . ft 
. com / content / e8a23b18-[]3118-[]39a9-[]95cc-[]ef28c0f1e8e6$[]\T1/pplj/m/n/1
0 .  
 []


Package bibentry Warning: You have used \nobibliography* 
(bibentry)                without a following \bibliography.
(bibentry)                You may not be able to run BibTeX.

Package atveryend Info: Empty hook `BeforeClearDocument' on input line 13729.
[265]
Package atveryend Info: Empty hook `AfterLastShipout' on input line 13729.
(000-TaxHeaven.aux)
Package atveryend Info: Executing hook `AtVeryEndDocument' on input line 13729.

Package atveryend Info: Executing hook `AtEndAfterFileList' on input line 13729
.
Package rerunfilecheck Info: File `000-TaxHeaven.out' has not changed.
(rerunfilecheck)             Checksum: 25DBCA52FD7693FC8F92EBE12116FAF7;21884.
Package atveryend Info: Empty hook `AtVeryVeryEnd' on input line 13729.
 ) 
Here is how much of TeX's memory you used:
 15715 strings out of 492973
 238024 string characters out of 3135932
 341837 words of memory out of 3000000
 17839 multiletter control sequences out of 15000+200000
 90134 words of font info for 158 fonts, out of 3000000 for 9000
 1141 hyphenation exceptions out of 8191
 45i,12n,45p,1169b,450s stack positions out of 5000i,500n,10000p,200000b,50000s
pdfTeX warning (dest): name{_ftn5} has been referenced but does not exist, re
placed by a fixed one

pdfTeX warning (dest): name{_ftn4} has been referenced but does not exist, repl
aced by a fixed one

pdfTeX warning (dest): name{_ftn3} has been referenced but does not exist, repl
aced by a fixed one

{C:/Program Files/MiKTeX 2.9/fonts/enc/dvips/base/8r.enc}<C:/Program Files/MiKT
eX 2.9/fonts/type1/public/amsfonts/cm/cmex10.pfb><C:/Program Files/MiKTeX 2.9/f
onts/type1/public/amsfonts/cm/cmr10.pfb><C:/Program Files/MiKTeX 2.9/fonts/type
1/public/amsfonts/cm/cmsy10.pfb><C:/Users/sjstr/AppData/Roaming/MiKTeX/2.9/font
s/type1/public/fpl/fplbij8a.pfb><C:/Users/sjstr/AppData/Roaming/MiKTeX/2.9/font
s/type1/public/fpl/fplbj8a.pfb><C:/Users/sjstr/AppData/Roaming/MiKTeX/2.9/fonts
/type1/public/fpl/fplrc8a.pfb><C:/Users/sjstr/AppData/Roaming/MiKTeX/2.9/fonts/
type1/public/fpl/fplrij8a.pfb><C:/Users/sjstr/AppData/Roaming/MiKTeX/2.9/fonts/
type1/bera/fvmr8a.pfb><C:/Program Files/MiKTeX 2.9/fonts/type1/urw/palatino/upl
b8a.pfb><C:/Program Files/MiKTeX 2.9/fonts/type1/urw/palatino/uplbi8a.pfb><C:/P
rogram Files/MiKTeX 2.9/fonts/type1/urw/palatino/uplr8a.pfb><C:/Program Files/M
iKTeX 2.9/fonts/type1/urw/palatino/uplri8a.pfb>
Output written on 000-TaxHeaven.pdf (265 pages, 4719465 bytes).
PDF statistics:
 3527 PDF objects out of 3580 (max. 8388607)
 1368 named destinations out of 1440 (max. 500000)
 2083 words of extra memory for PDF output out of 10000 (max. 10000000)

