This is pdfTeX, Version 3.14159265-2.6-1.40.20 (TeX Live 2019) (preloaded format=pdflatex 2019.11.26)  29 DEC 2019 17:06
entering extended mode
 restricted \write18 enabled.
 %&-line parsing enabled.
**Screwed.tex
(./Screwed.tex
LaTeX2e <2018-12-01>
(/usr/local/texlive/2019/texmf-dist/tex/latex/tufte-latex/tufte-handout.cls
Document Class: tufte-handout 2015/06/21 v3.5.2 Tufte-handout class
(/usr/local/texlive/2019/texmf-dist/tex/latex/tufte-latex/tufte-common.def
File: tufte-common.def 2015/06/21 v3.5.2 Common code for the Tufte-LaTeX styles

(/usr/local/texlive/2019/texmf-dist/tex/latex/xkeyval/xkeyval.sty
Package: xkeyval 2014/12/03 v2.7a package option processing (HA)
(/usr/local/texlive/2019/texmf-dist/tex/generic/xkeyval/xkeyval.tex (/usr/local
/texlive/2019/texmf-dist/tex/generic/xkeyval/xkvutils.tex
\XKV@toks=\toks14
\XKV@tempa@toks=\toks15
(/usr/local/texlive/2019/texmf-dist/tex/generic/xkeyval/keyval.tex))
\XKV@depth=\count80
File: xkeyval.tex 2014/12/03 v2.7a key=value parser (HA)
)) (/usr/local/texlive/2019/texmf-dist/tex/latex/xifthen/xifthen.sty
Package: xifthen 2015/11/05 v1.4.0 Extended ifthen features
(/usr/local/texlive/2019/texmf-dist/tex/latex/tools/calc.sty
Package: calc 2017/05/25 v4.3 Infix arithmetic (KKT,FJ)
\calc@Acount=\count81
\calc@Bcount=\count82
\calc@Adimen=\dimen102
\calc@Bdimen=\dimen103
\calc@Askip=\skip41
\calc@Bskip=\skip42
LaTeX Info: Redefining \setlength on input line 80.
LaTeX Info: Redefining \addtolength on input line 81.
\calc@Ccount=\count83
\calc@Cskip=\skip43
) (/usr/local/texlive/2019/texmf-dist/tex/latex/base/ifthen.sty
Package: ifthen 2014/09/29 v1.1c Standard LaTeX ifthen package (DPC)
) (/usr/local/texlive/2019/texmf-dist/tex/latex/ifmtarg/ifmtarg.sty
Package: ifmtarg 2018/04/16 v1.2b check for an empty argument
)) (/usr/local/texlive/2019/texmf-dist/tex/latex/hardwrap/hardwrap.sty
Package: hardwrap 2011/02/12 v0.2 Hard wrap messages
(/usr/local/texlive/2019/texmf-dist/tex/latex/ifplatform/ifplatform.sty
Package: ifplatform 2017/10/13 v0.4a Testing for the operating system
(/usr/local/texlive/2019/texmf-dist/tex/latex/tools/shellesc.sty
Package: shellesc 2016/06/07 v0.02a unified shell escape interface for LaTeX
Package shellesc Info: Restricted shell escape enabled on input line 69.
) (/usr/local/texlive/2019/texmf-dist/tex/generic/oberdiek/pdftexcmds.sty
Package: pdftexcmds 2018/09/10 v0.29 Utility functions of pdfTeX for LuaTeX (HO
)
(/usr/local/texlive/2019/texmf-dist/tex/generic/oberdiek/infwarerr.sty
Package: infwarerr 2016/05/16 v1.4 Providing info/warning/error messages (HO)
) (/usr/local/texlive/2019/texmf-dist/tex/generic/oberdiek/ifluatex.sty
Package: ifluatex 2016/05/16 v1.4 Provides the ifluatex switch (HO)
Package ifluatex Info: LuaTeX not detected.
) (/usr/local/texlive/2019/texmf-dist/tex/generic/oberdiek/ltxcmds.sty
Package: ltxcmds 2016/05/16 v1.23 LaTeX kernel commands for general use (HO)
) (/usr/local/texlive/2019/texmf-dist/tex/generic/oberdiek/ifpdf.sty
Package: ifpdf 2018/09/07 v3.3 Provides the ifpdf switch
)
Package pdftexcmds Info: LuaTeX not detected.
Package pdftexcmds Info: \pdf@primitive is available.
Package pdftexcmds Info: \pdf@ifprimitive is available.
Package pdftexcmds Info: \pdfdraftmode found.
) (/usr/local/texlive/2019/texmf-dist/tex/generic/oberdiek/catchfile.sty
Package: catchfile 2016/05/16 v1.7 Catch the contents of a file (HO)
(/usr/local/texlive/2019/texmf-dist/tex/generic/oberdiek/etexcmds.sty
Package: etexcmds 2016/05/16 v1.6 Avoid name clashes with e-TeX commands (HO)
))

Package ifplatform Warning: 
    shell escape is disabled, so I can only detect \ifwindows.

) (/usr/local/texlive/2019/texmf-dist/tex/generic/ifxetex/ifxetex.sty
Package: ifxetex 2010/09/12 v0.6 Provides ifxetex conditional
)
\hw@charcount=\count84
\hw@wordcount=\count85
\hw@maxprintline=\count86
(|kpsewhich -var-value=max_print_line))
Class tufte-handout Info: Loading the base class `article'
(/usr/local/texlive/2019/texmf-dist/tex/latex/base/article.cls
Document Class: article 2018/09/03 v1.4i Standard LaTeX document class
(/usr/local/texlive/2019/texmf-dist/tex/latex/base/size10.clo
File: size10.clo 2018/09/03 v1.4i Standard LaTeX file (size option)
)
\c@part=\count87
\c@section=\count88
\c@subsection=\count89
\c@subsubsection=\count90
\c@paragraph=\count91
\c@subparagraph=\count92
\c@figure=\count93
\c@table=\count94
\abovecaptionskip=\skip44
\belowcaptionskip=\skip45
\bibindent=\dimen104
) (/usr/local/texlive/2019/texmf-dist/tex/latex/titlesec/titlesec.sty
Package: titlesec 2016/03/21 v2.10.2 Sectioning titles
\ttl@box=\box27
\beforetitleunit=\skip46
\aftertitleunit=\skip47
\ttl@plus=\dimen105
\ttl@minus=\dimen106
\ttl@toksa=\toks16
\titlewidth=\dimen107
\titlewidthlast=\dimen108
\titlewidthfirst=\dimen109
) (/usr/local/texlive/2019/texmf-dist/tex/latex/titlesec/titletoc.sty
Package: titletoc 2011/12/15 v1.6 TOC entries
\ttl@leftsep=\dimen110
) (/usr/local/texlive/2019/texmf-dist/tex/latex/hyperref/hyperref.sty
Package: hyperref 2018/11/30 v6.88e Hypertext links for LaTeX
(/usr/local/texlive/2019/texmf-dist/tex/generic/oberdiek/hobsub-hyperref.sty
Package: hobsub-hyperref 2016/05/16 v1.14 Bundle oberdiek, subset hyperref (HO)

(/usr/local/texlive/2019/texmf-dist/tex/generic/oberdiek/hobsub-generic.sty
Package: hobsub-generic 2016/05/16 v1.14 Bundle oberdiek, subset generic (HO)
Package: hobsub 2016/05/16 v1.14 Construct package bundles (HO)
Package hobsub Info: Skipping package `infwarerr' (already loaded).
Package hobsub Info: Skipping package `ltxcmds' (already loaded).
Package hobsub Info: Skipping package `ifluatex' (already loaded).
Package: ifvtex 2016/05/16 v1.6 Detect VTeX and its facilities (HO)
Package ifvtex Info: VTeX not detected.
Package: intcalc 2016/05/16 v1.2 Expandable calculations with integers (HO)
Package hobsub Info: Skipping package `ifpdf' (already loaded).
Package hobsub Info: Skipping package `etexcmds' (already loaded).
Package: kvsetkeys 2016/05/16 v1.17 Key value parser (HO)
Package: kvdefinekeys 2016/05/16 v1.4 Define keys (HO)
Package hobsub Info: Skipping package `pdftexcmds' (already loaded).
Package: pdfescape 2016/05/16 v1.14 Implements pdfTeX's escape features (HO)
Package: bigintcalc 2016/05/16 v1.4 Expandable calculations on big integers (HO
)
Package: bitset 2016/05/16 v1.2 Handle bit-vector datatype (HO)
Package: uniquecounter 2016/05/16 v1.3 Provide unlimited unique counter (HO)
)
Package hobsub Info: Skipping package `hobsub' (already loaded).
Package: letltxmacro 2016/05/16 v1.5 Let assignment for LaTeX macros (HO)
Package: hopatch 2016/05/16 v1.3 Wrapper for package hooks (HO)
Package: xcolor-patch 2016/05/16 xcolor patch
Package: atveryend 2016/05/16 v1.9 Hooks at the very end of document (HO)
Package atveryend Info: \enddocument detected (standard20110627).
Package: atbegshi 2016/06/09 v1.18 At begin shipout hook (HO)
Package: refcount 2016/05/16 v3.5 Data extraction from label references (HO)
Package: hycolor 2016/05/16 v1.8 Color options for hyperref/bookmark (HO)
) (/usr/local/texlive/2019/texmf-dist/tex/latex/oberdiek/auxhook.sty
Package: auxhook 2016/05/16 v1.4 Hooks for auxiliary files (HO)
) (/usr/local/texlive/2019/texmf-dist/tex/latex/oberdiek/kvoptions.sty
Package: kvoptions 2016/05/16 v3.12 Key value format for package options (HO)
)
\@linkdim=\dimen111
\Hy@linkcounter=\count95
\Hy@pagecounter=\count96
(/usr/local/texlive/2019/texmf-dist/tex/latex/hyperref/pd1enc.def
File: pd1enc.def 2018/11/30 v6.88e Hyperref: PDFDocEncoding definition (HO)
Now handling font encoding PD1 ...
... no UTF-8 mapping file for font encoding PD1
)
\Hy@SavedSpaceFactor=\count97
(/usr/local/texlive/2019/texmf-dist/tex/latex/latexconfig/hyperref.cfg
File: hyperref.cfg 2002/06/06 v1.2 hyperref configuration of TeXLive
)
Package hyperref Info: Option `unicode' set `true' on input line 4393.
(/usr/local/texlive/2019/texmf-dist/tex/latex/hyperref/puenc.def
File: puenc.def 2018/11/30 v6.88e Hyperref: PDF Unicode definition (HO)
Now handling font encoding PU ...
... no UTF-8 mapping file for font encoding PU
)
Package hyperref Info: Option `hyperfootnotes' set `false' on input line 4393.
Package hyperref Info: Hyper figures OFF on input line 4519.
Package hyperref Info: Link nesting OFF on input line 4524.
Package hyperref Info: Hyper index ON on input line 4527.
Package hyperref Info: Plain pages OFF on input line 4534.
Package hyperref Info: Backreferencing OFF on input line 4539.
Package hyperref Info: Implicit mode ON; LaTeX internals redefined.
Package hyperref Info: Bookmarks ON on input line 4772.
\c@Hy@tempcnt=\count98
(/usr/local/texlive/2019/texmf-dist/tex/latex/url/url.sty
\Urlmuskip=\muskip10
Package: url 2013/09/16  ver 3.4  Verb mode for urls, etc.
)
LaTeX Info: Redefining \url on input line 5125.
\XeTeXLinkMargin=\dimen112
\Fld@menulength=\count99
\Field@Width=\dimen113
\Fld@charsize=\dimen114
Package hyperref Info: Hyper figures OFF on input line 6380.
Package hyperref Info: Link nesting OFF on input line 6385.
Package hyperref Info: Hyper index ON on input line 6388.
Package hyperref Info: backreferencing OFF on input line 6395.
Package hyperref Info: Link coloring OFF on input line 6400.
Package hyperref Info: Link coloring with OCG OFF on input line 6405.
Package hyperref Info: PDF/A mode OFF on input line 6410.
LaTeX Info: Redefining \ref on input line 6450.
LaTeX Info: Redefining \pageref on input line 6454.
\Hy@abspage=\count100
\c@Item=\count101
)
Package hyperref Info: Driver (autodetected): hpdftex.
(/usr/local/texlive/2019/texmf-dist/tex/latex/hyperref/hpdftex.def
File: hpdftex.def 2018/11/30 v6.88e Hyperref driver for pdfTeX
\Fld@listcount=\count102
\c@bookmark@seq@number=\count103
(/usr/local/texlive/2019/texmf-dist/tex/latex/oberdiek/rerunfilecheck.sty
Package: rerunfilecheck 2016/05/16 v1.8 Rerun checks for auxiliary files (HO)
Package uniquecounter Info: New unique counter `rerunfilecheck' on input line 2
82.
)
\Hy@SectionHShift=\skip48
) (/usr/local/texlive/2019/texmf-dist/tex/latex/ms/ragged2e.sty
Package: ragged2e 2009/05/21 v2.1 ragged2e Package (MS)
(/usr/local/texlive/2019/texmf-dist/tex/latex/ms/everysel.sty
Package: everysel 2011/10/28 v1.2 EverySelectfont Package (MS)
)
\CenteringLeftskip=\skip49
\RaggedLeftLeftskip=\skip50
\RaggedRightLeftskip=\skip51
\CenteringRightskip=\skip52
\RaggedLeftRightskip=\skip53
\RaggedRightRightskip=\skip54
\CenteringParfillskip=\skip55
\RaggedLeftParfillskip=\skip56
\RaggedRightParfillskip=\skip57
\JustifyingParfillskip=\skip58
\CenteringParindent=\skip59
\RaggedLeftParindent=\skip60
\RaggedRightParindent=\skip61
\JustifyingParindent=\skip62
) (/usr/local/texlive/2019/texmf-dist/tex/latex/geometry/geometry.sty
Package: geometry 2018/04/16 v5.8 Page Geometry
\Gm@cnth=\count104
\Gm@cntv=\count105
\c@Gm@tempcnt=\count106
\Gm@bindingoffset=\dimen115
\Gm@wd@mp=\dimen116
\Gm@odd@mp=\dimen117
\Gm@even@mp=\dimen118
\Gm@layoutwidth=\dimen119
\Gm@layoutheight=\dimen120
\Gm@layouthoffset=\dimen121
\Gm@layoutvoffset=\dimen122
\Gm@dimlist=\toks17
) (/usr/local/texlive/2019/texmf-dist/tex/latex/changepage/changepage.sty
Package: changepage 2009/10/20 v1.0c check page and change page layout
\c@cp@cntr=\count107
\cp@tempcnt=\count108
)
\@tufte@overhang=\skip63
\@tufte@fullwidth=\skip64
\@tufte@caption@fill=\skip65
(/usr/local/texlive/2019/texmf-dist/tex/latex/paralist/paralist.sty
Package: paralist 2017/01/22 v2.7 Extended list environments
\pltopsep=\skip66
\plpartopsep=\skip67
\plitemsep=\skip68
\plparsep=\skip69
\pl@lab=\toks18
) (/usr/local/texlive/2019/texmf-dist/tex/latex/textcase/textcase.sty
Package: textcase 2004/10/07 v0.07 Text only upper/lower case changing (DPC)
) (/usr/local/texlive/2019/texmf-dist/tex/latex/microtype/letterspace.sty
Package: letterspace 2019/02/28 v2.7b Robust letterspacing (RS)
LaTeX Info: Redefining \lsstyle on input line 345.
LaTeX Info: Redefining \lslig on input line 346.
LaTeX Info: Redefining \textls on input line 371.
\MT@outer@kern=\dimen123
) (/usr/local/texlive/2019/texmf-dist/tex/latex/setspace/setspace.sty
Package: setspace 2011/12/19 v6.7a set line spacing
) (/usr/local/texlive/2019/texmf-dist/tex/latex/xcolor/xcolor.sty
Package: xcolor 2016/05/11 v2.12 LaTeX color extensions (UK)
(/usr/local/texlive/2019/texmf-dist/tex/latex/graphics-cfg/color.cfg
File: color.cfg 2016/01/02 v1.6 sample color configuration
)
Package xcolor Info: Package option `usenames' ignored on input line 216.
Package xcolor Info: Driver file: pdftex.def on input line 225.
(/usr/local/texlive/2019/texmf-dist/tex/latex/graphics-def/pdftex.def
File: pdftex.def 2018/01/08 v1.0l Graphics/color driver for pdftex
)
Package xcolor Info: Model `cmy' substituted by `cmy0' on input line 1348.
Package xcolor Info: Model `hsb' substituted by `rgb' on input line 1352.
Package xcolor Info: Model `RGB' extended on input line 1364.
Package xcolor Info: Model `HTML' substituted by `rgb' on input line 1366.
Package xcolor Info: Model `Hsb' substituted by `hsb' on input line 1367.
Package xcolor Info: Model `tHsb' substituted by `hsb' on input line 1368.
Package xcolor Info: Model `HSB' substituted by `hsb' on input line 1369.
Package xcolor Info: Model `Gray' substituted by `gray' on input line 1370.
Package xcolor Info: Model `wave' substituted by `hsb' on input line 1371.
(/usr/local/texlive/2019/texmf-dist/tex/latex/graphics/dvipsnam.def
File: dvipsnam.def 2016/06/17 v3.0m Driver-dependent file (DPC,SPQR)
) (/usr/local/texlive/2019/texmf-dist/tex/latex/xcolor/svgnam.def
File: svgnam.def 2016/05/11 v2.12 Predefined colors according to SVG 1.1 (UK)
)) (/usr/local/texlive/2019/texmf-dist/tex/latex/natbib/natbib.sty
Package: natbib 2010/09/13 8.31b (PWD, AO)
\bibhang=\skip70
\bibsep=\skip71
LaTeX Info: Redefining \cite on input line 694.
\c@NAT@ctr=\count109
) (/usr/local/texlive/2019/texmf-dist/tex/latex/natbib/bibentry.sty
Package: bibentry 2007/10/30 1.5 (PWD)
)
No file Screwed.bbl.
\c@@tufte@num@bibkeys=\count110
(/usr/local/texlive/2019/texmf-dist/tex/latex/sauerj/optparams.sty
Package: optparams 2004/08/14 v0.9 multiple optional parameters in macros
)
\@tufte@sidenote@vertical@offset=\skip72
(/usr/local/texlive/2019/texmf-dist/tex/latex/placeins/placeins.sty
Package: placeins 2005/04/18  v 2.2
)
\@tufte@margin@floatbox=\box28
\@tufte@figure@box=\box29
\@tufte@caption@box=\box30
\@tufte@caption@vertical@offset=\skip73
\@tufte@float@contents@width=\skip74
(/usr/local/texlive/2019/texmf-dist/tex/latex/psnfss/mathpazo.sty
Package: mathpazo 2005/04/12 PSNFSS-v9.2a Palatino w/ Pazo Math (D.Puga, WaS) 
\symupright=\mathgroup4
) (/usr/local/texlive/2019/texmf-dist/tex/latex/psnfss/helvet.sty
Package: helvet 2005/04/12 PSNFSS-v9.2a (WaS) 
) (/usr/local/texlive/2019/texmf-dist/tex/latex/bera/beramono.sty
Package: beramono 2004/01/31 (WaS)
) (/usr/local/texlive/2019/texmf-dist/tex/latex/base/fontenc.sty
Package: fontenc 2018/08/11 v2.0j Standard LaTeX package
(/usr/local/texlive/2019/texmf-dist/tex/latex/base/t1enc.def
File: t1enc.def 2018/08/11 v2.0j Standard LaTeX file
LaTeX Font Info:    Redeclaring font encoding T1 on input line 48.
)) (/usr/local/texlive/2019/texmf-dist/tex/latex/base/textcomp.sty
Package: textcomp 2018/08/11 v2.0j Standard LaTeX package
Package textcomp Info: Sub-encoding information:
(textcomp)               5 = only ISO-Adobe without \textcurrency
(textcomp)               4 = 5 + \texteuro
(textcomp)               3 = 4 + \textohm
(textcomp)               2 = 3 + \textestimated + \textcurrency
(textcomp)               1 = TS1 - \textcircled - \t
(textcomp)               0 = TS1 (full)
(textcomp)             Font families with sub-encoding setting implement
(textcomp)             only a restricted character set as indicated.
(textcomp)             Family '?' is the default used for unknown fonts.
(textcomp)             See the documentation for details.
Package textcomp Info: Setting ? sub-encoding to TS1/1 on input line 79.
(/usr/local/texlive/2019/texmf-dist/tex/latex/base/ts1enc.def
File: ts1enc.def 2001/06/05 v3.0e (jk/car/fm) Standard LaTeX file
Now handling font encoding TS1 ...
... processing UTF-8 mapping file for font encoding TS1
(/usr/local/texlive/2019/texmf-dist/tex/latex/base/ts1enc.dfu
File: ts1enc.dfu 2018/10/05 v1.2f UTF-8 support for inputenc
   defining Unicode char U+00A2 (decimal 162)
   defining Unicode char U+00A3 (decimal 163)
   defining Unicode char U+00A4 (decimal 164)
   defining Unicode char U+00A5 (decimal 165)
   defining Unicode char U+00A6 (decimal 166)
   defining Unicode char U+00A7 (decimal 167)
   defining Unicode char U+00A8 (decimal 168)
   defining Unicode char U+00A9 (decimal 169)
   defining Unicode char U+00AA (decimal 170)
   defining Unicode char U+00AC (decimal 172)
   defining Unicode char U+00AE (decimal 174)
   defining Unicode char U+00AF (decimal 175)
   defining Unicode char U+00B0 (decimal 176)
   defining Unicode char U+00B1 (decimal 177)
   defining Unicode char U+00B2 (decimal 178)
   defining Unicode char U+00B3 (decimal 179)
   defining Unicode char U+00B4 (decimal 180)
   defining Unicode char U+00B5 (decimal 181)
   defining Unicode char U+00B6 (decimal 182)
   defining Unicode char U+00B7 (decimal 183)
   defining Unicode char U+00B9 (decimal 185)
   defining Unicode char U+00BA (decimal 186)
   defining Unicode char U+00BC (decimal 188)
   defining Unicode char U+00BD (decimal 189)
   defining Unicode char U+00BE (decimal 190)
   defining Unicode char U+00D7 (decimal 215)
   defining Unicode char U+00F7 (decimal 247)
   defining Unicode char U+0192 (decimal 402)
   defining Unicode char U+02C7 (decimal 711)
   defining Unicode char U+02D8 (decimal 728)
   defining Unicode char U+02DD (decimal 733)
   defining Unicode char U+0E3F (decimal 3647)
   defining Unicode char U+2016 (decimal 8214)
   defining Unicode char U+2020 (decimal 8224)
   defining Unicode char U+2021 (decimal 8225)
   defining Unicode char U+2022 (decimal 8226)
   defining Unicode char U+2030 (decimal 8240)
   defining Unicode char U+2031 (decimal 8241)
   defining Unicode char U+203B (decimal 8251)
   defining Unicode char U+203D (decimal 8253)
   defining Unicode char U+2044 (decimal 8260)
   defining Unicode char U+204E (decimal 8270)
   defining Unicode char U+2052 (decimal 8274)
   defining Unicode char U+20A1 (decimal 8353)
   defining Unicode char U+20A4 (decimal 8356)
   defining Unicode char U+20A6 (decimal 8358)
   defining Unicode char U+20A9 (decimal 8361)
   defining Unicode char U+20AB (decimal 8363)
   defining Unicode char U+20AC (decimal 8364)
   defining Unicode char U+20B1 (decimal 8369)
   defining Unicode char U+2103 (decimal 8451)
   defining Unicode char U+2116 (decimal 8470)
   defining Unicode char U+2117 (decimal 8471)
   defining Unicode char U+211E (decimal 8478)
   defining Unicode char U+2120 (decimal 8480)
   defining Unicode char U+2122 (decimal 8482)
   defining Unicode char U+2126 (decimal 8486)
   defining Unicode char U+2127 (decimal 8487)
   defining Unicode char U+212E (decimal 8494)
   defining Unicode char U+2190 (decimal 8592)
   defining Unicode char U+2191 (decimal 8593)
   defining Unicode char U+2192 (decimal 8594)
   defining Unicode char U+2193 (decimal 8595)
   defining Unicode char U+2329 (decimal 9001)
   defining Unicode char U+232A (decimal 9002)
   defining Unicode char U+2422 (decimal 9250)
   defining Unicode char U+25E6 (decimal 9702)
   defining Unicode char U+25EF (decimal 9711)
   defining Unicode char U+266A (decimal 9834)
   defining Unicode char U+FEFF (decimal 65279)
))
LaTeX Info: Redefining \oldstylenums on input line 334.
Package textcomp Info: Setting cmr sub-encoding to TS1/0 on input line 349.
Package textcomp Info: Setting cmss sub-encoding to TS1/0 on input line 350.
Package textcomp Info: Setting cmtt sub-encoding to TS1/0 on input line 351.
Package textcomp Info: Setting cmvtt sub-encoding to TS1/0 on input line 352.
Package textcomp Info: Setting cmbr sub-encoding to TS1/0 on input line 353.
Package textcomp Info: Setting cmtl sub-encoding to TS1/0 on input line 354.
Package textcomp Info: Setting ccr sub-encoding to TS1/0 on input line 355.
Package textcomp Info: Setting ptm sub-encoding to TS1/4 on input line 356.
Package textcomp Info: Setting pcr sub-encoding to TS1/4 on input line 357.
Package textcomp Info: Setting phv sub-encoding to TS1/4 on input line 358.
Package textcomp Info: Setting ppl sub-encoding to TS1/3 on input line 359.
Package textcomp Info: Setting pag sub-encoding to TS1/4 on input line 360.
Package textcomp Info: Setting pbk sub-encoding to TS1/4 on input line 361.
Package textcomp Info: Setting pnc sub-encoding to TS1/4 on input line 362.
Package textcomp Info: Setting pzc sub-encoding to TS1/4 on input line 363.
Package textcomp Info: Setting bch sub-encoding to TS1/4 on input line 364.
Package textcomp Info: Setting put sub-encoding to TS1/5 on input line 365.
Package textcomp Info: Setting uag sub-encoding to TS1/5 on input line 366.
Package textcomp Info: Setting ugq sub-encoding to TS1/5 on input line 367.
Package textcomp Info: Setting ul8 sub-encoding to TS1/4 on input line 368.
Package textcomp Info: Setting ul9 sub-encoding to TS1/4 on input line 369.
Package textcomp Info: Setting augie sub-encoding to TS1/5 on input line 370.
Package textcomp Info: Setting dayrom sub-encoding to TS1/3 on input line 371.
Package textcomp Info: Setting dayroms sub-encoding to TS1/3 on input line 372.

Package textcomp Info: Setting pxr sub-encoding to TS1/0 on input line 373.
Package textcomp Info: Setting pxss sub-encoding to TS1/0 on input line 374.
Package textcomp Info: Setting pxtt sub-encoding to TS1/0 on input line 375.
Package textcomp Info: Setting txr sub-encoding to TS1/0 on input line 376.
Package textcomp Info: Setting txss sub-encoding to TS1/0 on input line 377.
Package textcomp Info: Setting txtt sub-encoding to TS1/0 on input line 378.
Package textcomp Info: Setting lmr sub-encoding to TS1/0 on input line 379.
Package textcomp Info: Setting lmdh sub-encoding to TS1/0 on input line 380.
Package textcomp Info: Setting lmss sub-encoding to TS1/0 on input line 381.
Package textcomp Info: Setting lmssq sub-encoding to TS1/0 on input line 382.
Package textcomp Info: Setting lmvtt sub-encoding to TS1/0 on input line 383.
Package textcomp Info: Setting lmtt sub-encoding to TS1/0 on input line 384.
Package textcomp Info: Setting qhv sub-encoding to TS1/0 on input line 385.
Package textcomp Info: Setting qag sub-encoding to TS1/0 on input line 386.
Package textcomp Info: Setting qbk sub-encoding to TS1/0 on input line 387.
Package textcomp Info: Setting qcr sub-encoding to TS1/0 on input line 388.
Package textcomp Info: Setting qcs sub-encoding to TS1/0 on input line 389.
Package textcomp Info: Setting qpl sub-encoding to TS1/0 on input line 390.
Package textcomp Info: Setting qtm sub-encoding to TS1/0 on input line 391.
Package textcomp Info: Setting qzc sub-encoding to TS1/0 on input line 392.
Package textcomp Info: Setting qhvc sub-encoding to TS1/0 on input line 393.
Package textcomp Info: Setting futs sub-encoding to TS1/4 on input line 394.
Package textcomp Info: Setting futx sub-encoding to TS1/4 on input line 395.
Package textcomp Info: Setting futj sub-encoding to TS1/4 on input line 396.
Package textcomp Info: Setting hlh sub-encoding to TS1/3 on input line 397.
Package textcomp Info: Setting hls sub-encoding to TS1/3 on input line 398.
Package textcomp Info: Setting hlst sub-encoding to TS1/3 on input line 399.
Package textcomp Info: Setting hlct sub-encoding to TS1/5 on input line 400.
Package textcomp Info: Setting hlx sub-encoding to TS1/5 on input line 401.
Package textcomp Info: Setting hlce sub-encoding to TS1/5 on input line 402.
Package textcomp Info: Setting hlcn sub-encoding to TS1/5 on input line 403.
Package textcomp Info: Setting hlcw sub-encoding to TS1/5 on input line 404.
Package textcomp Info: Setting hlcf sub-encoding to TS1/5 on input line 405.
Package textcomp Info: Setting pplx sub-encoding to TS1/3 on input line 406.
Package textcomp Info: Setting pplj sub-encoding to TS1/3 on input line 407.
Package textcomp Info: Setting ptmx sub-encoding to TS1/4 on input line 408.
Package textcomp Info: Setting ptmj sub-encoding to TS1/4 on input line 409.
) (/usr/local/texlive/2019/texmf-dist/tex/latex/fancyhdr/fancyhdr.sty
Package: fancyhdr 2019/01/31 v3.10 Extensive control of page headers and footer
s
\f@nch@headwidth=\skip75
\f@nch@O@elh=\skip76
\f@nch@O@erh=\skip77
\f@nch@O@olh=\skip78
\f@nch@O@orh=\skip79
\f@nch@O@elf=\skip80
\f@nch@O@erf=\skip81
\f@nch@O@olf=\skip82
\f@nch@O@orf=\skip83
)
\tufteskipamount=\skip84
(/usr/local/texlive/2019/texmf-dist/tex/latex/tools/multicol.sty
Package: multicol 2018/12/27 v1.8v multicolumn formatting (FMi)
\c@tracingmulticols=\count111
\mult@box=\box31
\multicol@leftmargin=\dimen124
\c@unbalance=\count112
\c@collectmore=\count113
\doublecol@number=\count114
\multicoltolerance=\count115
\multicolpretolerance=\count116
\full@width=\dimen125
\page@free=\dimen126
\premulticols=\dimen127
\postmulticols=\dimen128
\multicolsep=\skip85
\multicolbaselineskip=\skip86
\partial@page=\box32
\last@line=\box33
\maxbalancingoverflow=\dimen129
\mult@rightbox=\box34
\mult@grightbox=\box35
\mult@gfirstbox=\box36
\mult@firstbox=\box37
\@tempa=\box38
\@tempa=\box39
\@tempa=\box40
\@tempa=\box41
\@tempa=\box42
\@tempa=\box43
\@tempa=\box44
\@tempa=\box45
\@tempa=\box46
\@tempa=\box47
\@tempa=\box48
\@tempa=\box49
\@tempa=\box50
\@tempa=\box51
\@tempa=\box52
\@tempa=\box53
\@tempa=\box54
\c@columnbadness=\count117
\c@finalcolumnbadness=\count118
\last@try=\dimen130
\multicolovershoot=\dimen131
\multicolundershoot=\dimen132
\mult@nat@firstbox=\box55
\colbreak@box=\box56
\mc@col@check@num=\count119
))) (/usr/local/texlive/2019/texmf-dist/tex/latex/amsfonts/amssymb.sty
Package: amssymb 2013/01/14 v3.01 AMS font symbols
(/usr/local/texlive/2019/texmf-dist/tex/latex/amsfonts/amsfonts.sty
Package: amsfonts 2013/01/14 v3.01 Basic AMSFonts support
\@emptytoks=\toks19
\symAMSa=\mathgroup5
\symAMSb=\mathgroup6
LaTeX Font Info:    Overwriting math alphabet `\mathfrak' in version `bold'
(Font)                  U/euf/m/n --> U/euf/b/n on input line 106.
)) (/usr/local/texlive/2019/texmf-dist/tex/latex/amsmath/amsmath.sty
Package: amsmath 2018/12/01 v2.17b AMS math features
\@mathmargin=\skip87
For additional information on amsmath, use the `?' option.
(/usr/local/texlive/2019/texmf-dist/tex/latex/amsmath/amstext.sty
Package: amstext 2000/06/29 v2.01 AMS text
(/usr/local/texlive/2019/texmf-dist/tex/latex/amsmath/amsgen.sty
File: amsgen.sty 1999/11/30 v2.0 generic functions
\@emptytoks=\toks20
\ex@=\dimen133
)) (/usr/local/texlive/2019/texmf-dist/tex/latex/amsmath/amsbsy.sty
Package: amsbsy 1999/11/29 v1.2d Bold Symbols
\pmbraise@=\dimen134
) (/usr/local/texlive/2019/texmf-dist/tex/latex/amsmath/amsopn.sty
Package: amsopn 2016/03/08 v2.02 operator names
)
\inf@bad=\count120
LaTeX Info: Redefining \frac on input line 223.
\uproot@=\count121
\leftroot@=\count122
LaTeX Info: Redefining \overline on input line 385.
\classnum@=\count123
\DOTSCASE@=\count124
LaTeX Info: Redefining \ldots on input line 482.
LaTeX Info: Redefining \dots on input line 485.
LaTeX Info: Redefining \cdots on input line 606.
\Mathstrutbox@=\box57
\strutbox@=\box58
\big@size=\dimen135
LaTeX Font Info:    Redeclaring font encoding OML on input line 729.
LaTeX Font Info:    Redeclaring font encoding OMS on input line 730.
\macc@depth=\count125
\c@MaxMatrixCols=\count126
\dotsspace@=\muskip11
\c@parentequation=\count127
\dspbrk@lvl=\count128
\tag@help=\toks21
\row@=\count129
\column@=\count130
\maxfields@=\count131
\andhelp@=\toks22
\eqnshift@=\dimen136
\alignsep@=\dimen137
\tagshift@=\dimen138
\tagwidth@=\dimen139
\totwidth@=\dimen140
\lineht@=\dimen141
\@envbody=\toks23
\multlinegap=\skip88
\multlinetaggap=\skip89
\mathdisplay@stack=\toks24
LaTeX Info: Redefining \[ on input line 2844.
LaTeX Info: Redefining \] on input line 2845.
) (/usr/local/texlive/2019/texmf-dist/tex/latex/base/fixltx2e.sty
Package: fixltx2e 2016/12/29 v2.1a fixes to LaTeX (obsolete)
Applying: [2015/01/01] Old fixltx2e package on input line 46.

Package fixltx2e Warning: fixltx2e is not required with releases after 2015
(fixltx2e)                All fixes are now in the LaTeX kernel.
(fixltx2e)                See the latexrelease package for details.

Already applied: [0000/00/00] Old fixltx2e package on input line 53.
) (/usr/local/texlive/2019/texmf-dist/tex/latex/base/fontenc.sty
Package: fontenc 2018/08/11 v2.0j Standard LaTeX package
(/usr/local/texlive/2019/texmf-dist/tex/latex/base/t1enc.def
File: t1enc.def 2018/08/11 v2.0j Standard LaTeX file
LaTeX Font Info:    Redeclaring font encoding T1 on input line 48.
)) (/usr/local/texlive/2019/texmf-dist/tex/latex/base/inputenc.sty
Package: inputenc 2018/08/11 v1.3c Input encoding file
\inpenc@prehook=\toks25
\inpenc@posthook=\toks26
) (/usr/local/texlive/2019/texmf-dist/tex/latex/graphics/graphicx.sty
Package: graphicx 2017/06/01 v1.1a Enhanced LaTeX Graphics (DPC,SPQR)
(/usr/local/texlive/2019/texmf-dist/tex/latex/graphics/graphics.sty
Package: graphics 2017/06/25 v1.2c Standard LaTeX Graphics (DPC,SPQR)
(/usr/local/texlive/2019/texmf-dist/tex/latex/graphics/trig.sty
Package: trig 2016/01/03 v1.10 sin cos tan (DPC)
) (/usr/local/texlive/2019/texmf-dist/tex/latex/graphics-cfg/graphics.cfg
File: graphics.cfg 2016/06/04 v1.11 sample graphics configuration
)
Package graphics Info: Driver file: pdftex.def on input line 99.
)
\Gin@req@height=\dimen142
\Gin@req@width=\dimen143
) (/usr/local/texlive/2019/texmf-dist/tex/latex/booktabs/booktabs.sty
Package: booktabs 2016/04/27 v1.618033 publication quality tables
\heavyrulewidth=\dimen144
\lightrulewidth=\dimen145
\cmidrulewidth=\dimen146
\belowrulesep=\dimen147
\belowbottomsep=\dimen148
\aboverulesep=\dimen149
\abovetopsep=\dimen150
\cmidrulesep=\dimen151
\cmidrulekern=\dimen152
\defaultaddspace=\dimen153
\@cmidla=\count132
\@cmidlb=\count133
\@aboverulesep=\dimen154
\@belowrulesep=\dimen155
\@thisruleclass=\count134
\@lastruleclass=\count135
\@thisrulewidth=\dimen156
) (/usr/local/texlive/2019/texmf-dist/tex/latex/units/units.sty
Package: units 1998/08/04 v0.9b Typesetting units
(/usr/local/texlive/2019/texmf-dist/tex/latex/units/nicefrac.sty
Package: nicefrac 1998/08/04 v0.9b Nice fractions
\L@UnitsRaiseDisplaystyle=\skip90
\L@UnitsRaiseTextstyle=\skip91
\L@UnitsRaiseScriptstyle=\skip92
)) (/usr/local/texlive/2019/texmf-dist/tex/latex/tools/longtable.sty
Package: longtable 2014/10/28 v4.11 Multi-page Table package (DPC)+ FMi change
\LTleft=\skip93
\LTright=\skip94
\LTpre=\skip95
\LTpost=\skip96
\LTchunksize=\count136
\LTcapwidth=\dimen157
\LT@head=\box59
\LT@firsthead=\box60
\LT@foot=\box61
\LT@lastfoot=\box62
\LT@cols=\count137
\LT@rows=\count138
\c@LT@tables=\count139
\c@LT@chunks=\count140
\LT@p@ftn=\toks27
) (/usr/local/texlive/2019/texmf-dist/tex/generic/ulem/ulem.sty
\UL@box=\box63
\UL@hyphenbox=\box64
\UL@skip=\skip97
\UL@hook=\toks28
\UL@height=\dimen158
\UL@pe=\count141
\UL@pixel=\dimen159
\ULC@box=\box65
Package: ulem 2012/05/18
\ULdepth=\dimen160
) (/usr/local/texlive/2019/texmf-dist/tex/latex/morefloats/morefloats.sty
Package: morefloats 2015/07/22 v1.0h Raise limit of unprocessed floats (HMM)
Package morefloats Info: Maximum number of possible floats asked for: 36
(morefloats)             (i.e. 18 more floats).
(morefloats)             LaTeX might run out of memory before this
(morefloats)             (in which case it will notify you).
) (./Screwed.aux)
\openout1 = `Screwed.aux'.

LaTeX Font Info:    Checking defaults for OML/cmm/m/it on input line 71.
LaTeX Font Info:    ... okay on input line 71.
LaTeX Font Info:    Checking defaults for T1/cmr/m/n on input line 71.
LaTeX Font Info:    ... okay on input line 71.
LaTeX Font Info:    Checking defaults for OT1/cmr/m/n on input line 71.
LaTeX Font Info:    ... okay on input line 71.
LaTeX Font Info:    Checking defaults for OMS/cmsy/m/n on input line 71.
LaTeX Font Info:    ... okay on input line 71.
LaTeX Font Info:    Checking defaults for OMX/cmex/m/n on input line 71.
LaTeX Font Info:    ... okay on input line 71.
LaTeX Font Info:    Checking defaults for U/cmr/m/n on input line 71.
LaTeX Font Info:    ... okay on input line 71.
LaTeX Font Info:    Checking defaults for PD1/pdf/m/n on input line 71.
LaTeX Font Info:    ... okay on input line 71.
LaTeX Font Info:    Checking defaults for PU/pdf/m/n on input line 71.
LaTeX Font Info:    ... okay on input line 71.
LaTeX Font Info:    Checking defaults for TS1/cmr/m/n on input line 71.
LaTeX Font Info:    Try loading font information for TS1+cmr on input line 71.
(/usr/local/texlive/2019/texmf-dist/tex/latex/base/ts1cmr.fd
File: ts1cmr.fd 2014/09/29 v2.5h Standard LaTeX font definitions
)
LaTeX Font Info:    ... okay on input line 71.
LaTeX Font Info:    Try loading font information for T1+pplj on input line 71.
(/usr/local/texlive/2019/texmf-dist/tex/latex/psnfss/t1pplj.fd
File: t1pplj.fd 2004/09/06 font definitions for T1/pplj.
)
\AtBeginShipoutBox=\box66
Package hyperref Info: Link coloring OFF on input line 71.
(/usr/local/texlive/2019/texmf-dist/tex/latex/hyperref/nameref.sty
Package: nameref 2016/05/21 v2.44 Cross-referencing by name of section
(/usr/local/texlive/2019/texmf-dist/tex/generic/oberdiek/gettitlestring.sty
Package: gettitlestring 2016/05/16 v1.5 Cleanup title references (HO)
)
\c@section@level=\count142
)
LaTeX Info: Redefining \ref on input line 71.
LaTeX Info: Redefining \pageref on input line 71.
LaTeX Info: Redefining \nameref on input line 71.
(./Screwed.out) (./Screwed.out)
\@outlinefile=\write3
\openout3 = `Screwed.out'.

ABD: EverySelectfont initializing macros
LaTeX Info: Redefining \selectfont on input line 71.
*geometry* driver: auto-detecting
*geometry* detected driver: pdftex
*geometry* verbose mode - [ preamble ] result:
* driver: pdftex
* paper: letterpaper
* layout: <same size as paper>
* layoutoffset:(h,v)=(0.0pt,0.0pt)
* modes: twoside asymmetric 
* h-part:(L,W,R)=(72.26999pt, 312.0pt, 230.02501pt)
* v-part:(T,H,B)=(72.26999pt, 616.0pt, 106.7pt)
* \paperwidth=614.295pt
* \paperheight=794.96999pt
* \textwidth=312.0pt
* \textheight=616.0pt
* \oddsidemargin=0.0pt
* \evensidemargin=0.0pt
* \topmargin=-42.0pt
* \headheight=14.0pt
* \headsep=28.0pt
* \topskip=10.0pt
* \footskip=30.0pt
* \marginparwidth=144.0pt
* \marginparsep=24.0pt
* \columnsep=10.0pt
* \skip\footins=9.0pt plus 4.0pt minus 2.0pt
* \hoffset=0.0pt
* \voffset=0.0pt
* \mag=1000
* \@twocolumnfalse
* \@twosidetrue
* \@mparswitchfalse
* \@reversemarginfalse
* (1in=72.27pt=25.4mm, 1cm=28.453pt)

(/usr/local/texlive/2019/texmf-dist/tex/context/base/mkii/supp-pdf.mkii
[Loading MPS to PDF converter (version 2006.09.02).]
\scratchcounter=\count143
\scratchdimen=\dimen161
\scratchbox=\box67
\nofMPsegments=\count144
\nofMParguments=\count145
\everyMPshowfont=\toks29
\MPscratchCnt=\count146
\MPscratchDim=\dimen162
\MPnumerator=\count147
\makeMPintoPDFobject=\count148
\everyMPtoPDFconversion=\toks30
) (/usr/local/texlive/2019/texmf-dist/tex/latex/oberdiek/epstopdf-base.sty
Package: epstopdf-base 2016/05/15 v2.6 Base part for package epstopdf
(/usr/local/texlive/2019/texmf-dist/tex/latex/oberdiek/grfext.sty
Package: grfext 2016/05/16 v1.2 Manage graphics extensions (HO)
)
Package epstopdf-base Info: Redefining graphics rule for `.eps' on input line 4
38.
Package grfext Info: Graphics extension search list:
(grfext)             [.pdf,.png,.jpg,.mps,.jpeg,.jbig2,.jb2,.PDF,.PNG,.JPG,.JPE
G,.JBIG2,.JB2,.eps]
(grfext)             \AppendGraphicsExtensions on input line 456.
(/usr/local/texlive/2019/texmf-dist/tex/latex/latexconfig/epstopdf-sys.cfg
File: epstopdf-sys.cfg 2010/07/13 v1.3 Configuration of (r)epstopdf for TeX Liv
e
))
\langwohyphens=\language84
(./Screwed.toc
LaTeX Font Info:    Font shape `T1/pplj/bx/n' in size <10> not available
(Font)              Font shape `T1/pplj/b/n' tried instead on input line 2.
LaTeX Font Info:    Font shape `T1/pplj/bx/it' in size <12> not available
(Font)              Font shape `T1/pplj/b/it' tried instead on input line 2.
[1

{/usr/local/texlive/2019/texmf-var/fonts/map/pdftex/updmap/pdftex.map}] [2] [3]
[4])
\tf@toc=\write4
\openout4 = `Screwed.toc'.

[5] [6] [7]
LaTeX Font Info:    Try loading font information for OT1+pplx on input line 158
.
(/usr/local/texlive/2019/texmf-dist/tex/latex/psnfss/ot1pplx.fd
File: ot1pplx.fd 2004/09/06 font definitions for OT1/pplx.
)
LaTeX Font Info:    Try loading font information for OML+zplm on input line 158
.
(/usr/local/texlive/2019/texmf-dist/tex/latex/psnfss/omlzplm.fd
File: omlzplm.fd 2002/09/08 Fontinst v1.914 font definitions for OML/zplm.
)
LaTeX Font Info:    Try loading font information for OMS+zplm on input line 158
.
(/usr/local/texlive/2019/texmf-dist/tex/latex/psnfss/omszplm.fd
File: omszplm.fd 2002/09/08 Fontinst v1.914 font definitions for OMS/zplm.
)
LaTeX Font Info:    Try loading font information for OMX+zplm on input line 158
.
(/usr/local/texlive/2019/texmf-dist/tex/latex/psnfss/omxzplm.fd
File: omxzplm.fd 2002/09/08 Fontinst v1.914 font definitions for OMX/zplm.
)
LaTeX Font Info:    Try loading font information for OT1+zplm on input line 158
.
(/usr/local/texlive/2019/texmf-dist/tex/latex/psnfss/ot1zplm.fd
File: ot1zplm.fd 2002/09/08 Fontinst v1.914 font definitions for OT1/zplm.
)
LaTeX Font Info:    Font shape `U/msa/m/n' will be
(Font)              scaled to size 10.42007pt on input line 158.
LaTeX Font Info:    Font shape `U/msa/m/n' will be
(Font)              scaled to size 7.91925pt on input line 158.
LaTeX Font Info:    Font shape `U/msa/m/n' will be
(Font)              scaled to size 6.25204pt on input line 158.
LaTeX Font Info:    Font shape `U/msb/m/n' will be
(Font)              scaled to size 10.42007pt on input line 158.
LaTeX Font Info:    Font shape `U/msb/m/n' will be
(Font)              scaled to size 7.91925pt on input line 158.
LaTeX Font Info:    Font shape `U/msb/m/n' will be
(Font)              scaled to size 6.25204pt on input line 158.
LaTeX Font Info:    Font shape `U/msa/m/n' will be
(Font)              scaled to size 8.33606pt on input line 158.
LaTeX Font Info:    Font shape `U/msa/m/n' will be
(Font)              scaled to size 5.21004pt on input line 158.
LaTeX Font Info:    Font shape `U/msb/m/n' will be
(Font)              scaled to size 8.33606pt on input line 158.
LaTeX Font Info:    Font shape `U/msb/m/n' will be
(Font)              scaled to size 5.21004pt on input line 158.
[8]

LaTeX Warning: Marginpar on page 9 moved.


LaTeX Warning: Marginpar on page 9 moved.

LaTeX Font Info:    Try loading font information for T1+fvm on input line 174.
(/usr/local/texlive/2019/texmf-dist/tex/latex/bera/t1fvm.fd
File: t1fvm.fd 2004/09/07 scalable font definitions for T1/fvm.
)
LaTeX Font Info:    Font shape `T1/fvm/m/n' will be
(Font)              scaled to size 6.80005pt on input line 174.

LaTeX Warning: Marginpar on page 9 moved.


Overfull \hbox (1.27196pt too wide) in paragraph at lines 212--212
|\T1/pplj/m/it/12 1.3 Your Safety and Qual-ity of Life De-pend on Achiev-ing Ma
-jor
 []

[9]

LaTeX Warning: Marginpar on page 10 moved.

[10]

LaTeX Warning: Marginpar on page 11 moved.

[11]

LaTeX Warning: Marginpar on page 12 moved.


LaTeX Warning: Marginpar on page 12 moved.


LaTeX Warning: Marginpar on page 12 moved.


LaTeX Warning: Marginpar on page 12 moved.


LaTeX Warning: Marginpar on page 12 moved.

[12] [13] [14]

LaTeX Warning: Marginpar on page 15 moved.

<ChapterPictures/3-1-AdamSmith.png, id=916, 421.575pt x 567.11874pt>
File: ChapterPictures/3-1-AdamSmith.png Graphic file (type png)
<use ChapterPictures/3-1-AdamSmith.png>
Package pdftex.def Info: ChapterPictures/3-1-AdamSmith.png  used on input line 
504.
(pdftex.def)             Requested size: 144.0026pt x 193.71779pt.

LaTeX Warning: Marginpar on page 15 moved.


LaTeX Warning: Marginpar on page 15 moved.

[15 <./ChapterPictures/3-1-AdamSmith.png>]

LaTeX Warning: Marginpar on page 16 moved.


LaTeX Warning: Marginpar on page 16 moved.


LaTeX Warning: Marginpar on page 16 moved.


LaTeX Warning: Marginpar on page 16 moved.


LaTeX Warning: Marginpar on page 16 moved.


LaTeX Warning: Marginpar on page 16 moved.


LaTeX Warning: Marginpar on page 16 moved.


LaTeX Warning: Marginpar on page 16 moved.

[16]

LaTeX Warning: Marginpar on page 17 moved.


LaTeX Warning: Marginpar on page 17 moved.

[17]

LaTeX Warning: Marginpar on page 18 moved.

<Screwed_files/figure-latex/fig-1-2-1.pdf, id=956, 283.0575pt x 158.5925pt>
File: Screwed_files/figure-latex/fig-1-2-1.pdf Graphic file (type pdf)
<use Screwed_files/figure-latex/fig-1-2-1.pdf>
Package pdftex.def Info: Screwed_files/figure-latex/fig-1-2-1.pdf  used on inpu
t line 647.
(pdftex.def)             Requested size: 312.02501pt x 174.82251pt.

Underfull \hbox (badness 10000) in paragraph at lines 647--648

 []


LaTeX Warning: Marginpar on page 18 moved.

[18 <./Screwed_files/figure-latex/fig-1-2-1.pdf>]

LaTeX Warning: Marginpar on page 19 moved.


LaTeX Warning: Marginpar on page 19 moved.

[19] [20]

LaTeX Warning: Marginpar on page 21 moved.

[21] [22] [23]
Overfull \hbox (2.73973pt too wide) in paragraph at lines 925--929
[]\T1/pplj/m/n/10 So now, the cost of fish-ing is ex-pected to fall. In these n
ew, changed 
 []

[24] [25] [26] [27] [28]

LaTeX Warning: Marginpar on page 29 moved.

[29] [30] [31]
Overfull \hbox (6.44978pt too wide) in paragraph at lines 1293--1304
\T1/pplj/m/n/10 In this chap-ter we dealt with \T1/pplj/m/it/10 eco-nomics\T1/p
plj/m/n/10 . We worked out how economies 
 []

[32] [33] [34]
Overfull \hbox (1.98979pt too wide) in paragraph at lines 1359--1367
\T1/pplj/m/n/10 add the di-men-sion of time, we quickly see why fair-ness is gr
otesquely 
 []

[35]
Overfull \hbox (21.67195pt too wide) in paragraph at lines 1391--1391
|\T1/pplj/m/it/12 4.2 What Are The Eco-nomic Con-di-tions For Sus-tain-able Wid
espread
 []

[36] [37] [38]
Overfull \hbox (9.89996pt too wide) in paragraph at lines 1522--1522
|\T1/pplj/m/it/12 4.3 What Eco-nomic Phe-nom-ena Or Is-sues Can Tax-a-tion Ad-d
ress?| 
 []

[39] [40]

LaTeX Warning: Marginpar on page 41 moved.

[41]
LaTeX Font Info:    Try loading font information for TS1+pplj on input line 167
0.
(/usr/local/texlive/2019/texmf-dist/tex/latex/psnfss/ts1pplj.fd
File: ts1pplj.fd 2004/09/06 font definitions for TS1/pplj.
) [42] [43] [44] [45] [46]
Overfull \hbox (0.33598pt too wide) in paragraph at lines 1881--1881
|\T1/pplj/m/it/12 4.5 What Im-prove-ments Could A Bet-ter Tax-a-tion and So-cia
l Se-
 []

[47] [48] [49] [50] [51] [52] [53] [54] [55] [56] [57] [58] [59] [60] [61] [62]
[63] [64] [65] [66] [67] [68]
LaTeX Font Info:    Font shape `T1/pplj/bx/it' in size <10.95> not available
(Font)              Font shape `T1/pplj/b/it' tried instead on input line 2971.

[69] [70] [71] [72] [73] [74]
<ChapterPictures/5-1-taxrev.png, id=1443, 432.86719pt x 322.20375pt>
File: ChapterPictures/5-1-taxrev.png Graphic file (type png)
<use ChapterPictures/5-1-taxrev.png>
Package pdftex.def Info: ChapterPictures/5-1-taxrev.png  used on input line 329
4.
(pdftex.def)             Requested size: 312.01419pt x 232.24709pt.

Underfull \hbox (badness 10000) in paragraph at lines 3294--3295

 []

<ChapterPictures/5-2-taxage.png, id=1444, 490.08093pt x 455.45157pt>
File: ChapterPictures/5-2-taxage.png Graphic file (type png)
<use ChapterPictures/5-2-taxage.png>
Package pdftex.def Info: ChapterPictures/5-2-taxage.png  used on input line 329
8.
(pdftex.def)             Requested size: 312.00557pt x 289.95909pt.

Underfull \hbox (badness 10000) in paragraph at lines 3298--3299

 []

[75 <./ChapterPictures/5-1-taxrev.png>] [76 <./ChapterPictures/5-2-taxage.png>]
[77] [78]
<ChapterPictures/5-3-taxtrust.png, id=1473, 512.66531pt x 286.82156pt>
File: ChapterPictures/5-3-taxtrust.png Graphic file (type png)
<use ChapterPictures/5-3-taxtrust.png>
Package pdftex.def Info: ChapterPictures/5-3-taxtrust.png  used on input line 3
441.
(pdftex.def)             Requested size: 311.99786pt x 174.55386pt.

Underfull \hbox (badness 10000) in paragraph at lines 3441--3442
[][]
 []


Underfull \hbox (badness 10000) in paragraph at lines 3441--3442

 []

[79] [80 <./ChapterPictures/5-3-taxtrust.png>] [81] [82] [83] [84] [85] [86] [8
7] [88] [89] [90] [91] [92]
<ChapterPictures/7-1-UKUnemploymentRate.png, id=1612, 451.6875pt x 279.29344pt>

File: ChapterPictures/7-1-UKUnemploymentRate.png Graphic file (type png)
<use ChapterPictures/7-1-UKUnemploymentRate.png>
Package pdftex.def Info: ChapterPictures/7-1-UKUnemploymentRate.png  used on in
put line 4058.
(pdftex.def)             Requested size: 312.0162pt x 192.93002pt.

Underfull \hbox (badness 10000) in paragraph at lines 4058--4059

 []

[93 <./ChapterPictures/7-1-UKUnemploymentRate.png>]
<ChapterPictures/7-2-UpwardMobility.jpg, id=1625, 554.07pt x 430.60875pt>
File: ChapterPictures/7-2-UpwardMobility.jpg Graphic file (type jpg)
<use ChapterPictures/7-2-UpwardMobility.jpg>
Package pdftex.def Info: ChapterPictures/7-2-UpwardMobility.jpg  used on input 
line 4076.
(pdftex.def)             Requested size: 312.00179pt x 242.47963pt.

Underfull \hbox (badness 10000) in paragraph at lines 4076--4077

 []

[94 <./ChapterPictures/7-2-UpwardMobility.jpg>]
<ChapterPictures/7-3-MismatchedEmployment.png, id=1636, 626.34pt x 386.94562pt>

File: ChapterPictures/7-3-MismatchedEmployment.png Graphic file (type png)
<use ChapterPictures/7-3-MismatchedEmployment.png>
Package pdftex.def Info: ChapterPictures/7-3-MismatchedEmployment.png  used on 
input line 4118.
(pdftex.def)             Requested size: 312.0128pt x 192.7579pt.

Underfull \hbox (badness 10000) in paragraph at lines 4118--4119

 []

[95 <./ChapterPictures/7-3-MismatchedEmployment.png>] [96] [97]
<ChapterPictures/7-4-BeveridgeEvils.jpg, id=1677, 1204.5pt x 602.25pt>
File: ChapterPictures/7-4-BeveridgeEvils.jpg Graphic file (type jpg)
<use ChapterPictures/7-4-BeveridgeEvils.jpg>
Package pdftex.def Info: ChapterPictures/7-4-BeveridgeEvils.jpg  used on input 
line 4283.
(pdftex.def)             Requested size: 312.00473pt x 156.00235pt.

Underfull \hbox (badness 10000) in paragraph at lines 4283--4284

 []

[98 <./ChapterPictures/7-4-BeveridgeEvils.jpg>]
Overfull \hbox (0.28983pt too wide) in paragraph at lines 4297--4306
[]\T1/pplj/m/n/10 The wel-fare state has grown rapidly since its in-cep-tion. I
n 2015/16, 
 []

<ChapterPictures/7-5-RealWages2009.png, id=1686, 622.57594pt x 402.00188pt>
File: ChapterPictures/7-5-RealWages2009.png Graphic file (type png)
<use ChapterPictures/7-5-RealWages2009.png>
Package pdftex.def Info: ChapterPictures/7-5-RealWages2009.png  used on input l
ine 4313.
(pdftex.def)             Requested size: 311.99968pt x 201.4605pt.

Underfull \hbox (badness 10000) in paragraph at lines 4313--4314
[][]
 []


Underfull \hbox (badness 10000) in paragraph at lines 4313--4314

 []

[99 <./ChapterPictures/7-5-RealWages2009.png>]
<ChapterPictures/7-6-ParentingCosts.png, id=1693, 481.8pt x 277.78781pt>
File: ChapterPictures/7-6-ParentingCosts.png Graphic file (type png)
<use ChapterPictures/7-6-ParentingCosts.png>
Package pdftex.def Info: ChapterPictures/7-6-ParentingCosts.png  used on input 
line 4367.
(pdftex.def)             Requested size: 312.00471pt x 179.8902pt.

Underfull \hbox (badness 10000) in paragraph at lines 4367--4368

 []

<ChapterPictures/7-7-TaxRates.png, id=1695, 466.74374pt x 291.33844pt>
File: ChapterPictures/7-7-TaxRates.png Graphic file (type png)
<use ChapterPictures/7-7-TaxRates.png>
Package pdftex.def Info: ChapterPictures/7-7-TaxRates.png  used on input line 4
376.
(pdftex.def)             Requested size: 312.01161pt x 194.75563pt.

Underfull \hbox (badness 10000) in paragraph at lines 4376--4377

 []

<ChapterPictures/7-8-MTR.png, id=1696, 585.68813pt x 301.125pt>
File: ChapterPictures/7-8-MTR.png Graphic file (type png)
<use ChapterPictures/7-8-MTR.png>
Package pdftex.def Info: ChapterPictures/7-8-MTR.png  used on input line 4384.
(pdftex.def)             Requested size: 312.01292pt x 160.41795pt.

Underfull \hbox (badness 10000) in paragraph at lines 4384--4385

 []

[100] [101 <./ChapterPictures/7-6-ParentingCosts.png> <./ChapterPictures/7-7-Ta
xRates.png> <./ChapterPictures/7-8-MTR.png>] [102] [103]
<ChapterPictures/7-9-MispaidBenefits.png, id=1744, 313.17pt x 243.15843pt>
File: ChapterPictures/7-9-MispaidBenefits.png Graphic file (type png)
<use ChapterPictures/7-9-MispaidBenefits.png>
Package pdftex.def Info: ChapterPictures/7-9-MispaidBenefits.png  used on input
 line 4538.
(pdftex.def)             Requested size: 312.0128pt x 242.25993pt.

Underfull \hbox (badness 10000) in paragraph at lines 4538--4539

 []

[104] [105 <./ChapterPictures/7-9-MispaidBenefits.png>] [106] [107] [108] [109]
[110] [111] [112] [113] [114] [115]
Overfull \hbox (3.60976pt too wide) in paragraph at lines 5152--5165
\T1/pplj/m/n/10 pare the re-cip-i-ent both for em-ploy-ment and for entrepreneu
rship/self- 
 []

[116] [117] [118] [119] [120] [121] [122] [123] [124] [125] [126]
Overfull \hbox (12.53973pt too wide) in paragraph at lines 5681--5684
[]\T1/pplj/m/n/10 Wealthy peo-ple are able to put money into un-fair pseudo-inv
estments 
 []

[127]
<ChapterPictures/8-1-InequalityPic.jpg, id=1950, 451.6875pt x 295.1025pt>
File: ChapterPictures/8-1-InequalityPic.jpg Graphic file (type jpg)
<use ChapterPictures/8-1-InequalityPic.jpg>
Package pdftex.def Info: ChapterPictures/8-1-InequalityPic.jpg  used on input l
ine 5724.
(pdftex.def)             Requested size: 312.0162pt x 203.85057pt.

Underfull \hbox (badness 10000) in paragraph at lines 5724--5725

 []

[128 <./ChapterPictures/8-1-InequalityPic.jpg>] [129] [130] [131] [132]
<ChapterPictures/8-2-DistributionOfHouseholdWealth.png, id=1986, 347.79938pt x 
249.93375pt>
File: ChapterPictures/8-2-DistributionOfHouseholdWealth.png Graphic file (type 
png)
<use ChapterPictures/8-2-DistributionOfHouseholdWealth.png>
Package pdftex.def Info: ChapterPictures/8-2-DistributionOfHouseholdWealth.png 
 used on input line 5956.
(pdftex.def)             Requested size: 312.01352pt x 224.2175pt.

Underfull \hbox (badness 10000) in paragraph at lines 5956--5957

 []

[133 <./ChapterPictures/8-2-DistributionOfHouseholdWealth.png>]
<ChapterPictures/8-3-HouseholdWealthDistribution.png, id=2002, 688.82344pt x 37
4.14781pt>
File: ChapterPictures/8-3-HouseholdWealthDistribution.png Graphic file (type pn
g)
<use ChapterPictures/8-3-HouseholdWealthDistribution.png>
Package pdftex.def Info: ChapterPictures/8-3-HouseholdWealthDistribution.png  u
sed on input line 5981.
(pdftex.def)             Requested size: 311.99623pt x 169.4668pt.

Underfull \hbox (badness 10000) in paragraph at lines 5981--5982
[][]
 []


Underfull \hbox (badness 10000) in paragraph at lines 5981--5982

 []

[134 <./ChapterPictures/8-3-HouseholdWealthDistribution.png>]
<ChapterPictures/8-4-IncomeAfterTaxes2.png, id=2016, 176.91093pt x 400.49625pt>

File: ChapterPictures/8-4-IncomeAfterTaxes2.png Graphic file (type png)
<use ChapterPictures/8-4-IncomeAfterTaxes2.png>
Package pdftex.def Info: ChapterPictures/8-4-IncomeAfterTaxes2.png  used on inp
ut line 6026.
(pdftex.def)             Requested size: 144.00162pt x 325.99518pt.

LaTeX Warning: Marginpar on page 135 moved.

<ChapterPictures/8-5-ShareOfTopIncome.png, id=2019, 432.11438pt x 167.87718pt>
File: ChapterPictures/8-5-ShareOfTopIncome.png Graphic file (type png)
<use ChapterPictures/8-5-ShareOfTopIncome.png>
Package pdftex.def Info: ChapterPictures/8-5-ShareOfTopIncome.png  used on inpu
t line 6043.
(pdftex.def)             Requested size: 143.996pt x 55.94269pt.

LaTeX Warning: Marginpar on page 135 moved.

[135 <./ChapterPictures/8-4-IncomeAfterTaxes2.png> <./ChapterPictures/8-5-Share
OfTopIncome.png>] [136]

LaTeX Warning: Marginpar on page 137 moved.

<ChapterPictures/8-6-Healthandsocialproblems.png, id=2050, 430.60875pt x 306.39
468pt>
File: ChapterPictures/8-6-Healthandsocialproblems.png Graphic file (type png)
<use ChapterPictures/8-6-Healthandsocialproblems.png>
Package pdftex.def Info: ChapterPictures/8-6-Healthandsocialproblems.png  used 
on input line 6191.
(pdftex.def)             Requested size: 312.00922pt x 222.00656pt.

Underfull \hbox (badness 10000) in paragraph at lines 6191--6192

 []

[137]
<ChapterPictures/8-7-IneqLift.jpg, id=2064, 903.375pt x 618.05907pt>
File: ChapterPictures/8-7-IneqLift.jpg Graphic file (type jpg)
<use ChapterPictures/8-7-IneqLift.jpg>
Package pdftex.def Info: ChapterPictures/8-7-IneqLift.jpg  used on input line 6
227.
(pdftex.def)             Requested size: 312.00932pt x 213.46637pt.

Underfull \hbox (badness 10000) in paragraph at lines 6227--6228

 []

[138 <./ChapterPictures/8-6-Healthandsocialproblems.png>]
<ChapterPictures/8-8-IntergenerationalEarningsElasticity.png, id=2076, 374.1478
1pt x 271.76532pt>
File: ChapterPictures/8-8-IntergenerationalEarningsElasticity.png Graphic file 
(type png)
<use ChapterPictures/8-8-IntergenerationalEarningsElasticity.png>
Package pdftex.def Info: ChapterPictures/8-8-IntergenerationalEarningsElasticit
y.png  used on input line 6274.
(pdftex.def)             Requested size: 312.01552pt x 226.63503pt.

Underfull \hbox (badness 10000) in paragraph at lines 6274--6275

 []

[139 <./ChapterPictures/8-7-IneqLift.jpg>]
<ChapterPictures/8-9-AdvertisementPromotingEducation.png, id=2084, 602.25pt x 4
17.05812pt>
File: ChapterPictures/8-9-AdvertisementPromotingEducation.png Graphic file (typ
e png)
<use ChapterPictures/8-9-AdvertisementPromotingEducation.png>
Package pdftex.def Info: ChapterPictures/8-9-AdvertisementPromotingEducation.pn
g  used on input line 6291.
(pdftex.def)             Requested size: 312.0139pt x 216.06963pt.

Underfull \hbox (badness 10000) in paragraph at lines 6291--6292

 []

[140 <./ChapterPictures/8-8-IntergenerationalEarningsElasticity.png>]
<ChapterPictures/8-10-WealthIneqDemocracy.jpg, id=2094, 376.40625pt x 238.64156
pt>
File: ChapterPictures/8-10-WealthIneqDemocracy.jpg Graphic file (type jpg)
<use ChapterPictures/8-10-WealthIneqDemocracy.jpg>
Package pdftex.def Info: ChapterPictures/8-10-WealthIneqDemocracy.jpg  used on 
input line 6343.
(pdftex.def)             Requested size: 312.0208pt x 197.82117pt.

Underfull \hbox (badness 10000) in paragraph at lines 6343--6344

 []

[141 <./ChapterPictures/8-9-AdvertisementPromotingEducation.png>] [142 <./Chapt
erPictures/8-10-WealthIneqDemocracy.jpg>] [143]
<ChapterPictures/8-11-UnitedStatesWealthDistributionActualEstimatedandIdeal.png
, id=2131, 340.27126pt x 258.9675pt>
File: ChapterPictures/8-11-UnitedStatesWealthDistributionActualEstimatedandIdea
l.png Graphic file (type png)
<use ChapterPictures/8-11-UnitedStatesWealthDistributionActualEstimatedandIdeal
.png>
Package pdftex.def Info: ChapterPictures/8-11-UnitedStatesWealthDistributionAct
ualEstimatedandIdeal.png  used on input line 6453.
(pdftex.def)             Requested size: 312.01492pt x 237.46266pt.

Underfull \hbox (badness 10000) in paragraph at lines 6453--6454

 []

[144 <./ChapterPictures/8-11-UnitedStatesWealthDistributionActualEstimatedandId
eal.png>]
<ChapterPictures/8-12-InheritanceCartoon.jpg, id=2138, 144.54pt x 93.2283pt>
File: ChapterPictures/8-12-InheritanceCartoon.jpg Graphic file (type jpg)
<use ChapterPictures/8-12-InheritanceCartoon.jpg>
Package pdftex.def Info: ChapterPictures/8-12-InheritanceCartoon.jpg  used on i
nput line 6524.
(pdftex.def)             Requested size: 312.01645pt x 201.25063pt.

Underfull \hbox (badness 10000) in paragraph at lines 6524--6525

 []

[145] [146 <./ChapterPictures/8-12-InheritanceCartoon.jpg>]
<ChapterPictures/8-13-TopIncomeMTR.png, id=2153, 542.025pt x 302.63063pt>
File: ChapterPictures/8-13-TopIncomeMTR.png Graphic file (type png)
<use ChapterPictures/8-13-TopIncomeMTR.png>
Package pdftex.def Info: ChapterPictures/8-13-TopIncomeMTR.png  used on input l
ine 6570.
(pdftex.def)             Requested size: 312.00931pt x 174.2052pt.

Underfull \hbox (badness 10000) in paragraph at lines 6570--6571

 []


LaTeX Warning: Marginpar on page 147 moved.

<ChapterPictures/8-14-ImpactTBIneq.png, id=2155, 602.25pt x 337.26pt>
File: ChapterPictures/8-14-ImpactTBIneq.png Graphic file (type png)
<use ChapterPictures/8-14-ImpactTBIneq.png>
Package pdftex.def Info: ChapterPictures/8-14-ImpactTBIneq.png  used on input l
ine 6592.
(pdftex.def)             Requested size: 312.0139pt x 174.72778pt.

Underfull \hbox (badness 10000) in paragraph at lines 6592--6593

 []

[147 <./ChapterPictures/8-13-TopIncomeMTR.png> <./ChapterPictures/8-14-ImpactTB
Ineq.png>]
<ChapterPictures/8-15-IncomeProgressivityTax.png, id=2165, 602.25pt x 337.26pt>

File: ChapterPictures/8-15-IncomeProgressivityTax.png Graphic file (type png)
<use ChapterPictures/8-15-IncomeProgressivityTax.png>
Package pdftex.def Info: ChapterPictures/8-15-IncomeProgressivityTax.png  used 
on input line 6613.
(pdftex.def)             Requested size: 312.0139pt x 174.72778pt.

Underfull \hbox (badness 10000) in paragraph at lines 6613--6614

 []

<ChapterPictures/8-16-CorrelationIncomeSharesAndMTR.png, id=2166, 377.15906pt x
 238.64156pt>
File: ChapterPictures/8-16-CorrelationIncomeSharesAndMTR.png Graphic file (type
 png)
<use ChapterPictures/8-16-CorrelationIncomeSharesAndMTR.png>
Package pdftex.def Info: ChapterPictures/8-16-CorrelationIncomeSharesAndMTR.png
  used on input line 6629.
(pdftex.def)             Requested size: 312.00029pt x 197.41335pt.

Underfull \hbox (badness 10000) in paragraph at lines 6629--6630

 []


Overfull \hbox (4.02979pt too wide) in paragraph at lines 6632--6643
[]\T1/pplj/m/n/10 Immediately we can see a strong op-po-si-tional re-la-tion-sh
ip, whereby 
 []

[148 <./ChapterPictures/8-15-IncomeProgressivityTax.png>]
<ChapterPictures/8-17-TopShareTopMTR.jpg, id=2174, 740.7675pt x 490.83376pt>
File: ChapterPictures/8-17-TopShareTopMTR.jpg Graphic file (type jpg)
<use ChapterPictures/8-17-TopShareTopMTR.jpg>
Package pdftex.def Info: ChapterPictures/8-17-TopShareTopMTR.jpg  used on input
 line 6649.
(pdftex.def)             Requested size: 312.00188pt x 206.73294pt.

Underfull \hbox (badness 10000) in paragraph at lines 6649--6650

 []

[149 <./ChapterPictures/8-16-CorrelationIncomeSharesAndMTR.png> <./ChapterPictu
res/8-17-TopShareTopMTR.jpg>] [150] [151]

LaTeX Warning: Marginpar on page 152 moved.

[152]

LaTeX Warning: Marginpar on page 153 moved.

[153] [154]
Overfull \hbox (39.2899pt too wide) in alignment at lines 7025--7029
 [] [] 
 []


Overfull \hbox (39.2899pt too wide) in alignment at lines 7029--7033
 [] [] 
 []

[155]
Overfull \hbox (1.67987pt too wide) in alignment at lines 7093--7105
 [] [] [] [] 
 []


Overfull \hbox (1.67987pt too wide) in alignment at lines 7105--7197
 [] [] [] [] 
 []

[156]
Overfull \hbox (51.75981pt too wide) in paragraph at lines 7216--7219
[]\T1/pplj/m/n/10 Political prob-lems with grow-ing in-equal-ity -> Oli-garchy.
 Monopoly/Oligarchy 
 []

<ChapterPictures/8-18-richgetricher.png, id=2253, 550.30594pt x 438.8897pt>
File: ChapterPictures/8-18-richgetricher.png Graphic file (type png)
<use ChapterPictures/8-18-richgetricher.png>
Package pdftex.def Info: ChapterPictures/8-18-richgetricher.png  used on input 
line 7249.
(pdftex.def)             Requested size: 143.99983pt x 114.84529pt.
[157 <./ChapterPictures/8-18-richgetricher.png>]

LaTeX Warning: Marginpar on page 158 moved.


LaTeX Warning: Marginpar on page 158 moved.


LaTeX Warning: Marginpar on page 158 moved.


LaTeX Warning: Marginpar on page 158 moved.

[158]
<ChapterPictures/8-19-CapitalIncomeDisplacingLabourIncome.png, id=2266, 451.687
5pt x 420.06938pt>
File: ChapterPictures/8-19-CapitalIncomeDisplacingLabourIncome.png Graphic file
 (type png)
<use ChapterPictures/8-19-CapitalIncomeDisplacingLabourIncome.png>
Package pdftex.def Info: ChapterPictures/8-19-CapitalIncomeDisplacingLabourInco
me.png  used on input line 7327.
(pdftex.def)             Requested size: 312.0162pt x 290.17508pt.

Underfull \hbox (badness 10000) in paragraph at lines 7327--7328

 []

[159 <./ChapterPictures/8-19-CapitalIncomeDisplacingLabourIncome.png>]
<ChapterPictures/8-20-Monopoly.png, id=2274, 494.59781pt x 224.33812pt>
File: ChapterPictures/8-20-Monopoly.png Graphic file (type png)
<use ChapterPictures/8-20-Monopoly.png>
Package pdftex.def Info: ChapterPictures/8-20-Monopoly.png  used on input line 
7395.
(pdftex.def)             Requested size: 311.99825pt x 141.51518pt.

Underfull \hbox (badness 10000) in paragraph at lines 7395--7396
[][]
 []


Underfull \hbox (badness 10000) in paragraph at lines 7395--7396

 []

[160]
<ChapterPictures/8-21-FactorsOfIncomeInequality.png, id=2285, 517.18219pt x 135
.50626pt>
File: ChapterPictures/8-21-FactorsOfIncomeInequality.png Graphic file (type png
)
<use ChapterPictures/8-21-FactorsOfIncomeInequality.png>
Package pdftex.def Info: ChapterPictures/8-21-FactorsOfIncomeInequality.png  us
ed on input line 7425.
(pdftex.def)             Requested size: 312.00839pt x 81.7489pt.

Underfull \hbox (badness 10000) in paragraph at lines 7425--7426

 []

[161 <./ChapterPictures/8-20-Monopoly.png> <./ChapterPictures/8-21-FactorsOfInc
omeInequality.png>] [162] [163] [164] [165]

LaTeX Warning: Marginpar on page 166 moved.

[166]

LaTeX Warning: Marginpar on page 167 moved.

[167] [168] [169]
<ChapterPictures/9-1-ReceiptsFromCorpTax.png, id=2369, 299.6796pt x 211.992pt>
File: ChapterPictures/9-1-ReceiptsFromCorpTax.png Graphic file (type png)
<use ChapterPictures/9-1-ReceiptsFromCorpTax.png>
Package pdftex.def Info: ChapterPictures/9-1-ReceiptsFromCorpTax.png  used on i
nput line 7847.
(pdftex.def)             Requested size: 312.02066pt x 220.722pt.

Underfull \hbox (badness 10000) in paragraph at lines 7847--7848

 []

[170 <./ChapterPictures/9-1-ReceiptsFromCorpTax.png>]
<ChapterPictures/9-2-IncTaxandCorpTax.png, id=2380, 302.12875pt x 281.05pt>
File: ChapterPictures/9-2-IncTaxandCorpTax.png Graphic file (type png)
<use ChapterPictures/9-2-IncTaxandCorpTax.png>
Package pdftex.def Info: ChapterPictures/9-2-IncTaxandCorpTax.png  used on inpu
t line 7912.
(pdftex.def)             Requested size: 312.00285pt x 290.2352pt.

Underfull \hbox (badness 10000) in paragraph at lines 7912--7913

 []

[171] [172 <./ChapterPictures/9-2-IncTaxandCorpTax.png>]

LaTeX Warning: Marginpar on page 173 moved.

[173] [174] [175]
Overfull \hbox (8.95978pt too wide) in paragraph at lines 8098--8102
[]\T1/pplj/m/n/10 According to the Eu-ro-pean Com-mis-sion, this ar-range-ment 
amounted 
 []

<ChapterPictures/9-3-EUCorpTaxRates.png, id=2427, 306.4248pt x 252.945pt>
File: ChapterPictures/9-3-EUCorpTaxRates.png Graphic file (type png)
<use ChapterPictures/9-3-EUCorpTaxRates.png>
Package pdftex.def Info: ChapterPictures/9-3-EUCorpTaxRates.png  used on input 
line 8131.
(pdftex.def)             Requested size: 312.01613pt x 257.56049pt.

Underfull \hbox (badness 10000) in paragraph at lines 8131--8132

 []

<ChapterPictures/9-4-UKCorpTaxCuts.png, id=2431, 293.4162pt x 220.6644pt>
File: ChapterPictures/9-4-UKCorpTaxCuts.png Graphic file (type png)
<use ChapterPictures/9-4-UKCorpTaxCuts.png>
Package pdftex.def Info: ChapterPictures/9-4-UKCorpTaxCuts.png  used on input l
ine 8146.
(pdftex.def)             Requested size: 312.00914pt x 234.64725pt.

Underfull \hbox (badness 10000) in paragraph at lines 8146--8147

 []

[176] [177 <./ChapterPictures/9-3-EUCorpTaxRates.png> <./ChapterPictures/9-4-UK
CorpTaxCuts.png>]
<ChapterPictures/9-5-OECDVATRates.png, id=2446, 262.0992pt x 135.3858pt>
File: ChapterPictures/9-5-OECDVATRates.png Graphic file (type png)
<use ChapterPictures/9-5-OECDVATRates.png>
Package pdftex.def Info: ChapterPictures/9-5-OECDVATRates.png  used on input li
ne 8161.
(pdftex.def)             Requested size: 312.00188pt x 161.16273pt.

Underfull \hbox (badness 10000) in paragraph at lines 8161--8162

 []

[178 <./ChapterPictures/9-5-OECDVATRates.png>] [179]
Overfull \hbox (20.25462pt too wide) detected at line 8290
\OML/zplm/m/it/10 Weighting[] \OT1/zplm/m/n/10 = [] \OMS/zplm/m/n/10 ^^C []
 []

[180]
<ChapterPictures/9-6-CorporationTax-unitarytax.png, id=2471, 435.12563pt x 194.
22563pt>
File: ChapterPictures/9-6-CorporationTax-unitarytax.png Graphic file (type png)

<use ChapterPictures/9-6-CorporationTax-unitarytax.png>
Package pdftex.def Info: ChapterPictures/9-6-CorporationTax-unitarytax.png  use
d on input line 8299.
(pdftex.def)             Requested size: 312.02206pt x 139.27628pt.

Underfull \hbox (badness 10000) in paragraph at lines 8299--8300

 []

[181 <./ChapterPictures/9-6-CorporationTax-unitarytax.png>] [182] [183] [184] [
185]
Overfull \hbox (0.99411pt too wide) in paragraph at lines 8543--8543
|\T1/pplj/m/it/10.95 Proposal B: De-cay-ing In-ter-na-tional Prop-erty Rights: 
A Wealth Tax on
 []

[186]

LaTeX Warning: Marginpar on page 187 moved.

[187] [188]
<ChapterPictures/10-1-RealWagesvsHousePrices.png, id=2536, 444.91219pt x 275.52
937pt>
File: ChapterPictures/10-1-RealWagesvsHousePrices.png Graphic file (type png)
<use ChapterPictures/10-1-RealWagesvsHousePrices.png>
Package pdftex.def Info: ChapterPictures/10-1-RealWagesvsHousePrices.png  used 
on input line 8689.
(pdftex.def)             Requested size: 311.99986pt x 193.21819pt.

Underfull \hbox (badness 10000) in paragraph at lines 8689--8690
[][]
 []


Underfull \hbox (badness 10000) in paragraph at lines 8689--8690

 []

[189 <./ChapterPictures/10-1-RealWagesvsHousePrices.png>]
<ChapterPictures/10-3-Housepriceaffordability.png, id=2547, 444.15938pt x 274.7
7657pt>
File: ChapterPictures/10-3-Housepriceaffordability.png Graphic file (type png)
<use ChapterPictures/10-3-Housepriceaffordability.png>
Package pdftex.def Info: ChapterPictures/10-3-Housepriceaffordability.png  used
 on input line 8708.
(pdftex.def)             Requested size: 312.00058pt x 193.0173pt.

Underfull \hbox (badness 10000) in paragraph at lines 8708--8709

 []

<ChapterPictures/10-4-Percentageownershipbyage.png, id=2549, 1202.4925pt x 698.
61pt>
File: ChapterPictures/10-4-Percentageownershipbyage.png Graphic file (type png)

<use ChapterPictures/10-4-Percentageownershipbyage.png>
Package pdftex.def Info: ChapterPictures/10-4-Percentageownershipbyage.png  use
d on input line 8716.
(pdftex.def)             Requested size: 311.99847pt x 181.26122pt.

Underfull \hbox (badness 10000) in paragraph at lines 8716--8717
[][]
 []


Underfull \hbox (badness 10000) in paragraph at lines 8716--8717

 []

[190 <./ChapterPictures/10-3-Housepriceaffordability.png> <./ChapterPictures/10
-4-Percentageownershipbyage.png>]
<ChapterPictures/10-5-Householdnetpropertywealth2012.png, id=2559, 467.49657pt 
x 349.305pt>
File: ChapterPictures/10-5-Householdnetpropertywealth2012.png Graphic file (typ
e png)
<use ChapterPictures/10-5-Householdnetpropertywealth2012.png>
Package pdftex.def Info: ChapterPictures/10-5-Householdnetpropertywealth2012.pn
g  used on input line 8731.
(pdftex.def)             Requested size: 312.01552pt x 233.13237pt.

Underfull \hbox (badness 10000) in paragraph at lines 8731--8732

 []

[191 <./ChapterPictures/10-5-Householdnetpropertywealth2012.png>] [192] [193]
<ChapterPictures/10-6-Indexofhousingmarketcosts1983-2007.png, id=2587, 629.3512
6pt x 460.72125pt>
File: ChapterPictures/10-6-Indexofhousingmarketcosts1983-2007.png Graphic file 
(type png)
<use ChapterPictures/10-6-Indexofhousingmarketcosts1983-2007.png>
Package pdftex.def Info: ChapterPictures/10-6-Indexofhousingmarketcosts1983-200
7.png  used on input line 8901.
(pdftex.def)             Requested size: 311.99557pt x 228.39868pt.

Underfull \hbox (badness 10000) in paragraph at lines 8901--8902
[][]
 []


Underfull \hbox (badness 10000) in paragraph at lines 8901--8902

 []

[194 <./ChapterPictures/10-6-Indexofhousingmarketcosts1983-2007.png>] [195] [19
6]
Overfull \hbox (4.60979pt too wide) in paragraph at lines 9011--9013
[]\T1/pplj/m/n/10 Great minds have al-ready con-sid-ered this mat-ter. Win-ston
 Churchill 
 []

<ChapterPictures/10-7-Monopoly.jpg, id=2617, 548.0475pt x 198.7425pt>
File: ChapterPictures/10-7-Monopoly.jpg Graphic file (type jpg)
<use ChapterPictures/10-7-Monopoly.jpg>
Package pdftex.def Info: ChapterPictures/10-7-Monopoly.jpg  used on input line 
9075.
(pdftex.def)             Requested size: 312.00565pt x 113.1449pt.

Underfull \hbox (badness 10000) in paragraph at lines 9075--9076

 []

[197]

LaTeX Warning: Marginpar on page 198 moved.

[198 <./ChapterPictures/10-7-Monopoly.jpg>]
<ChapterPictures/10-8-GeorgeSign.jpg, id=2630, 376.40625pt x 250.68657pt>
File: ChapterPictures/10-8-GeorgeSign.jpg Graphic file (type jpg)
<use ChapterPictures/10-8-GeorgeSign.jpg>
Package pdftex.def Info: ChapterPictures/10-8-GeorgeSign.jpg  used on input lin
e 9127.
(pdftex.def)             Requested size: 312.0208pt x 207.80585pt.

Underfull \hbox (badness 10000) in paragraph at lines 9127--9128

 []

[199 <./ChapterPictures/10-8-GeorgeSign.jpg>] [200] [201]

LaTeX Warning: Marginpar on page 202 moved.

[202] [203] [204] [205] [206] [207] [208]
<ChapterPictures/10-9-DenmarkLVT.png, id=2717, 385.44pt x 201.75375pt>
File: ChapterPictures/10-9-DenmarkLVT.png Graphic file (type png)
<use ChapterPictures/10-9-DenmarkLVT.png>
Package pdftex.def Info: ChapterPictures/10-9-DenmarkLVT.png  used on input lin
e 9671.
(pdftex.def)             Requested size: 311.99884pt x 163.31189pt.

Underfull \hbox (badness 10000) in paragraph at lines 9671--9672
[][]
 []


Underfull \hbox (badness 10000) in paragraph at lines 9671--9672

 []

[209 <./ChapterPictures/10-9-DenmarkLVT.png>] [210] [211]
Overfull \hbox (0.38982pt too wide) in paragraph at lines 9820--9828
\T1/pplj/m/n/10 pri-mor-dial form which pre-cedes hu-man ex-is-tence. It has be
en formed 
 []


Overfull \hbox (7.56978pt too wide) in paragraph at lines 9829--9846
[]\T1/pplj/m/n/10 Land gen-er-ates good things for us `for free' through mind-b
endingly 
 []

[212]
LaTeX Font Info:    Font shape `T1/pplj/bx/n' in size <8> not available
(Font)              Font shape `T1/pplj/b/n' tried instead on input line 9899.

LaTeX Warning: Marginpar on page 213 moved.

[213] [214] [215] [216]
Overfull \hbox (0.71976pt too wide) in paragraph at lines 10085--10086
\T1/pplj/m/it/9 con-trol-lable. Mankind can-not ad-vance nor re-tard its ser-vi
ces at will.''\T1/pplj/m/n/9 (Gaffney 
 []


Overfull \hbox (3.1621pt too wide) in paragraph at lines 10123--10123
|\T1/pplj/m/it/10.95 7. Land is sub-ject to mar-ket forces that dif-fer from th
ose that de-ter-mine
 []

[217]
Overfull \hbox (10.76132pt too wide) in paragraph at lines 10149--10149
|\T1/pplj/m/it/10.95 8. Land price guides in-vestors and de-ter-mines the char-
ac-ter of cap-i-tal, as
 []


Overfull \hbox (11.276pt too wide) in paragraph at lines 10191--10191
|\T1/pplj/m/it/10.95 10. Land value (ba-sic per-ma-nent lo-ca-tion value) is no
t an eco-nomic fund| 
 []

[218]
Overfull \hbox (16.6743pt too wide) in paragraph at lines 10212--10212
|\T1/pplj/m/it/10.95 1. The ori-gin of prop-erty in land is po-lit-i-cal, and o
wn-ing land im-parts su-
 []

[219] [220] [221]
Overfull \hbox (6.20615pt too wide) in paragraph at lines 10368--10368
|\T1/pplj/m/it/10.95 5. The price of land must be sys-tem-i-cally risky to com-
pen-sate for su-per-
 []


Overfull \hbox (6.41426pt too wide) in paragraph at lines 10384--10384
|\T1/pplj/m/it/10.95 6. A fall in in-ter-est rates makes prop-erty own-ers rich
er and makes own-
 []

<ChapterPictures/10-10-WealthRentIncreases1.png, id=2843, 904.1278pt x 762.5990
6pt>
File: ChapterPictures/10-10-WealthRentIncreases1.png Graphic file (type png)
<use ChapterPictures/10-10-WealthRentIncreases1.png>
Package pdftex.def Info: ChapterPictures/10-10-WealthRentIncreases1.png  used o
n input line 10410.
(pdftex.def)             Requested size: 311.99341pt x 263.15514pt.

Underfull \hbox (badness 10000) in paragraph at lines 10410--10411
[][]
 []


Underfull \hbox (badness 10000) in paragraph at lines 10410--10411

 []

[222] [223 <./ChapterPictures/10-10-WealthRentIncreases1.png>] [224] [225] [226
] [227] [228] [229] [230] [231]
Overfull \hbox (1.19722pt too wide) in alignment at lines 10879--10893
 [] [] [] [] [] 
 []


Overfull \hbox (18.04048pt too wide) in paragraph at lines 10915--10916
[]\T1/pplj/m/n/10 ResolutionFund|  
 []


Overfull \hbox (40.59052pt too wide) in paragraph at lines 10920--10921
\T1/pplj/m/n/10 LiabilitiesDerivatives|  
 []


Overfull \hbox (1.96053pt too wide) in paragraph at lines 10951--10952
[]\T1/pplj/m/n/10 Netherlands 
 []


Overfull \hbox (1.19722pt too wide) in alignment at lines 10893--10995
 [] [] [] [] [] 
 []

[232] [233]

LaTeX Warning: Marginpar on page 234 moved.

[234] [235] [236]

LaTeX Warning: Marginpar on page 237 moved.

[237] [238] [239] [240] [241] [242] [243]
Overfull \hbox (18.74394pt too wide) in paragraph at lines 11516--11516
|\T1/pplj/m/it/12 CHAPTER 12: EN-VI-RON-MENT, HEALTH, AND RE-SOURCES| 
 []

<ChapterPictures/12-1-EnvironmentalIssues.png, id=3024, 262.73157pt x 259.7203p
t>
File: ChapterPictures/12-1-EnvironmentalIssues.png Graphic file (type png)
<use ChapterPictures/12-1-EnvironmentalIssues.png>
Package pdftex.def Info: ChapterPictures/12-1-EnvironmentalIssues.png  used on 
input line 11552.
(pdftex.def)             Requested size: 144.00569pt x 142.3552pt.
[244 <./ChapterPictures/12-1-EnvironmentalIssues.png>]

LaTeX Warning: Marginpar on page 245 moved.

[245] [246]

LaTeX Warning: Marginpar on page 247 moved.

[247] [248] [249] [250]

LaTeX Warning: Marginpar on page 251 moved.


LaTeX Warning: Marginpar on page 251 moved.

[251]

LaTeX Warning: Marginpar on page 252 moved.

[252]
<ChapterPictures/12-2-PigovianTax.png, id=3096, 211.54031pt x 134.75343pt>
File: ChapterPictures/12-2-PigovianTax.png Graphic file (type png)
<use ChapterPictures/12-2-PigovianTax.png>
Package pdftex.def Info: ChapterPictures/12-2-PigovianTax.png  used on input li
ne 12013.
(pdftex.def)             Requested size: 144.00366pt x 91.73186pt.

Overfull \hbox (7.46394pt too wide) in paragraph at lines 12024--12024
|\T1/pplj/m/it/12 12.4 Pol-icy Op-tions for Tack-ling So-cial and En-vi-ron-men
-tal Dam-
 []

[253 <./ChapterPictures/12-2-PigovianTax.png>]
<ChapterPictures/12-3-EnvironmentalInitiatives.png, id=3108, 357.58594pt x 255.
95625pt>
File: ChapterPictures/12-3-EnvironmentalInitiatives.png Graphic file (type png)

<use ChapterPictures/12-3-EnvironmentalInitiatives.png>
Package pdftex.def Info: ChapterPictures/12-3-EnvironmentalInitiatives.png  use
d on input line 12057.
(pdftex.def)             Requested size: 143.9976pt x 103.07196pt.

LaTeX Warning: Marginpar on page 254 moved.

[254 <./ChapterPictures/12-3-EnvironmentalInitiatives.png>]
Overfull \hbox (4.81973pt too wide) in paragraph at lines 12136--12139
[]\T1/pplj/m/n/10 However, there are fur-ther rea-sons to seek al-ter-na-tives 
to command- 
 []

[255] [256] [257] [258]
<ChapterPictures/12-4-EnvironmentalTaxRevenue.png, id=3158, 353.06906pt x 343.2
825pt>
File: ChapterPictures/12-4-EnvironmentalTaxRevenue.png Graphic file (type png)
<use ChapterPictures/12-4-EnvironmentalTaxRevenue.png>
Package pdftex.def Info: ChapterPictures/12-4-EnvironmentalTaxRevenue.png  used
 on input line 12339.
(pdftex.def)             Requested size: 312.00009pt x 303.3519pt.

Underfull \hbox (badness 10000) in paragraph at lines 12339--12340

 []

[259 <./ChapterPictures/12-4-EnvironmentalTaxRevenue.png>] [260] [261] [262]
Overfull \hbox (3.1293pt too wide) in paragraph at lines 12546--12546
|\T1/pplj/m/it/10.95 The Per-fect Mar-ket: Should We Re-duce Dead-weight Loss a
t All Costs?| 
 []

[263] [264] [265] [266]
Overfull \hbox (7.39981pt too wide) in paragraph at lines 12747--12752
\T1/pplj/m/n/10 Class B, would be charged 50% (i.e., 1 pence per gram sugar swe
etness- 
 []


LaTeX Warning: Marginpar on page 267 moved.

[267] [268] [269] [270] [271]

LaTeX Warning: Marginpar on page 272 moved.

[272] [273] [274] [275]
LaTeX Font Info:    Font shape `U/msa/m/n' will be
(Font)              scaled to size 11.40997pt on input line 13227.
LaTeX Font Info:    Font shape `U/msb/m/n' will be
(Font)              scaled to size 11.40997pt on input line 13227.

LaTeX Warning: Marginpar on page 276 moved.

[276]

LaTeX Warning: Marginpar on page 277 moved.

[277]

LaTeX Warning: Marginpar on page 278 moved.

[278] [279]
Overfull \hbox (8.364pt too wide) in paragraph at lines 13447--13447
|\T1/pplj/m/it/12 12.12 Bor-ders and Com-pe-ti-tion: Mak-ing a National-Level C
ar-bon
 []


LaTeX Warning: Marginpar on page 280 moved.

LaTeX Font Info:    Font shape `U/msa/m/n' will be
(Font)              scaled to size 9.37807pt on input line 13462.
LaTeX Font Info:    Font shape `U/msa/m/n' will be
(Font)              scaled to size 7.29405pt on input line 13462.
LaTeX Font Info:    Font shape `U/msb/m/n' will be
(Font)              scaled to size 9.37807pt on input line 13462.
LaTeX Font Info:    Font shape `U/msb/m/n' will be
(Font)              scaled to size 7.29405pt on input line 13462.

LaTeX Warning: Marginpar on page 280 moved.

[280] [281] [282] [283] [284] [285] [286] [287] [288] [289]
LaTeX Font Info:    Font shape `T1/fvm/m/n' will be
(Font)              scaled to size 8.50006pt on input line 13919.

Overfull \hbox (3.77988pt too wide) in paragraph at lines 13917--13920
[]\T1/pplj/m/n/10 Adams, Mar-tin. 2016. ``A New Model of the Econ-omy, Brian Ho
dgkin- 
 []


Overfull \hbox (129.79277pt too wide) in paragraph at lines 13917--13920
\T1/pplj/m/n/10 son,'' []$\T1/fvm/m/n/10 https : / / www . progress . org / art
icles / a-[]new-[]model-[]of-[]the-[]economy-[]by-[]brian-[]hodgkinson$[]\T1/pp
lj/m/n/10 .  
 []


Overfull \hbox (30.84134pt too wide) in paragraph at lines 13936--13941
\T1/fvm/m/n/10 williams . edu / Economics / wp / BakijaColeHeimJobsIncomeGrowth
TopEarners . 
 []

[290]
Overfull \hbox (41.6158pt too wide) in paragraph at lines 13965--13969
\T1/pplj/m/n/10 vices.'' Macmil-lan. []$\T1/fvm/m/n/10 https : / / www . sochea
lth . co . uk / national-[]health-[]service / 
 []


Overfull \hbox (62.15318pt too wide) in paragraph at lines 13981--13985
\T1/pplj/m/n/10 land tax.'' []$\T1/fvm/m/n/10 https : / / www . ft . com / cont
ent / 29bf998e-[]e61c-[]11e0-[]960c-[]00144feabdc0$[]\T1/pplj/m/n/10 .  
 []


Overfull \hbox (89.55975pt too wide) in paragraph at lines 14014--14017
[][]\T1/pplj/m/n/10 Carers UK. 2014. ``Car-ers at Break-ing Point.'' \T1/pplj/m
/it/10 Car-ers UK\T1/pplj/m/n/10 . []http://www.carersuk.org/for- 
 []


Overfull \hbox (22.98973pt too wide) in paragraph at lines 14014--14017
\T1/pplj/m/n/10 https://www.carersuk.org/for-professionals/policy/policy-librar
y/carers- 
 []


Overfull \hbox (138.68204pt too wide) in paragraph at lines 14021--14024
[]$\T1/fvm/m/n/10 https : / / www . centreforpublicimpact . org / case-[]study 
/ demand-[]management-[]for-[]roads-[]in-[]london/$[]\T1/pplj/m/n/10 .  
 []


Overfull \hbox (81.39465pt too wide) in paragraph at lines 14025--14029
\T1/fvm/m/n/10 centreforsocialjustice . org . uk / library / dynamic-[]benefits
-[]towards-[]welfare-[]works$[]\T1/pplj/m/n/10 .  
 []

[291]
Overfull \hbox (54.80948pt too wide) in paragraph at lines 14041--14044
[]$\T1/fvm/m/n/10 https : / / www . cipd . co . uk / knowledge / work / skills 
/ industrial-[]strategy-[]report$[]\T1/pplj/m/n/10 .  
 []


Overfull \hbox (22.10727pt too wide) in paragraph at lines 14045--14048
\T1/fvm/m/n/10 / / www . cipd . co . uk / Images / employee-[]outlook _ 2016-[]
autumn _ tcm18-[]16797 . 
 []


Overfull \hbox (27.60727pt too wide) in paragraph at lines 14049--14053
\T1/fvm/m/n/10 read / 117783028 / a-[]farewell-[]to-[]alms-[]a-[]brief-[]econom
ic-[]history-[]of-[]the$[]\T1/pplj/m/n/10 .  
 []


Overfull \hbox (23.10727pt too wide) in paragraph at lines 14064--14069
\T1/fvm/m/n/10 uploads / 2016 / 01 / Contracted-[]out-[]health-[]and-[]disabili
ty-[]assessments . 
 []


Overfull \hbox (144.29907pt too wide) in paragraph at lines 14088--14091
[]$\T1/fvm/m/n/10 https : / / www . gov . uk / government / publications / carr
ier-[]bag-[]charge-[]summary-[]of-[]data-[]in-[]england$[]\T1/pplj/m/n/10 .  
 []

[292]
Overfull \hbox (3.06981pt too wide) in paragraph at lines 14101--14105
\T1/pplj/m/n/10 Britains.'' March. []http://policy-practice.oxfam.org.uk/public
ations/a- 
 []


Overfull \hbox (93.25977pt too wide) in paragraph at lines 14101--14105
\T1/pplj/m/n/10 tale-of-two-britains-inequality-in-the-uk-314152 https://paperp
ile.com/c/XD9ymG/Ct6m[].  
 []


Overfull \hbox (117.7139pt too wide) in paragraph at lines 14115--14119
\T1/fvm/m/n/10 personalfinance / tax / 11544301 / The-[]chart-[]that-[]shows-[]
there-[]are-[]12-[]rates-[]of-[]income-[]tax . 
 []


Overfull \hbox (8.37952pt too wide) in paragraph at lines 14126--14129
[][]\T1/pplj/m/n/10 fact, Full. 2015. ``The wel-fare bud-get - Full Fact.'' []$
\T1/fvm/m/n/10 https : / / fullfact . 
 []


Overfull \hbox (95.71024pt too wide) in paragraph at lines 14130--14133
[][]\T1/pplj/m/n/10 ---------. 2019. []$\T1/fvm/m/n/10 https : / / fullfact . o
rg / economy / do-[]top-[]1-[]earners-[]pay-[]28-[]tax-[]burden/$[]\T1/pplj/m/n
/10 .  
 []


Overfull \hbox (53.30948pt too wide) in paragraph at lines 14138--14142
\T1/fvm/m/n/10 theguardian . com / news / blog / 2013 / apr / 04 / living-[]on-
[]benefits-[]readers-[]panel # 
 []

[293]
Overfull \hbox (12.70976pt too wide) in paragraph at lines 14188--14192
\T1/pplj/m/n/10 land. []http://www.dovescotland.org/socialproblems/socialProble
ms.pdf 
 []


Overfull \hbox (111.8697pt too wide) in paragraph at lines 14188--14192
\T1/pplj/m/n/10 https://ia800306.us.archive.org/4/items/socialproblems83geor/so
cialproblems83geor_bw.pdf[].  
 []


Overfull \hbox (4.06056pt too wide) in paragraph at lines 14193--14196
[][]\T1/pplj/m/n/10 Gilens, Mar-tin. 2012. ``Un-der the In-flu-ence.'' []$\T1/f
vm/m/n/10 http : / / bostonreview . 
 []


Overfull \hbox (57.22319pt too wide) in paragraph at lines 14203--14207
\T1/pplj/m/n/10 decade.'' []$\T1/fvm/m/n/10 https : / / www . ft . com / conten
t / 1ad5c43a-[]a593-[]11e5-[]a91e-[]162b86790c58$[]\T1/pplj/m/n/10 .  
 []

[294]
Overfull \hbox (27.7243pt too wide) in paragraph at lines 14271--14274
\T1/fvm/m/n/10 uk / government / publications / social-[]investment-[]tax-[]rel
ief-[]factsheet / 
 []


Overfull \hbox (58.42651pt too wide) in paragraph at lines 14289--14292
\T1/fvm/m/n/10 www . gov . uk / government / publications / rates-[]and-[]allow
ances-[]corporation-[]tax / 
 []


Overfull \hbox (14.8732pt too wide) in paragraph at lines 14298--14301
[]$\T1/fvm/m/n/10 https : / / www . ft . com / content / bb8a6fa2-[]e651-[]11e6
-[]893c-[]082c54a7f539$[]\T1/pplj/m/n/10 .  
 []


Overfull \hbox (131.4331pt too wide) in paragraph at lines 14313--14317
\T1/pplj/m/n/10 cor-po-ra-tion tax re-ceipts.'' []$\T1/fvm/m/n/10 https : / / w
ww . ft . com / content / ca3e5bd2-[]2a7e-[]11e7-[]9ec8-[]168383da43b7$[]\T1/pp
lj/m/n/10 .  
 []

[295]
Overfull \hbox (110.25313pt too wide) in paragraph at lines 14333--14337
\T1/pplj/m/n/10 charts from the IFS.'' []$\T1/fvm/m/n/10 https : / / www . ft .
 com / content / 16662297-[]2067-[]3289-[]81bf-[]95da91628fbc$[]\T1/pplj/m/n/10
 .  
 []


Overfull \hbox (51.69907pt too wide) in paragraph at lines 14342--14346
\T1/pplj/m/n/10 Ser-vices.'' []$\T1/fvm/m/n/10 http : / / www . landstewardship
 . org / ecological-[]goods-[]and-[]services/$[]\T1/pplj/m/n/10 .  
 []

[296]
Overfull \hbox (92.74576pt too wide) in paragraph at lines 14406--14410
\T1/fvm/m/n/10 files / reports / original / 160304113651-[]ANewSimpleRevenueNeu
tralTaxCodeforBusiness . 
 []


Overfull \hbox (55.72462pt too wide) in paragraph at lines 14416--14420
\T1/pplj/m/n/10 a con-nec-tion | For-tune.'' []$\T1/fvm/m/n/10 http : / / fortu
ne . com / 2015 / 04 / 06 / inequality-[]piketty/$[]\T1/pplj/m/n/10 .  
 []


Overfull \hbox (18.09576pt too wide) in paragraph at lines 14432--14436
\T1/pplj/m/n/10 of Com-mons Brief-ing Pa-per. UK Par-lia-ment. []$\T1/fvm/m/n/1
0 http : / / researchbriefings . 
 []


Overfull \hbox (127.84573pt too wide) in paragraph at lines 14437--14441
\T1/pplj/m/n/10 pass.'' []$\T1/fvm/m/n/10 https : / / www . compassonline . org
 . uk / publications / the-[]case-[]for-[]land-[]value-[]taxation/$[]\T1/pplj/m
/n/10 .  
 []


Overfull \hbox (66.45973pt too wide) in paragraph at lines 14450--14454
\T1/pplj/m/n/10 state-free-money-alaska https://motherboard.vice.com/en_us/arti
cle/jp5wdb/only- 
 []

[297]
Overfull \hbox (93.86966pt too wide) in paragraph at lines 14485--14490
[]\T1/pplj/m/n/10 http://www.ifs.org.uk/publications/5353 http://www.ifs.org.uk
/mirrleesReview/design[].  
 []


Overfull \hbox (70.04355pt too wide) in paragraph at lines 14509--14514
\T1/fvm/m/n/10 fixing-[]the-[]great-[]distortion-[]how-[]to-[]undo-[]the-[]tax-
[]bias-[]toward-[]debt-[]finance/$[]\T1/pplj/m/n/10 .  
 []


Overfull \hbox (19.99023pt too wide) in paragraph at lines 14515--14519
\T1/fvm/m/n/10 leading-[]article-[]how-[]to-[]make-[]paying-[]taxes-[]more-[]pa
latable-[]1491568 . 
 []


Overfull \hbox (53.80948pt too wide) in paragraph at lines 14525--14528
\T1/fvm/m/n/10 org . uk / wp-[]content / uploads / 2018 / 06 / Rolling-[]out-[]
Universal-[]Credit-[]Summary . 
 []


Overfull \hbox (24.10062pt too wide) in paragraph at lines 14529--14532
[][]\T1/pplj/m/n/10 New Eco-nomic Foun-da-tion. 2009. ``A bit rich |.'' []$\T1/
fvm/m/n/10 http : / / neweconomics . 
 []

[298]
Overfull \hbox (2.13913pt too wide) in paragraph at lines 14547--14550
[]$\T1/fvm/m/n/10 https : / / www . oecd . org / social / Focus-[]Inequality-[]
and-[]Growth-[]2014 . 
 []


Overfull \hbox (56.01909pt too wide) in paragraph at lines 14555--14559
\T1/pplj/m/n/10 Spend-ing.'' []$\T1/fvm/m/n/10 http : / / obr . uk / forecasts-
[]in-[]depth / brief-[]guides-[]and-[]explainers / 
 []


Overfull \hbox (54.21727pt too wide) in paragraph at lines 14564--14568
\T1/pplj/m/n/10 2014.'' []$\T1/fvm/m/n/10 http : / / www . ons . gov . uk / ons
 / rel / was / wealth-[]in-[]great-[]britain-[]wave-[]4 / 
 []


Overfull \hbox (45.54576pt too wide) in paragraph at lines 14569--14573
\T1/pplj/m/n/10 Na-tional Statis-tics.'' []$\T1/fvm/m/n/10 https : / / www . on
s . gov . uk / peoplepopulationandcommunity / 
 []


Overfull \hbox (121.83093pt too wide) in paragraph at lines 14569--14573
\T1/fvm/m/n/10 housing / articles / housingsummarymeasuresanalysis / 2015 # aff
ordability-[]of-[]home-[]ownership$[]\T1/pplj/m/n/10 .  
 []


Overfull \hbox (80.39465pt too wide) in paragraph at lines 14574--14578
\T1/fvm/m/n/10 uploads / attachment _ data / file / 535362 / ir-[]benefits-[]ta
ke-[]up-[]main-[]report-[]2014-[]15 . 
 []


Overfull \hbox (109.45018pt too wide) in paragraph at lines 14579--14583
\T1/pplj/m/n/10 Na-tional Statis-tics.'' []$\T1/fvm/m/n/10 https : / / www . on
s . gov . uk / releases / uklabourmarketstatisticsjuly2016$[]\T1/pplj/m/n/10 . 
 
 []

[299]
Overfull \hbox (31.84134pt too wide) in paragraph at lines 14602--14606
\T1/fvm/m/n/10 org / INTEEI / 214574-[]1112740068165 / 22251637 / CostaRica09-[
]LandUseChange . 
 []


Overfull \hbox (56.28429pt too wide) in paragraph at lines 14660--14663
\T1/pplj/m/n/10 tion.'' []$\T1/fvm/m/n/10 http : / / www . grputland . com / 20
13 / 10 / ramsey-[]taxation-[]means-[]land-[]value . 
 []

[300]
Overfull \hbox (75.16058pt too wide) in paragraph at lines 14717--14721
\T1/fvm/m/n/10 the-[]principled-[]and-[]pragmatic-[]case-[]for-[]a-[]universal-
[]basic-[]income-[]-[]new-[]report$[]\T1/pplj/m/n/10 .  
 []

[301]
Overfull \hbox (3.03171pt too wide) in paragraph at lines 14752--14755
[][]\T1/pplj/m/n/10 Shaxson, Nicholas. 2011. \T1/pplj/m/it/10 Trea-sure Is-land
s\T1/pplj/m/n/10 . []$\T1/fvm/m/n/10 http : / / treasureislands . 
 []


Overfull \hbox (27.10727pt too wide) in paragraph at lines 14773--14777
\T1/fvm/m/n/10 publication / unitary-[]taxation-[]tax-[]base-[]and-[]the-[]role
-[]of-[]accounting/$[]\T1/pplj/m/n/10 .  
 []

[302]
Overfull \hbox (94.74576pt too wide) in paragraph at lines 14826--14830
\T1/fvm/m/n/10 org . uk / sites / default / files / research-[]update-[]income-
[]inequality-[]and-[]participation . 
 []


Overfull \hbox (81.39465pt too wide) in paragraph at lines 14831--14834
[]$\T1/fvm/m/n/10 https : / / www . equalitytrust . org . uk / trust-[]particip
ation-[]attitudes-[]and-[]happiness$[]\T1/pplj/m/n/10 .  
 []

[303]
Overfull \hbox (41.07541pt too wide) in paragraph at lines 14901--14905
\T1/fvm/m/n/10 ons . gov . uk / peoplepopulationandcommunity / personalandhouse
holdfinances / 
 []


Overfull \hbox (20.60727pt too wide) in paragraph at lines 14901--14905
\T1/fvm/m/n/10 incomeandwealth / bulletins / householddisposableincomeandinequa
lity / 
 []


Overfull \hbox (139.68204pt too wide) in paragraph at lines 14901--14905
\T1/fvm/m/n/10 financialyearending2015 # redistribution-[]of-[]income-[]through
-[]cash-[]benefits-[]and-[]direct-[]taxes$[]\T1/pplj/m/n/10 .  
 []


Overfull \hbox (51.19244pt too wide) in paragraph at lines 14914--14918
[]$\T1/fvm/m/n/10 https : / / evonomics . com / wilkinson-[]pickett-[]income-[]
inequality-[]fix-[]economy/$[]\T1/pplj/m/n/10 .  
 []


Overfull \hbox (113.31317pt too wide) in paragraph at lines 14925--14929
\T1/pplj/m/n/10 classical eco-nomics?'' []$\T1/fvm/m/n/10 https : / / www . ft 
. com / content / e8a23b18-[]3118-[]39a9-[]95cc-[]ef28c0f1e8e6$[]\T1/pplj/m/n/1
0 .  
 []


Package bibentry Warning: You have used \nobibliography* 
(bibentry)                without a following \bibliography.
(bibentry)                You may not be able to run BibTeX.

Package atveryend Info: Empty hook `BeforeClearDocument' on input line 14936.
[304]
Package atveryend Info: Empty hook `AfterLastShipout' on input line 14936.
(./Screwed.aux)
Package atveryend Info: Executing hook `AtVeryEndDocument' on input line 14936.

Package atveryend Info: Executing hook `AtEndAfterFileList' on input line 14936
.
Package rerunfilecheck Info: File `Screwed.out' has not changed.
(rerunfilecheck)             Checksum: B627C8A640F9410D26108908C5B80820;29075.
Package atveryend Info: Empty hook `AtVeryVeryEnd' on input line 14936.
 ) 
Here is how much of TeX's memory you used:
 15892 strings out of 492616
 239340 string characters out of 6129480
 345157 words of memory out of 5000000
 18012 multiletter control sequences out of 15000+600000
 94061 words of font info for 163 fonts, out of 8000000 for 9000
 1141 hyphenation exceptions out of 8191
 45i,12n,59p,518b,524s stack positions out of 5000i,500n,10000p,200000b,80000s
pdfTeX warning (dest): name{_ftn3} has been referenced but does not exist, re
placed by a fixed one

{/usr/local/texlive/2019/texmf-dist/fonts/enc/dvips/base/8r.enc}</usr/local/tex
live/2019/texmf-dist/fonts/type1/public/amsfonts/cm/cmex10.pfb></usr/local/texl
ive/2019/texmf-dist/fonts/type1/public/amsfonts/cm/cmmi10.pfb></usr/local/texli
ve/2019/texmf-dist/fonts/type1/public/amsfonts/cm/cmr10.pfb></usr/local/texlive
/2019/texmf-dist/fonts/type1/public/amsfonts/cm/cmsy10.pfb></usr/local/texlive/
2019/texmf-dist/fonts/type1/public/fpl/fplrc8a.pfb></usr/local/texlive/2019/tex
mf-dist/fonts/type1/public/fpl/fplrij8a.pfb></usr/local/texlive/2019/texmf-dist
/fonts/type1/public/bera/fvmr8a.pfb></usr/local/texlive/2019/texmf-dist/fonts/t
ype1/urw/palatino/uplb8a.pfb></usr/local/texlive/2019/texmf-dist/fonts/type1/ur
w/palatino/uplbi8a.pfb></usr/local/texlive/2019/texmf-dist/fonts/type1/urw/pala
tino/uplr8a.pfb></usr/local/texlive/2019/texmf-dist/fonts/type1/urw/palatino/up
lri8a.pfb>
Output written on Screwed.pdf (304 pages, 5072705 bytes).
PDF statistics:
 4212 PDF objects out of 4296 (max. 8388607)
 3628 compressed objects within 37 object streams
 1408 named destinations out of 1440 (max. 500000)
 2375 words of extra memory for PDF output out of 10000 (max. 10000000)

